执行日期：2017-02-20-10：14：48
【succsss】:
<xml><openid>188***@139.com</openid><time_end>20170220101043</time_end><trade_type>NATIVE</trade_type><cash_fee>1</cash_fee><return_code>SUCCESS</return_code><result_code>SUCCESS</result_code><mch_id>100000036258</mch_id><trade_state>TRADE_SUCCESS</trade_state><nonce_str>a83646bb8e8ffe8706147629b3b3e10b</nonce_str><attach></attach><sign>AC47B33D5786B5F244906F16CD263EDB</sign><total_fee>1</total_fee><transaction_id>1000000362581148755662900000010</transaction_id><out_trade_no>100038</out_trade_no><out_transaction_id>2017022021001004370255149279</out_transaction_id></xml>


执行日期：2017-02-20-10：16：02
【succsss】:
<xml><return_code>SUCCESS</return_code><result_code>SUCCESS</result_code><attach></attach><out_trade_no>100039</out_trade_no><mch_id>100000036258</mch_id><sign>0F3ABB77C215FB4C786B10AAF4887A9B</sign><trade_state>TRADE_SUCCESS</trade_state><total_fee>1</total_fee><time_end>20170220101600</time_end><transaction_id>1000000362581148755691300000011</transaction_id><trade_type>NATIVE</trade_type><cash_fee>1</cash_fee><out_transaction_id>2017022021001004370255159314</out_transaction_id><openid>188***@139.com</openid><nonce_str>5c36a3b06d77cfbe19de40e0ad35ce04</nonce_str></xml>


执行日期：2017-02-20-10：16：07
【succsss】:
<xml><total_fee>1</total_fee><openid>188***@139.com</openid><nonce_str>316087f8174b06ba047b8a2ff54511d3</nonce_str><out_trade_no>100039</out_trade_no><attach></attach><sign>7B834A338253B7C32266CA2659DCCB9B</sign><transaction_id>1000000362581148755691300000011</transaction_id><result_code>SUCCESS</result_code><out_transaction_id>2017022021001004370255159314</out_transaction_id><trade_type>NATIVE</trade_type><time_end>20170220101600</time_end><cash_fee>1</cash_fee><trade_state>TRADE_SUCCESS</trade_state><return_code>SUCCESS</return_code><mch_id>100000036258</mch_id></xml>


执行日期：2017-02-20-10：16：17
【succsss】:
<xml><result_code>SUCCESS</result_code><out_transaction_id>2017022021001004370255159314</out_transaction_id><trade_type>NATIVE</trade_type><sign>FDE0D8A8EDADED37C044115E886AF5A8</sign><cash_fee>1</cash_fee><attach></attach><openid>188***@139.com</openid><time_end>20170220101600</time_end><total_fee>1</total_fee><out_trade_no>100039</out_trade_no><trade_state>TRADE_SUCCESS</trade_state><return_code>SUCCESS</return_code><transaction_id>1000000362581148755691300000011</transaction_id><mch_id>100000036258</mch_id><nonce_str>9b3503204f458595c1b7b1fd172995ef</nonce_str></xml>


执行日期：2017-02-20-10：16：34
【succsss】:
<xml><out_trade_no>100039</out_trade_no><total_fee>1</total_fee><time_end>20170220101600</time_end><result_code>SUCCESS</result_code><nonce_str>721b7fd3ebf1e0a4fbdb7e02abae6748</nonce_str><return_code>SUCCESS</return_code><out_transaction_id>2017022021001004370255159314</out_transaction_id><trade_type>NATIVE</trade_type><attach></attach><openid>188***@139.com</openid><transaction_id>1000000362581148755691300000011</transaction_id><cash_fee>1</cash_fee><trade_state>TRADE_SUCCESS</trade_state><mch_id>100000036258</mch_id><sign>B33F4B84869AA76B3DCB22914800A3FA</sign></xml>


执行日期：2017-02-20-10：17：07
【succsss】:
<xml><attach></attach><sign>C71B801E2A98E747F466B5CDB96B28CB</sign><transaction_id>1000000362581148755691300000011</transaction_id><trade_state>TRADE_SUCCESS</trade_state><mch_id>100000036258</mch_id><cash_fee>1</cash_fee><openid>188***@139.com</openid><return_code>SUCCESS</return_code><out_transaction_id>2017022021001004370255159314</out_transaction_id><total_fee>1</total_fee><time_end>20170220101600</time_end><trade_type>NATIVE</trade_type><nonce_str>2371a010d59ec4af9e29b21a5c113bf6</nonce_str><out_trade_no>100039</out_trade_no><result_code>SUCCESS</result_code></xml>


执行日期：2017-02-20-10：18：30
【succsss】:
<xml><total_fee>1</total_fee><out_trade_no>100040</out_trade_no><attach></attach><sign>6738FAC39528825206D511B92FD33675</sign><time_end>20170220101831</time_end><openid>188***@139.com</openid><result_code>SUCCESS</result_code><out_transaction_id>2017022021001004370255149566</out_transaction_id><trade_type>NATIVE</trade_type><mch_id>100000036258</mch_id><cash_fee>1</cash_fee><transaction_id>1000000362581148755710000000012</transaction_id><return_code>SUCCESS</return_code><trade_state>TRADE_SUCCESS</trade_state><nonce_str>7bec1b7374dd974e3769628d4ad45806</nonce_str></xml>


执行日期：2017-02-20-10：18：34
【succsss】:
<xml><trade_state>TRADE_SUCCESS</trade_state><time_end>20170220101831</time_end><mch_id>100000036258</mch_id><sign>3F0C32A599641ABB538EB0000F3D489D</sign><total_fee>1</total_fee><return_code>SUCCESS</return_code><cash_fee>1</cash_fee><trade_type>NATIVE</trade_type><nonce_str>d214ab87a3d6c63c1733e2698820929d</nonce_str><openid>188***@139.com</openid><out_trade_no>100040</out_trade_no><result_code>SUCCESS</result_code><out_transaction_id>2017022021001004370255149566</out_transaction_id><transaction_id>1000000362581148755710000000012</transaction_id><attach></attach></xml>


执行日期：2017-02-20-10：18：40
【succsss】:
<xml><attach></attach><return_code>SUCCESS</return_code><result_code>SUCCESS</result_code><mch_id>100000036258</mch_id><trade_type>NATIVE</trade_type><cash_fee>1</cash_fee><time_end>20170220101831</time_end><sign>6C47CA03D6804A5936751A7FCCDE217D</sign><transaction_id>1000000362581148755710000000012</transaction_id><out_transaction_id>2017022021001004370255149566</out_transaction_id><nonce_str>81add53cf9a6239a3395e17ab3009e1c</nonce_str><total_fee>1</total_fee><trade_state>TRADE_SUCCESS</trade_state><out_trade_no>100040</out_trade_no><openid>188***@139.com</openid></xml>


执行日期：2017-02-20-10：18：59
【succsss】:
<xml><total_fee>1</total_fee><out_trade_no>100040</out_trade_no><mch_id>100000036258</mch_id><result_code>SUCCESS</result_code><attach></attach><sign>7221B70EE8DD6FBC1745D2B6961203E1</sign><time_end>20170220101831</time_end><return_code>SUCCESS</return_code><cash_fee>1</cash_fee><transaction_id>1000000362581148755710000000012</transaction_id><trade_type>NATIVE</trade_type><openid>188***@139.com</openid><trade_state>TRADE_SUCCESS</trade_state><out_transaction_id>2017022021001004370255149566</out_transaction_id><nonce_str>91fb47a851e49ff6cf127e92dbea0831</nonce_str></xml>


执行日期：2017-02-20-10：19：33
【succsss】:
<xml><openid>188***@139.com</openid><trade_state>TRADE_SUCCESS</trade_state><mch_id>100000036258</mch_id><attach></attach><nonce_str>69361e4de0d44484122c8405cdf37c7d</nonce_str><sign>6F8329FCEC068D932C184D91E6C04AE5</sign><out_trade_no>100040</out_trade_no><time_end>20170220101831</time_end><out_transaction_id>2017022021001004370255149566</out_transaction_id><total_fee>1</total_fee><return_code>SUCCESS</return_code><result_code>SUCCESS</result_code><trade_type>NATIVE</trade_type><cash_fee>1</cash_fee><transaction_id>1000000362581148755710000000012</transaction_id></xml>


执行日期：2017-02-20-10：20：07
【succsss】:
<xml><transaction_id>1000000362581148755691300000011</transaction_id><out_trade_no>100039</out_trade_no><sign>F552CC41F906D0353743EBE867A3268D</sign><total_fee>1</total_fee><trade_state>TRADE_SUCCESS</trade_state><out_transaction_id>2017022021001004370255159314</out_transaction_id><nonce_str>fee7255bc3ba5d581273515fed945512</nonce_str><time_end>20170220101600</time_end><openid>188***@139.com</openid><mch_id>100000036258</mch_id><trade_type>NATIVE</trade_type><cash_fee>1</cash_fee><return_code>SUCCESS</return_code><result_code>SUCCESS</result_code><attach></attach></xml>


执行日期：2017-02-20-10：22：35
【succsss】:
<xml><transaction_id>1000000362581148755710000000012</transaction_id><attach></attach><time_end>20170220101831</time_end><result_code>SUCCESS</result_code><out_transaction_id>2017022021001004370255149566</out_transaction_id><openid>188***@139.com</openid><return_code>SUCCESS</return_code><nonce_str>ff075121be590c1dc40afbada67e323d</nonce_str><sign>8233D8DFC05752993D5CB3487105CD4C</sign><out_trade_no>100040</out_trade_no><total_fee>1</total_fee><trade_type>NATIVE</trade_type><cash_fee>1</cash_fee><trade_state>TRADE_SUCCESS</trade_state><mch_id>100000036258</mch_id></xml>


执行日期：2017-02-20-10：28：14
【succsss】:
<xml><result_code>SUCCESS</result_code><trade_state>TRADE_SUCCESS</trade_state><out_transaction_id>2017022021001004370255152809</out_transaction_id><sign>400EA00432F4361BBD2B440DF7782E74</sign><return_code>SUCCESS</return_code><cash_fee>1</cash_fee><time_end>20170220095408</time_end><nonce_str>496a391da7b126a1865e41f914a3a6f6</nonce_str><total_fee>1</total_fee><transaction_id>1000000362581148755561500000006</transaction_id><out_trade_no>100034</out_trade_no><openid>188***@139.com</openid><mch_id>100000036258</mch_id><trade_type>NATIVE</trade_type><attach></attach></xml>


执行日期：2017-02-20-10：30：26
【succsss】:
<xml><trade_type>NATIVE</trade_type><sign>F5D18FC7B4BD78A8E8EA6F6B4D442281</sign><out_trade_no>100035</out_trade_no><return_code>SUCCESS</return_code><mch_id>100000036258</mch_id><trade_state>TRADE_SUCCESS</trade_state><nonce_str>21b19ec3ceb4dbabdfa491f3458e8a34</nonce_str><result_code>SUCCESS</result_code><openid>188***@139.com</openid><time_end>20170220095619</time_end><out_transaction_id>2017022021001004370255152888</out_transaction_id><attach></attach><transaction_id>1000000362581148755575300000007</transaction_id><cash_fee>1</cash_fee><total_fee>1</total_fee></xml>


执行日期：2017-02-20-10：33：18
【succsss】:
<xml><openid>188***@139.com</openid><trade_state>TRADE_SUCCESS</trade_state><attach></attach><transaction_id>1000000362581148755587000000008</transaction_id><nonce_str>e3094e87a0927de828db847e225e47f8</nonce_str><return_code>SUCCESS</return_code><out_trade_no>100036</out_trade_no><cash_fee>1</cash_fee><result_code>SUCCESS</result_code><out_transaction_id>2017022021001004370255158693</out_transaction_id><mch_id>100000036258</mch_id><time_end>20170220095910</time_end><total_fee>1</total_fee><trade_type>NATIVE</trade_type><sign>32BEE840EEC7F7F0891307425C9BFE21</sign></xml>


执行日期：2017-02-20-10：36：03
【succsss】:
<xml><mch_id>100000036258</mch_id><nonce_str>2a99dd4b72a89d69cfc2705d65ccbf00</nonce_str><return_code>SUCCESS</return_code><total_fee>1</total_fee><trade_state>TRADE_SUCCESS</trade_state><attach></attach><sign>27952E3FCECFA3C6DEB19B9DD5078B4A</sign><result_code>SUCCESS</result_code><cash_fee>1</cash_fee><transaction_id>1000000362581148755812300000013</transaction_id><time_end>20170220103601</time_end><out_transaction_id>2017022021001004370255171312</out_transaction_id><trade_type>NATIVE</trade_type><openid>188***@139.com</openid><out_trade_no>100041</out_trade_no></xml>


执行日期：2017-02-20-10：36：08
【succsss】:
<xml><return_code>SUCCESS</return_code><cash_fee>1</cash_fee><openid>188***@139.com</openid><out_transaction_id>2017022021001004370255171312</out_transaction_id><attach></attach><transaction_id>1000000362581148755812300000013</transaction_id><time_end>20170220103601</time_end><trade_state>TRADE_SUCCESS</trade_state><mch_id>100000036258</mch_id><trade_type>NATIVE</trade_type><nonce_str>e4eb863987501b5b45099272079e66b3</nonce_str><result_code>SUCCESS</result_code><sign>A228C03E6E1867288B6D1872A7A7C68E</sign><total_fee>1</total_fee><out_trade_no>100041</out_trade_no></xml>


执行日期：2017-02-20-10：36：11
【succsss】:
<xml><trade_type>NATIVE</trade_type><return_code>SUCCESS</return_code><time_end>20170220103601</time_end><cash_fee>1</cash_fee><total_fee>1</total_fee><transaction_id>1000000362581148755812300000013</transaction_id><out_trade_no>100041</out_trade_no><trade_state>TRADE_SUCCESS</trade_state><openid>188***@139.com</openid><result_code>SUCCESS</result_code><mch_id>100000036258</mch_id><attach></attach><out_transaction_id>2017022021001004370255171312</out_transaction_id><nonce_str>69f16739b99cefeb479af384bd0eb63f</nonce_str><sign>E2F18A1DE3C465C1DD38631EB2073D41</sign></xml>


执行日期：2017-02-20-10：36：28
【succsss】:
<xml><out_trade_no>100041</out_trade_no><cash_fee>1</cash_fee><mch_id>100000036258</mch_id><transaction_id>1000000362581148755812300000013</transaction_id><openid>188***@139.com</openid><return_code>SUCCESS</return_code><nonce_str>25f51f4ac37ed5aea4daa5d3fe3212db</nonce_str><sign>C044EE50C09F6912ABCDE135B7A7F297</sign><time_end>20170220103601</time_end><total_fee>1</total_fee><trade_state>TRADE_SUCCESS</trade_state><result_code>SUCCESS</result_code><out_transaction_id>2017022021001004370255171312</out_transaction_id><trade_type>NATIVE</trade_type><attach></attach></xml>


执行日期：2017-02-20-10：36：59
【succsss】:
<xml><trade_state>TRADE_SUCCESS</trade_state><out_transaction_id>2017022021001004370255171312</out_transaction_id><sign>76111F37DD0ECC3805AB5FFB4F1B6AD5</sign><transaction_id>1000000362581148755812300000013</transaction_id><time_end>20170220103601</time_end><result_code>SUCCESS</result_code><mch_id>100000036258</mch_id><attach></attach><cash_fee>1</cash_fee><total_fee>1</total_fee><return_code>SUCCESS</return_code><openid>188***@139.com</openid><out_trade_no>100041</out_trade_no><nonce_str>c1f7733eb9dac7f2f1b290d7f4723e19</nonce_str><trade_type>NATIVE</trade_type></xml>


执行日期：2017-02-20-10：37：38
【succsss】:
<xml><result_code>SUCCESS</result_code><time_end>20170220100331</time_end><total_fee>1</total_fee><out_transaction_id>2017022021001004370255153144</out_transaction_id><trade_type>NATIVE</trade_type><nonce_str>3c4b1c5151f389514ae53025408c9937</nonce_str><cash_fee>1</cash_fee><out_trade_no>100037</out_trade_no><sign>125D86217EF3FC589EAFDC7AC7007996</sign><transaction_id>1000000362581148755619700000009</transaction_id><attach></attach><openid>188***@139.com</openid><trade_state>TRADE_SUCCESS</trade_state><return_code>SUCCESS</return_code><mch_id>100000036258</mch_id></xml>


执行日期：2017-02-20-10：39：59
【succsss】:
<xml><trade_state>TRADE_SUCCESS</trade_state><mch_id>100000036258</mch_id><out_trade_no>100041</out_trade_no><cash_fee>1</cash_fee><sign>4D1B87CACC3A396DF5000D6D236D926D</sign><time_end>20170220103601</time_end><trade_type>NATIVE</trade_type><result_code>SUCCESS</result_code><out_transaction_id>2017022021001004370255171312</out_transaction_id><return_code>SUCCESS</return_code><transaction_id>1000000362581148755812300000013</transaction_id><attach></attach><nonce_str>43fc0a53dea0b90b6cdd28c98e2eb8c5</nonce_str><total_fee>1</total_fee><openid>188***@139.com</openid></xml>


执行日期：2017-02-20-10：44：51
【succsss】:
<xml><out_trade_no>100038</out_trade_no><total_fee>1</total_fee><trade_type>NATIVE</trade_type><transaction_id>1000000362581148755662900000010</transaction_id><openid>188***@139.com</openid><cash_fee>1</cash_fee><nonce_str>f9f4c6d8d51ef1dbdb51cb80e3c11077</nonce_str><sign>2190F00FD60543D02E86D5B919C948EC</sign><return_code>SUCCESS</return_code><attach></attach><result_code>SUCCESS</result_code><mch_id>100000036258</mch_id><out_transaction_id>2017022021001004370255149279</out_transaction_id><time_end>20170220101043</time_end><trade_state>TRADE_SUCCESS</trade_state></xml>


执行日期：2017-02-20-10：50：10
【succsss】:
<xml><mch_id>100000036258</mch_id><out_transaction_id>2017022021001004370255159314</out_transaction_id><trade_type>NATIVE</trade_type><total_fee>1</total_fee><trade_state>TRADE_SUCCESS</trade_state><time_end>20170220101600</time_end><return_code>SUCCESS</return_code><attach></attach><sign>7FE067EB6EB36C6353F6800E3C3C3194</sign><out_trade_no>100039</out_trade_no><openid>188***@139.com</openid><cash_fee>1</cash_fee><nonce_str>607bbfe569de6b234087862b5e967ae4</nonce_str><result_code>SUCCESS</result_code><transaction_id>1000000362581148755691300000011</transaction_id></xml>


执行日期：2017-02-20-10：52：37
【succsss】:
<xml><openid>188***@139.com</openid><sign>DFBB69C7EBCB9CAF202739B5D465A2DA</sign><cash_fee>1</cash_fee><return_code>SUCCESS</return_code><out_trade_no>100040</out_trade_no><result_code>SUCCESS</result_code><out_transaction_id>2017022021001004370255149566</out_transaction_id><nonce_str>caabca84668779ef32153989ca273968</nonce_str><time_end>20170220101831</time_end><transaction_id>1000000362581148755710000000012</transaction_id><trade_state>TRADE_SUCCESS</trade_state><total_fee>1</total_fee><mch_id>100000036258</mch_id><trade_type>NATIVE</trade_type><attach></attach></xml>


执行日期：2017-02-20-10：58：17
【succsss】:
<xml><cash_fee>1</cash_fee><trade_type>NATIVE</trade_type><attach></attach><sign>07B66F6A5FE42011950D7675A08931AD</sign><out_trade_no>100034</out_trade_no><return_code>SUCCESS</return_code><transaction_id>1000000362581148755561500000006</transaction_id><openid>188***@139.com</openid><total_fee>1</total_fee><trade_state>TRADE_SUCCESS</trade_state><out_transaction_id>2017022021001004370255152809</out_transaction_id><result_code>SUCCESS</result_code><mch_id>100000036258</mch_id><time_end>20170220095408</time_end><nonce_str>5468a9a3c209dea9ad4577054c20c83b</nonce_str></xml>


执行日期：2017-02-20-11：00：29
【succsss】:
<xml><cash_fee>1</cash_fee><trade_state>TRADE_SUCCESS</trade_state><result_code>SUCCESS</result_code><sign>4243EF2833E0800F09F4567A43929052</sign><transaction_id>1000000362581148755575300000007</transaction_id><out_trade_no>100035</out_trade_no><attach></attach><out_transaction_id>2017022021001004370255152888</out_transaction_id><nonce_str>eb9484079a54d73a8bfc2df835cdc218</nonce_str><return_code>SUCCESS</return_code><time_end>20170220095619</time_end><mch_id>100000036258</mch_id><total_fee>1</total_fee><openid>188***@139.com</openid><trade_type>NATIVE</trade_type></xml>


执行日期：2017-02-20-11：03：25
【succsss】:
<xml><cash_fee>1</cash_fee><transaction_id>1000000362581148755587000000008</transaction_id><out_transaction_id>2017022021001004370255158693</out_transaction_id><time_end>20170220095910</time_end><attach></attach><nonce_str>6dbfaa46ceec07d815fa84847ec1258d</nonce_str><openid>188***@139.com</openid><out_trade_no>100036</out_trade_no><result_code>SUCCESS</result_code><trade_type>NATIVE</trade_type><sign>F10985372DC547A68F14F39D251B8EB2</sign><total_fee>1</total_fee><return_code>SUCCESS</return_code><mch_id>100000036258</mch_id><trade_state>TRADE_SUCCESS</trade_state></xml>


执行日期：2017-02-20-11：07：43
【succsss】:
<xml><openid>188***@139.com</openid><trade_state>TRADE_SUCCESS</trade_state><result_code>SUCCESS</result_code><out_trade_no>100037</out_trade_no><cash_fee>1</cash_fee><out_transaction_id>2017022021001004370255153144</out_transaction_id><trade_type>NATIVE</trade_type><attach></attach><total_fee>1</total_fee><time_end>20170220100331</time_end><sign>2E7CBF09E88C77D9BE316863BC4CCFFC</sign><return_code>SUCCESS</return_code><transaction_id>1000000362581148755619700000009</transaction_id><mch_id>100000036258</mch_id><nonce_str>e27d36ff0cfc7eb757e79d3f9cae567b</nonce_str></xml>


执行日期：2017-02-20-11：10：02
【succsss】:
<xml><trade_state>TRADE_SUCCESS</trade_state><nonce_str>33aa6fdf82be3827e56be75b5572db67</nonce_str><return_code>SUCCESS</return_code><mch_id>100000036258</mch_id><total_fee>1</total_fee><transaction_id>1000000362581148755812300000013</transaction_id><time_end>20170220103601</time_end><out_trade_no>100041</out_trade_no><result_code>SUCCESS</result_code><out_transaction_id>2017022021001004370255171312</out_transaction_id><trade_type>NATIVE</trade_type><attach></attach><sign>221812F2BBC55F347A48DE0B98C48843</sign><cash_fee>1</cash_fee><openid>188***@139.com</openid></xml>


执行日期：2017-02-20-11：14：56
【succsss】:
<xml><cash_fee>1</cash_fee><total_fee>1</total_fee><result_code>SUCCESS</result_code><trade_state>TRADE_SUCCESS</trade_state><time_end>20170220101043</time_end><openid>188***@139.com</openid><mch_id>100000036258</mch_id><nonce_str>b41d939a563d68a575da67238d10577c</nonce_str><transaction_id>1000000362581148755662900000010</transaction_id><trade_type>NATIVE</trade_type><sign>BC5F363F9F4D33F7AB65AB1EBDE08A46</sign><return_code>SUCCESS</return_code><out_trade_no>100038</out_trade_no><out_transaction_id>2017022021001004370255149279</out_transaction_id><attach></attach></xml>


执行日期：2017-02-20-11：20：12
【succsss】:
<xml><time_end>20170220101600</time_end><trade_state>TRADE_SUCCESS</trade_state><attach></attach><nonce_str>4f0f5e07a4b6be93285becf3b3b066d2</nonce_str><mch_id>100000036258</mch_id><out_transaction_id>2017022021001004370255159314</out_transaction_id><trade_type>NATIVE</trade_type><sign>1F2DC88AF47728CEE710B0984A36B3E8</sign><result_code>SUCCESS</result_code><out_trade_no>100039</out_trade_no><openid>188***@139.com</openid><transaction_id>1000000362581148755691300000011</transaction_id><total_fee>1</total_fee><cash_fee>1</cash_fee><return_code>SUCCESS</return_code></xml>


执行日期：2017-02-20-11：22：39
【succsss】:
<xml><out_transaction_id>2017022021001004370255149566</out_transaction_id><out_trade_no>100040</out_trade_no><trade_state>TRADE_SUCCESS</trade_state><mch_id>100000036258</mch_id><total_fee>1</total_fee><openid>188***@139.com</openid><transaction_id>1000000362581148755710000000012</transaction_id><time_end>20170220101831</time_end><return_code>SUCCESS</return_code><trade_type>NATIVE</trade_type><nonce_str>693f184dae40ce4761c3d0982234c517</nonce_str><sign>4CE540DFEDDD954F93DE502259696D04</sign><cash_fee>1</cash_fee><result_code>SUCCESS</result_code><attach></attach></xml>


执行日期：2017-02-20-11：28：19
【succsss】:
<xml><openid>188***@139.com</openid><out_transaction_id>2017022021001004370255152809</out_transaction_id><mch_id>100000036258</mch_id><attach></attach><return_code>SUCCESS</return_code><transaction_id>1000000362581148755561500000006</transaction_id><result_code>SUCCESS</result_code><out_trade_no>100034</out_trade_no><time_end>20170220095408</time_end><trade_type>NATIVE</trade_type><nonce_str>f8b65e2a65ec845100952ad584468339</nonce_str><sign>09B0E0896D91DDA2D69D92D942C572CA</sign><total_fee>1</total_fee><trade_state>TRADE_SUCCESS</trade_state><cash_fee>1</cash_fee></xml>


执行日期：2017-02-20-11：30：31
【succsss】:
<xml><openid>188***@139.com</openid><result_code>SUCCESS</result_code><transaction_id>1000000362581148755575300000007</transaction_id><time_end>20170220095619</time_end><out_transaction_id>2017022021001004370255152888</out_transaction_id><return_code>SUCCESS</return_code><trade_type>NATIVE</trade_type><nonce_str>f6086b634181aa0117c9d78c560434c9</nonce_str><total_fee>1</total_fee><out_trade_no>100035</out_trade_no><trade_state>TRADE_SUCCESS</trade_state><mch_id>100000036258</mch_id><attach></attach><sign>4F778646A5FC0676FA1913F3E1B51C40</sign><cash_fee>1</cash_fee></xml>


执行日期：2017-02-20-11：33：26
【succsss】:
<xml><out_trade_no>100036</out_trade_no><attach></attach><result_code>SUCCESS</result_code><transaction_id>1000000362581148755587000000008</transaction_id><trade_type>NATIVE</trade_type><sign>DD0E1034F2DE804D7FC735793BEAD0B5</sign><total_fee>1</total_fee><time_end>20170220095910</time_end><openid>188***@139.com</openid><return_code>SUCCESS</return_code><nonce_str>7059c47036fa46cef864bd32764cc11b</nonce_str><trade_state>TRADE_SUCCESS</trade_state><mch_id>100000036258</mch_id><cash_fee>1</cash_fee><out_transaction_id>2017022021001004370255158693</out_transaction_id></xml>


执行日期：2017-02-20-11：37：43
【succsss】:
<xml><out_trade_no>100037</out_trade_no><return_code>SUCCESS</return_code><total_fee>1</total_fee><nonce_str>e06865502afab62254e283d04cb09b64</nonce_str><openid>188***@139.com</openid><cash_fee>1</cash_fee><attach></attach><time_end>20170220100331</time_end><out_transaction_id>2017022021001004370255153144</out_transaction_id><result_code>SUCCESS</result_code><mch_id>100000036258</mch_id><trade_type>NATIVE</trade_type><sign>FCAA3A7104198E138EBCFC57DF867089</sign><transaction_id>1000000362581148755619700000009</transaction_id><trade_state>TRADE_SUCCESS</trade_state></xml>


执行日期：2017-02-20-11：40：05
【succsss】:
<xml><openid>188***@139.com</openid><total_fee>1</total_fee><mch_id>100000036258</mch_id><sign>EF9B2F2E114512B155DB62C003557179</sign><out_transaction_id>2017022021001004370255171312</out_transaction_id><trade_type>NATIVE</trade_type><nonce_str>18d69766215997b35b9a4a18740bef74</nonce_str><attach></attach><trade_state>TRADE_SUCCESS</trade_state><out_trade_no>100041</out_trade_no><transaction_id>1000000362581148755812300000013</transaction_id><result_code>SUCCESS</result_code><cash_fee>1</cash_fee><return_code>SUCCESS</return_code><time_end>20170220103601</time_end></xml>


执行日期：2017-02-20-11：45：00
【succsss】:
<xml><openid>188***@139.com</openid><total_fee>1</total_fee><out_transaction_id>2017022021001004370255149279</out_transaction_id><return_code>SUCCESS</return_code><transaction_id>1000000362581148755662900000010</transaction_id><out_trade_no>100038</out_trade_no><result_code>SUCCESS</result_code><trade_type>NATIVE</trade_type><mch_id>100000036258</mch_id><trade_state>TRADE_SUCCESS</trade_state><cash_fee>1</cash_fee><time_end>20170220101043</time_end><attach></attach><nonce_str>90d7e7ddffd3f0401cdf67e3efb864ba</nonce_str><sign>DF8A89B21FCB1A42D6CFE52663DBCD41</sign></xml>


执行日期：2017-02-20-11：50：15
【succsss】:
<xml><out_transaction_id>2017022021001004370255159314</out_transaction_id><cash_fee>1</cash_fee><mch_id>100000036258</mch_id><trade_type>NATIVE</trade_type><transaction_id>1000000362581148755691300000011</transaction_id><total_fee>1</total_fee><trade_state>TRADE_SUCCESS</trade_state><attach></attach><openid>188***@139.com</openid><out_trade_no>100039</out_trade_no><result_code>SUCCESS</result_code><nonce_str>d6d26a6d5ced49f69768965db9cbbd58</nonce_str><sign>F3A340FE527B903939F2E7C1C9E0DC51</sign><time_end>20170220101600</time_end><return_code>SUCCESS</return_code></xml>


执行日期：2017-02-20-11：52：42
【succsss】:
<xml><mch_id>100000036258</mch_id><out_transaction_id>2017022021001004370255149566</out_transaction_id><trade_type>NATIVE</trade_type><time_end>20170220101831</time_end><cash_fee>1</cash_fee><out_trade_no>100040</out_trade_no><transaction_id>1000000362581148755710000000012</transaction_id><openid>188***@139.com</openid><attach></attach><sign>956148E797A6C1024F154DA0EABFB231</sign><result_code>SUCCESS</result_code><trade_state>TRADE_SUCCESS</trade_state><nonce_str>e2401545497eb7551215f7bc24b16bba</nonce_str><total_fee>1</total_fee><return_code>SUCCESS</return_code></xml>


执行日期：2017-02-20-12：10：08
【succsss】:
<xml><total_fee>1</total_fee><transaction_id>1000000362581148755812300000013</transaction_id><return_code>SUCCESS</return_code><trade_type>NATIVE</trade_type><attach></attach><trade_state>TRADE_SUCCESS</trade_state><mch_id>100000036258</mch_id><out_transaction_id>2017022021001004370255171312</out_transaction_id><openid>188***@139.com</openid><cash_fee>1</cash_fee><out_trade_no>100041</out_trade_no><result_code>SUCCESS</result_code><time_end>20170220103601</time_end><nonce_str>d455692ed893bc27a94a07ce30441bac</nonce_str><sign>0B2369EC597CEB94027A2E0305759A9A</sign></xml>


执行日期：2017-02-20-13：26：18
【succsss】:
<xml><cash_fee>4</cash_fee><out_trade_no>100043</out_trade_no><time_end>20170220132618</time_end><result_code>SUCCESS</result_code><out_transaction_id>2017022021001004810292182690</out_transaction_id><attach></attach><sign>0F75B1767F765C7B67A47419DC48D9D1</sign><transaction_id>1000000362581148756827200000056</transaction_id><return_code>SUCCESS</return_code><mch_id>100000036258</mch_id><trade_type>NATIVE</trade_type><trade_state>TRADE_SUCCESS</trade_state><openid>139****8811</openid><total_fee>4</total_fee><nonce_str>c0d1653fa0eaa17301f410003b3cbaad</nonce_str></xml>


执行日期：2017-02-20-13：26：24
【succsss】:
<xml><return_code>SUCCESS</return_code><mch_id>100000036258</mch_id><total_fee>4</total_fee><time_end>20170220132618</time_end><nonce_str>6a21cea823810ab1ac1e0a2bcc4f3352</nonce_str><transaction_id>1000000362581148756827200000056</transaction_id><result_code>SUCCESS</result_code><trade_type>NATIVE</trade_type><attach></attach><sign>CC95E58B3550AC4D5E9A5776737921AA</sign><openid>139****8811</openid><cash_fee>4</cash_fee><out_trade_no>100043</out_trade_no><out_transaction_id>2017022021001004810292182690</out_transaction_id><trade_state>TRADE_SUCCESS</trade_state></xml>


执行日期：2017-02-20-13：26：29
【succsss】:
<xml><trade_state>TRADE_SUCCESS</trade_state><cash_fee>4</cash_fee><result_code>SUCCESS</result_code><nonce_str>be8b79e9d42ef8893831b88af4a2a79f</nonce_str><sign>1451C6123436218579703098A2154026</sign><openid>139****8811</openid><out_trade_no>100043</out_trade_no><return_code>SUCCESS</return_code><total_fee>4</total_fee><transaction_id>1000000362581148756827200000056</transaction_id><out_transaction_id>2017022021001004810292182690</out_transaction_id><trade_type>NATIVE</trade_type><time_end>20170220132618</time_end><mch_id>100000036258</mch_id><attach></attach></xml>


执行日期：2017-02-20-13：26：48
【succsss】:
<xml><attach></attach><cash_fee>4</cash_fee><out_transaction_id>2017022021001004810292182690</out_transaction_id><sign>AF636C8F890D060C9F3A2E1633038BE5</sign><trade_type>NATIVE</trade_type><trade_state>TRADE_SUCCESS</trade_state><openid>139****8811</openid><time_end>20170220132618</time_end><return_code>SUCCESS</return_code><result_code>SUCCESS</result_code><mch_id>100000036258</mch_id><nonce_str>e44b350d5c3c19fe352d7cea131ab4a3</nonce_str><transaction_id>1000000362581148756827200000056</transaction_id><out_trade_no>100043</out_trade_no><total_fee>4</total_fee></xml>


执行日期：2017-02-20-13：27：21
【succsss】:
<xml><transaction_id>1000000362581148756827200000056</transaction_id><out_trade_no>100043</out_trade_no><trade_type>NATIVE</trade_type><return_code>SUCCESS</return_code><trade_state>TRADE_SUCCESS</trade_state><mch_id>100000036258</mch_id><attach></attach><openid>139****8811</openid><result_code>SUCCESS</result_code><sign>857ADAB608DEAB91943BDF9B26461F5C</sign><total_fee>4</total_fee><cash_fee>4</cash_fee><time_end>20170220132618</time_end><out_transaction_id>2017022021001004810292182690</out_transaction_id><nonce_str>e4b5dfbb3c40c7cd7c144f965c443528</nonce_str></xml>


执行日期：2017-02-20-13：30：24
【succsss】:
<xml><mch_id>100000036258</mch_id><trade_type>NATIVE</trade_type><result_code>SUCCESS</result_code><total_fee>4</total_fee><cash_fee>4</cash_fee><openid>139****8811</openid><transaction_id>1000000362581148756827200000056</transaction_id><out_transaction_id>2017022021001004810292182690</out_transaction_id><attach></attach><nonce_str>776d5b7d1c0361e46120d2b3e9fe9775</nonce_str><trade_state>TRADE_SUCCESS</trade_state><time_end>20170220132618</time_end><sign>6D758C4EF729795A95D143236222E410</sign><return_code>SUCCESS</return_code><out_trade_no>100043</out_trade_no></xml>


执行日期：2017-02-20-14：00：27
【succsss】:
<xml><result_code>SUCCESS</result_code><mch_id>100000036258</mch_id><out_transaction_id>2017022021001004810292182690</out_transaction_id><sign>503541DD636AB923D2401BEC9DE87FFD</sign><trade_type>NATIVE</trade_type><time_end>20170220132618</time_end><total_fee>4</total_fee><out_trade_no>100043</out_trade_no><nonce_str>b69f12184df9e38fa870886eac5b4a2d</nonce_str><cash_fee>4</cash_fee><openid>139****8811</openid><transaction_id>1000000362581148756827200000056</transaction_id><return_code>SUCCESS</return_code><attach></attach><trade_state>TRADE_SUCCESS</trade_state></xml>


执行日期：2017-02-20-14：30：29
【succsss】:
<xml><result_code>SUCCESS</result_code><attach></attach><sign>51C212C0D00BB9DF50B94A9BDE52107A</sign><trade_state>TRADE_SUCCESS</trade_state><transaction_id>1000000362581148756827200000056</transaction_id><cash_fee>4</cash_fee><out_transaction_id>2017022021001004810292182690</out_transaction_id><trade_type>NATIVE</trade_type><nonce_str>e3caca7905785f667417ce8a96f51c26</nonce_str><mch_id>100000036258</mch_id><time_end>20170220132618</time_end><return_code>SUCCESS</return_code><total_fee>4</total_fee><openid>139****8811</openid><out_trade_no>100043</out_trade_no></xml>


执行日期：2017-02-20-15：55：57
【succsss】:
<xml><return_code>SUCCESS</return_code><trade_state>SUCCESS</trade_state><sign>9C8BF946CFAD58404D2788472C5A1B5D</sign><time_end>20170220155557</time_end><mch_id>100000036258</mch_id><out_trade_no>100046</out_trade_no><is_subscribe>N</is_subscribe><total_fee>1</total_fee><cash_fee>1</cash_fee><nonce_str>f352d7bd1e6c3e8a98546d37b448b2d4</nonce_str><bank_type>CFT</bank_type><transaction_id>1000000362581148757712700000078</transaction_id><result_code>SUCCESS</result_code><fee_type>CNY</fee_type><openid>odbfdwQ1o8g49WKBONw4MX2Hq_4E</openid><trade_type>NATIVE</trade_type></xml>


执行日期：2017-02-20-15：56：01
【succsss】:
<xml><cash_fee>1</cash_fee><trade_state>SUCCESS</trade_state><time_end>20170220155557</time_end><is_subscribe>N</is_subscribe><result_code>SUCCESS</result_code><nonce_str>f352d7bd1e6c3e8a98546d37b448b2d4</nonce_str><trade_type>NATIVE</trade_type><out_trade_no>100046</out_trade_no><openid>odbfdwQ1o8g49WKBONw4MX2Hq_4E</openid><mch_id>100000036258</mch_id><sign>9C8BF946CFAD58404D2788472C5A1B5D</sign><return_code>SUCCESS</return_code><transaction_id>1000000362581148757712700000078</transaction_id><fee_type>CNY</fee_type><bank_type>CFT</bank_type><total_fee>1</total_fee></xml>


执行日期：2017-02-20-15：56：06
【succsss】:
<xml><fee_type>CNY</fee_type><transaction_id>1000000362581148757712700000078</transaction_id><nonce_str>f352d7bd1e6c3e8a98546d37b448b2d4</nonce_str><result_code>SUCCESS</result_code><cash_fee>1</cash_fee><openid>odbfdwQ1o8g49WKBONw4MX2Hq_4E</openid><bank_type>CFT</bank_type><is_subscribe>N</is_subscribe><out_trade_no>100046</out_trade_no><mch_id>100000036258</mch_id><total_fee>1</total_fee><time_end>20170220155557</time_end><trade_type>NATIVE</trade_type><sign>9C8BF946CFAD58404D2788472C5A1B5D</sign><return_code>SUCCESS</return_code><trade_state>SUCCESS</trade_state></xml>


执行日期：2017-02-20-15：56：24
【succsss】:
<xml><mch_id>100000036258</mch_id><nonce_str>f352d7bd1e6c3e8a98546d37b448b2d4</nonce_str><return_code>SUCCESS</return_code><fee_type>CNY</fee_type><bank_type>CFT</bank_type><total_fee>1</total_fee><cash_fee>1</cash_fee><is_subscribe>N</is_subscribe><result_code>SUCCESS</result_code><trade_type>NATIVE</trade_type><sign>9C8BF946CFAD58404D2788472C5A1B5D</sign><out_trade_no>100046</out_trade_no><transaction_id>1000000362581148757712700000078</transaction_id><time_end>20170220155557</time_end><openid>odbfdwQ1o8g49WKBONw4MX2Hq_4E</openid><trade_state>SUCCESS</trade_state></xml>


执行日期：2017-02-20-15：56：57
【succsss】:
<xml><fee_type>CNY</fee_type><cash_fee>1</cash_fee><mch_id>100000036258</mch_id><out_trade_no>100046</out_trade_no><openid>odbfdwQ1o8g49WKBONw4MX2Hq_4E</openid><bank_type>CFT</bank_type><nonce_str>f352d7bd1e6c3e8a98546d37b448b2d4</nonce_str><sign>9C8BF946CFAD58404D2788472C5A1B5D</sign><is_subscribe>N</is_subscribe><time_end>20170220155557</time_end><trade_state>SUCCESS</trade_state><transaction_id>1000000362581148757712700000078</transaction_id><result_code>SUCCESS</result_code><total_fee>1</total_fee><return_code>SUCCESS</return_code><trade_type>NATIVE</trade_type></xml>


执行日期：2017-02-20-15：59：58
【succsss】:
<xml><is_subscribe>N</is_subscribe><openid>odbfdwQ1o8g49WKBONw4MX2Hq_4E</openid><result_code>SUCCESS</result_code><total_fee>1</total_fee><nonce_str>f352d7bd1e6c3e8a98546d37b448b2d4</nonce_str><trade_type>NATIVE</trade_type><trade_state>SUCCESS</trade_state><return_code>SUCCESS</return_code><bank_type>CFT</bank_type><fee_type>CNY</fee_type><out_trade_no>100046</out_trade_no><time_end>20170220155557</time_end><mch_id>100000036258</mch_id><cash_fee>1</cash_fee><sign>9C8BF946CFAD58404D2788472C5A1B5D</sign><transaction_id>1000000362581148757712700000078</transaction_id></xml>


执行日期：2017-02-20-16：30：03
【succsss】:
<xml><bank_type>CFT</bank_type><nonce_str>f352d7bd1e6c3e8a98546d37b448b2d4</nonce_str><transaction_id>1000000362581148757712700000078</transaction_id><sign>9C8BF946CFAD58404D2788472C5A1B5D</sign><fee_type>CNY</fee_type><mch_id>100000036258</mch_id><return_code>SUCCESS</return_code><trade_state>SUCCESS</trade_state><is_subscribe>N</is_subscribe><openid>odbfdwQ1o8g49WKBONw4MX2Hq_4E</openid><cash_fee>1</cash_fee><trade_type>NATIVE</trade_type><out_trade_no>100046</out_trade_no><time_end>20170220155557</time_end><result_code>SUCCESS</result_code><total_fee>1</total_fee></xml>


执行日期：2017-02-20-17：00：06
【succsss】:
<xml><time_end>20170220155557</time_end><total_fee>1</total_fee><cash_fee>1</cash_fee><transaction_id>1000000362581148757712700000078</transaction_id><trade_type>NATIVE</trade_type><nonce_str>f352d7bd1e6c3e8a98546d37b448b2d4</nonce_str><out_trade_no>100046</out_trade_no><fee_type>CNY</fee_type><is_subscribe>N</is_subscribe><trade_state>SUCCESS</trade_state><return_code>SUCCESS</return_code><mch_id>100000036258</mch_id><bank_type>CFT</bank_type><openid>odbfdwQ1o8g49WKBONw4MX2Hq_4E</openid><sign>9C8BF946CFAD58404D2788472C5A1B5D</sign><result_code>SUCCESS</result_code></xml>


执行日期：2017-02-20-17：30：08
【succsss】:
<xml><openid>odbfdwQ1o8g49WKBONw4MX2Hq_4E</openid><result_code>SUCCESS</result_code><trade_state>SUCCESS</trade_state><time_end>20170220155557</time_end><return_code>SUCCESS</return_code><trade_type>NATIVE</trade_type><is_subscribe>N</is_subscribe><cash_fee>1</cash_fee><bank_type>CFT</bank_type><transaction_id>1000000362581148757712700000078</transaction_id><out_trade_no>100046</out_trade_no><total_fee>1</total_fee><sign>9C8BF946CFAD58404D2788472C5A1B5D</sign><nonce_str>f352d7bd1e6c3e8a98546d37b448b2d4</nonce_str><mch_id>100000036258</mch_id><fee_type>CNY</fee_type></xml>


执行日期：2017-02-21-15：59：59
【succsss】:
<xml><out_trade_no>100071</out_trade_no><cash_fee>1</cash_fee><result_code>SUCCESS</result_code><attach></attach><time_end>20170221155959</time_end><trade_state>TRADE_SUCCESS</trade_state><mch_id>100000036258</mch_id><out_transaction_id>2017022121001004520218249513</out_transaction_id><sign>3C872FDCE54367AD4992942E4EE1CA1F</sign><total_fee>1</total_fee><transaction_id>1000000362581148766397500000009</transaction_id><trade_type>NATIVE</trade_type><return_code>SUCCESS</return_code><openid>152****8866</openid><nonce_str>6950d75aabf28eccd5559742e6d02437</nonce_str></xml>


执行日期：2017-02-21-16：00：05
【succsss】:
<xml><result_code>SUCCESS</result_code><sign>E4D1B50E0A703C7B2447661D509F66ED</sign><trade_state>TRADE_SUCCESS</trade_state><return_code>SUCCESS</return_code><total_fee>1</total_fee><mch_id>100000036258</mch_id><openid>152****8866</openid><trade_type>NATIVE</trade_type><out_transaction_id>2017022121001004520218249513</out_transaction_id><attach></attach><nonce_str>1e5dfa2f97e67add7acaaa245a902c6e</nonce_str><cash_fee>1</cash_fee><out_trade_no>100071</out_trade_no><time_end>20170221155959</time_end><transaction_id>1000000362581148766397500000009</transaction_id></xml>


执行日期：2017-02-21-16：00：12
【succsss】:
<xml><cash_fee>1</cash_fee><out_transaction_id>2017022121001004520218249513</out_transaction_id><attach></attach><nonce_str>b17db86b3858837380f24ef40d6df0c0</nonce_str><return_code>SUCCESS</return_code><transaction_id>1000000362581148766397500000009</transaction_id><trade_state>TRADE_SUCCESS</trade_state><openid>152****8866</openid><mch_id>100000036258</mch_id><out_trade_no>100071</out_trade_no><result_code>SUCCESS</result_code><total_fee>1</total_fee><trade_type>NATIVE</trade_type><sign>87F187EE71A6F8F49C3A0C886FD82844</sign><time_end>20170221155959</time_end></xml>


执行日期：2017-02-21-16：00：30
【succsss】:
<xml><trade_state>TRADE_SUCCESS</trade_state><mch_id>100000036258</mch_id><nonce_str>31ac60229b4e7fb8cce35f8e8ca59308</nonce_str><total_fee>1</total_fee><result_code>SUCCESS</result_code><trade_type>NATIVE</trade_type><out_transaction_id>2017022121001004520218249513</out_transaction_id><transaction_id>1000000362581148766397500000009</transaction_id><out_trade_no>100071</out_trade_no><cash_fee>1</cash_fee><openid>152****8866</openid><time_end>20170221155959</time_end><return_code>SUCCESS</return_code><attach></attach><sign>A22DF2CAE525AB5EDBE197EF8C8E0F9D</sign></xml>


执行日期：2017-02-21-16：01：03
【succsss】:
<xml><time_end>20170221155959</time_end><transaction_id>1000000362581148766397500000009</transaction_id><mch_id>100000036258</mch_id><total_fee>1</total_fee><trade_type>NATIVE</trade_type><openid>152****8866</openid><cash_fee>1</cash_fee><result_code>SUCCESS</result_code><attach></attach><out_trade_no>100071</out_trade_no><trade_state>TRADE_SUCCESS</trade_state><out_transaction_id>2017022121001004520218249513</out_transaction_id><nonce_str>6244a4b732ef7d748fdc31f1e7f159bc</nonce_str><sign>19C53D2D973643659E583CD9C674D080</sign><return_code>SUCCESS</return_code></xml>


执行日期：2017-02-21-16：04：05
【succsss】:
<xml><result_code>SUCCESS</result_code><transaction_id>1000000362581148766397500000009</transaction_id><out_trade_no>100071</out_trade_no><mch_id>100000036258</mch_id><nonce_str>f8e1ac85af7d0d470c7203b5ea31632d</nonce_str><return_code>SUCCESS</return_code><time_end>20170221155959</time_end><cash_fee>1</cash_fee><out_transaction_id>2017022121001004520218249513</out_transaction_id><openid>152****8866</openid><trade_state>TRADE_SUCCESS</trade_state><trade_type>NATIVE</trade_type><sign>6202222B00F971AE4DBC8CA2460185EF</sign><total_fee>1</total_fee><attach></attach></xml>


执行日期：2017-02-21-16：34：08
【succsss】:
<xml><total_fee>1</total_fee><mch_id>100000036258</mch_id><nonce_str>b9161bd1bf5671e3406236ee4f62822f</nonce_str><out_trade_no>100071</out_trade_no><return_code>SUCCESS</return_code><result_code>SUCCESS</result_code><openid>152****8866</openid><transaction_id>1000000362581148766397500000009</transaction_id><out_transaction_id>2017022121001004520218249513</out_transaction_id><sign>65562DDF14C80B47BBAC84657D49ADF0</sign><trade_state>TRADE_SUCCESS</trade_state><cash_fee>1</cash_fee><time_end>20170221155959</time_end><trade_type>NATIVE</trade_type><attach></attach></xml>


执行日期：2017-02-21-17：04：10
【succsss】:
<xml><total_fee>1</total_fee><mch_id>100000036258</mch_id><trade_type>NATIVE</trade_type><nonce_str>24c6d492d4a115145c7a6bc5cb9ad570</nonce_str><out_trade_no>100071</out_trade_no><trade_state>TRADE_SUCCESS</trade_state><result_code>SUCCESS</result_code><transaction_id>1000000362581148766397500000009</transaction_id><sign>74207ED2683568396A3CA45759A7CD28</sign><openid>152****8866</openid><return_code>SUCCESS</return_code><time_end>20170221155959</time_end><cash_fee>1</cash_fee><attach></attach><out_transaction_id>2017022121001004520218249513</out_transaction_id></xml>


执行日期：2017-02-21-17：34：12
【succsss】:
<xml><time_end>20170221155959</time_end><transaction_id>1000000362581148766397500000009</transaction_id><nonce_str>e446cc686fa34dbe20316ae07ec50e0c</nonce_str><out_transaction_id>2017022121001004520218249513</out_transaction_id><sign>CE51EE61C4C3E0EE61A35100E1CE69DD</sign><openid>152****8866</openid><out_trade_no>100071</out_trade_no><result_code>SUCCESS</result_code><mch_id>100000036258</mch_id><attach></attach><trade_state>TRADE_SUCCESS</trade_state><cash_fee>1</cash_fee><return_code>SUCCESS</return_code><total_fee>1</total_fee><trade_type>NATIVE</trade_type></xml>


执行日期：2017-02-21-22：29：37
【succsss】:
<xml><out_trade_no>100072</out_trade_no><return_code>SUCCESS</return_code><cash_fee>1</cash_fee><openid>188***@139.com</openid><total_fee>1</total_fee><trade_state>TRADE_SUCCESS</trade_state><transaction_id>1000000362581148768647500000010</transaction_id><mch_id>100000036258</mch_id><trade_type>NATIVE</trade_type><attach></attach><sign>526E7FFE8C0926130C74A22A784B058F</sign><result_code>SUCCESS</result_code><time_end>20170221222937</time_end><out_transaction_id>2017022121001004370257619075</out_transaction_id><nonce_str>ba59277a3a832010a77de51d600a8eb1</nonce_str></xml>


执行日期：2017-02-21-22：29：41
【succsss】:
<xml><trade_state>TRADE_SUCCESS</trade_state><time_end>20170221222937</time_end><result_code>SUCCESS</result_code><mch_id>100000036258</mch_id><trade_type>NATIVE</trade_type><openid>188***@139.com</openid><return_code>SUCCESS</return_code><out_transaction_id>2017022121001004370257619075</out_transaction_id><sign>27B9E3C102FA5D0A4E050DF670196F0B</sign><cash_fee>1</cash_fee><attach></attach><nonce_str>f27f2f1ccb0535dfadf4d977d31e6fe8</nonce_str><transaction_id>1000000362581148768647500000010</transaction_id><total_fee>1</total_fee><out_trade_no>100072</out_trade_no></xml>


执行日期：2017-02-21-22：29：47
【succsss】:
<xml><mch_id>100000036258</mch_id><nonce_str>78a978192b04fb87d0eff597e8114ce9</nonce_str><return_code>SUCCESS</return_code><time_end>20170221222937</time_end><cash_fee>1</cash_fee><total_fee>1</total_fee><trade_state>TRADE_SUCCESS</trade_state><attach></attach><sign>AFE12DF6364008C7867139A32A262E19</sign><transaction_id>1000000362581148768647500000010</transaction_id><out_trade_no>100072</out_trade_no><result_code>SUCCESS</result_code><openid>188***@139.com</openid><out_transaction_id>2017022121001004370257619075</out_transaction_id><trade_type>NATIVE</trade_type></xml>


执行日期：2017-02-21-22：30：05
【succsss】:
<xml><mch_id>100000036258</mch_id><trade_type>NATIVE</trade_type><sign>0C10046B60C73B7BC47E22ABA99A853E</sign><result_code>SUCCESS</result_code><total_fee>1</total_fee><nonce_str>425311b15208766a3bfb55909e99ac1e</nonce_str><transaction_id>1000000362581148768647500000010</transaction_id><return_code>SUCCESS</return_code><out_transaction_id>2017022121001004370257619075</out_transaction_id><time_end>20170221222937</time_end><cash_fee>1</cash_fee><openid>188***@139.com</openid><trade_state>TRADE_SUCCESS</trade_state><out_trade_no>100072</out_trade_no><attach></attach></xml>


执行日期：2017-02-21-22：30：38
【succsss】:
<xml><openid>188***@139.com</openid><result_code>SUCCESS</result_code><nonce_str>ae22d0d550b706f4d2fcf4eff07f9a56</nonce_str><total_fee>1</total_fee><cash_fee>1</cash_fee><out_trade_no>100072</out_trade_no><mch_id>100000036258</mch_id><out_transaction_id>2017022121001004370257619075</out_transaction_id><trade_type>NATIVE</trade_type><return_code>SUCCESS</return_code><time_end>20170221222937</time_end><sign>7FB2F42A31C74DDD46E1D5B376D9EF1D</sign><attach></attach><trade_state>TRADE_SUCCESS</trade_state><transaction_id>1000000362581148768647500000010</transaction_id></xml>


执行日期：2017-02-21-22：31：40
【succsss】:
<xml><out_transaction_id>2017022121001004370257603837</out_transaction_id><transaction_id>1000000362581148768748900000011</transaction_id><total_fee>1</total_fee><mch_id>100000036258</mch_id><openid>188***@139.com</openid><trade_type>NATIVE</trade_type><nonce_str>94bfa0f67d40aeb5551c81726d08f08d</nonce_str><attach></attach><return_code>SUCCESS</return_code><time_end>20170221223141</time_end><cash_fee>1</cash_fee><sign>9C87B605CAC82975462EA31AEF7A3299</sign><out_trade_no>100073</out_trade_no><trade_state>TRADE_SUCCESS</trade_state><result_code>SUCCESS</result_code></xml>


执行日期：2017-02-21-22：31：44
【succsss】:
<xml><cash_fee>1</cash_fee><time_end>20170221223141</time_end><total_fee>1</total_fee><return_code>SUCCESS</return_code><result_code>SUCCESS</result_code><mch_id>100000036258</mch_id><attach></attach><openid>188***@139.com</openid><trade_state>TRADE_SUCCESS</trade_state><transaction_id>1000000362581148768748900000011</transaction_id><sign>85ABD55FA6405AC817CCCC85DB1A6CB6</sign><out_transaction_id>2017022121001004370257603837</out_transaction_id><trade_type>NATIVE</trade_type><nonce_str>3b91296d6d63bccf9afd08f1b0c0763a</nonce_str><out_trade_no>100073</out_trade_no></xml>


执行日期：2017-02-21-22：31：50
【succsss】:
<xml><nonce_str>0782533ac7e8e21370335caf8b40ddcd</nonce_str><openid>188***@139.com</openid><time_end>20170221223141</time_end><total_fee>1</total_fee><transaction_id>1000000362581148768748900000011</transaction_id><mch_id>100000036258</mch_id><out_transaction_id>2017022121001004370257603837</out_transaction_id><attach></attach><trade_state>TRADE_SUCCESS</trade_state><out_trade_no>100073</out_trade_no><trade_type>NATIVE</trade_type><result_code>SUCCESS</result_code><sign>BF52D4226D8F105F744A654FBE225672</sign><return_code>SUCCESS</return_code><cash_fee>1</cash_fee></xml>


执行日期：2017-02-21-22：32：08
【succsss】:
<xml><transaction_id>1000000362581148768748900000011</transaction_id><mch_id>100000036258</mch_id><trade_type>NATIVE</trade_type><time_end>20170221223141</time_end><result_code>SUCCESS</result_code><out_trade_no>100073</out_trade_no><total_fee>1</total_fee><trade_state>TRADE_SUCCESS</trade_state><sign>376D32EE9DB3F9F99C171A07E3276A08</sign><nonce_str>c31240dd59e1ac03a449ae297a963e02</nonce_str><cash_fee>1</cash_fee><openid>188***@139.com</openid><return_code>SUCCESS</return_code><out_transaction_id>2017022121001004370257603837</out_transaction_id><attach></attach></xml>


执行日期：2017-02-21-22：32：41
【succsss】:
<xml><out_transaction_id>2017022121001004370257603837</out_transaction_id><attach></attach><result_code>SUCCESS</result_code><out_trade_no>100073</out_trade_no><trade_type>NATIVE</trade_type><total_fee>1</total_fee><cash_fee>1</cash_fee><transaction_id>1000000362581148768748900000011</transaction_id><return_code>SUCCESS</return_code><sign>5CAC07A1D92C2C915DCCF98003CAB753</sign><openid>188***@139.com</openid><mch_id>100000036258</mch_id><time_end>20170221223141</time_end><trade_state>TRADE_SUCCESS</trade_state><nonce_str>840982d2dd4eadffae3746bc0e213a63</nonce_str></xml>


执行日期：2017-02-21-22：33：38
【succsss】:
<xml><time_end>20170221222937</time_end><trade_state>TRADE_SUCCESS</trade_state><return_code>SUCCESS</return_code><nonce_str>63171c6aca60281be9fbfd0f8ac6e2af</nonce_str><sign>610C761EFB0155BCB49EEDF77A166FBC</sign><cash_fee>1</cash_fee><result_code>SUCCESS</result_code><attach></attach><transaction_id>1000000362581148768647500000010</transaction_id><total_fee>1</total_fee><openid>188***@139.com</openid><mch_id>100000036258</mch_id><out_transaction_id>2017022121001004370257619075</out_transaction_id><out_trade_no>100072</out_trade_no><trade_type>NATIVE</trade_type></xml>


执行日期：2017-02-21-22：34：38
【succsss】:
<xml><mch_id>100000036258</mch_id><trade_type>NATIVE</trade_type><nonce_str>0bad772396f4590d27fe52bf80e15309</nonce_str><result_code>SUCCESS</result_code><total_fee>1</total_fee><out_transaction_id>2017022121001004370257613908</out_transaction_id><out_trade_no>100074</out_trade_no><cash_fee>1</cash_fee><trade_state>TRADE_SUCCESS</trade_state><time_end>20170221223438</time_end><return_code>SUCCESS</return_code><openid>188***@139.com</openid><attach></attach><sign>E15B956AFD6D2D0E5A5EE32EF86F7A13</sign><transaction_id>1000000362581148768766700000012</transaction_id></xml>


执行日期：2017-02-21-22：34：41
【succsss】:
<xml><trade_state>TRADE_SUCCESS</trade_state><out_trade_no>100074</out_trade_no><nonce_str>48d2b3aa53f4d3d17ec81df188cbb65d</nonce_str><time_end>20170221223438</time_end><cash_fee>1</cash_fee><out_transaction_id>2017022121001004370257613908</out_transaction_id><trade_type>NATIVE</trade_type><return_code>SUCCESS</return_code><openid>188***@139.com</openid><result_code>SUCCESS</result_code><mch_id>100000036258</mch_id><sign>0887508CBCD0501D2DB669B9903E4A9B</sign><transaction_id>1000000362581148768766700000012</transaction_id><attach></attach><total_fee>1</total_fee></xml>


执行日期：2017-02-21-22：34：47
【succsss】:
<xml><return_code>SUCCESS</return_code><mch_id>100000036258</mch_id><cash_fee>1</cash_fee><out_transaction_id>2017022121001004370257613908</out_transaction_id><trade_type>NATIVE</trade_type><attach></attach><openid>188***@139.com</openid><result_code>SUCCESS</result_code><nonce_str>369a16982c3298490cf3520803bd15c4</nonce_str><time_end>20170221223438</time_end><transaction_id>1000000362581148768766700000012</transaction_id><total_fee>1</total_fee><trade_state>TRADE_SUCCESS</trade_state><out_trade_no>100074</out_trade_no><sign>98D609A92FA986D2DCFFAA1717535390</sign></xml>


执行日期：2017-02-21-22：35：05
【succsss】:
<xml><time_end>20170221223438</time_end><out_trade_no>100074</out_trade_no><total_fee>1</total_fee><cash_fee>1</cash_fee><return_code>SUCCESS</return_code><trade_type>NATIVE</trade_type><attach></attach><openid>188***@139.com</openid><transaction_id>1000000362581148768766700000012</transaction_id><result_code>SUCCESS</result_code><mch_id>100000036258</mch_id><out_transaction_id>2017022121001004370257613908</out_transaction_id><nonce_str>c1b989c7b53270f0b498a3a351ece1b6</nonce_str><sign>5599F0331C4D459CC769A90B54439625</sign><trade_state>TRADE_SUCCESS</trade_state></xml>


执行日期：2017-02-21-22：35：38
【succsss】:
<xml><time_end>20170221223438</time_end><total_fee>1</total_fee><trade_type>NATIVE</trade_type><trade_state>TRADE_SUCCESS</trade_state><out_transaction_id>2017022121001004370257613908</out_transaction_id><attach></attach><cash_fee>1</cash_fee><result_code>SUCCESS</result_code><mch_id>100000036258</mch_id><sign>E099D69AEBACAB0E0B8ACC49F70CF034</sign><openid>188***@139.com</openid><return_code>SUCCESS</return_code><out_trade_no>100074</out_trade_no><transaction_id>1000000362581148768766700000012</transaction_id><nonce_str>ed359639c3ab53525c6c06d8d683bdbb</nonce_str></xml>


执行日期：2017-02-21-22：35：44
【succsss】:
<xml><transaction_id>1000000362581148768748900000011</transaction_id><attach></attach><out_trade_no>100073</out_trade_no><result_code>SUCCESS</result_code><out_transaction_id>2017022121001004370257603837</out_transaction_id><total_fee>1</total_fee><trade_state>TRADE_SUCCESS</trade_state><return_code>SUCCESS</return_code><mch_id>100000036258</mch_id><time_end>20170221223141</time_end><sign>735A31E7777D16A9B7EBDF4485EFDF77</sign><cash_fee>1</cash_fee><openid>188***@139.com</openid><trade_type>NATIVE</trade_type><nonce_str>7d6165e4a186eac895551e63ccb1ceeb</nonce_str></xml>


执行日期：2017-02-21-22：38：39
【succsss】:
<xml><result_code>SUCCESS</result_code><nonce_str>310275da9b1829fc4f58902ad6b3b9bf</nonce_str><time_end>20170221223438</time_end><openid>188***@139.com</openid><trade_type>NATIVE</trade_type><sign>4F62CE2C36F20AA80A2E5ECC8A190BA7</sign><transaction_id>1000000362581148768766700000012</transaction_id><out_trade_no>100074</out_trade_no><return_code>SUCCESS</return_code><mch_id>100000036258</mch_id><total_fee>1</total_fee><trade_state>TRADE_SUCCESS</trade_state><out_transaction_id>2017022121001004370257613908</out_transaction_id><cash_fee>1</cash_fee><attach></attach></xml>


执行日期：2017-02-21-22：48：47
【succsss】:
<xml><return_code>SUCCESS</return_code><mch_id>100000036258</mch_id><total_fee>1</total_fee><result_code>SUCCESS</result_code><sign>5C99F1710C3F5A4AFBC4C82DB49A2F79</sign><out_trade_no>100075</out_trade_no><transaction_id>1000000362581148768850600000013</transaction_id><openid>188***@139.com</openid><out_transaction_id>2017022121001004370257614233</out_transaction_id><trade_type>NATIVE</trade_type><attach></attach><time_end>20170221224848</time_end><trade_state>TRADE_SUCCESS</trade_state><nonce_str>3cffb4a281fda3dab700a9edec653218</nonce_str><cash_fee>1</cash_fee></xml>


执行日期：2017-02-21-22：48：51
【succsss】:
<xml><total_fee>1</total_fee><mch_id>100000036258</mch_id><trade_state>TRADE_SUCCESS</trade_state><trade_type>NATIVE</trade_type><return_code>SUCCESS</return_code><transaction_id>1000000362581148768850600000013</transaction_id><out_trade_no>100075</out_trade_no><result_code>SUCCESS</result_code><time_end>20170221224848</time_end><out_transaction_id>2017022121001004370257614233</out_transaction_id><attach></attach><nonce_str>3a1b063dc9bed32076a43be1c227dcd0</nonce_str><openid>188***@139.com</openid><cash_fee>1</cash_fee><sign>D1507F01652EFDFBBCE54E1A1DA4C7DB</sign></xml>


执行日期：2017-02-21-22：48：57
【succsss】:
<xml><attach></attach><transaction_id>1000000362581148768850600000013</transaction_id><trade_state>TRADE_SUCCESS</trade_state><mch_id>100000036258</mch_id><out_transaction_id>2017022121001004370257614233</out_transaction_id><trade_type>NATIVE</trade_type><return_code>SUCCESS</return_code><cash_fee>1</cash_fee><openid>188***@139.com</openid><out_trade_no>100075</out_trade_no><nonce_str>52c8a9ed8f4bad5c6ae12b42b70ddf08</nonce_str><sign>C02F76374B4A4EB5217B7B707FB9C1CB</sign><time_end>20170221224848</time_end><total_fee>1</total_fee><result_code>SUCCESS</result_code></xml>


执行日期：2017-02-21-22：49：13
【succsss】:
<xml><attach></attach><result_code>SUCCESS</result_code><total_fee>1</total_fee><trade_type>NATIVE</trade_type><out_transaction_id>2017022121001004370257614233</out_transaction_id><time_end>20170221224848</time_end><openid>188***@139.com</openid><return_code>SUCCESS</return_code><cash_fee>1</cash_fee><mch_id>100000036258</mch_id><nonce_str>aa643523d8f9bcba9d589cffef270361</nonce_str><sign>AC619729983EA784C325BDAFCF47C281</sign><transaction_id>1000000362581148768850600000013</transaction_id><trade_state>TRADE_SUCCESS</trade_state><out_trade_no>100075</out_trade_no></xml>


执行日期：2017-02-21-22：49：46
【succsss】:
<xml><openid>188***@139.com</openid><trade_state>TRADE_SUCCESS</trade_state><cash_fee>1</cash_fee><return_code>SUCCESS</return_code><mch_id>100000036258</mch_id><trade_type>NATIVE</trade_type><nonce_str>5a27da443d982d2120cdf292f851dfa5</nonce_str><out_trade_no>100075</out_trade_no><time_end>20170221224848</time_end><transaction_id>1000000362581148768850600000013</transaction_id><result_code>SUCCESS</result_code><out_transaction_id>2017022121001004370257614233</out_transaction_id><sign>6B2B8C718E35631D741A401E5FDFFD1F</sign><total_fee>1</total_fee><attach></attach></xml>


执行日期：2017-02-21-22：52：47
【succsss】:
<xml><out_trade_no>100076</out_trade_no><trade_state>TRADE_SUCCESS</trade_state><transaction_id>1000000362581148768875800000014</transaction_id><openid>188***@139.com</openid><attach></attach><sign>506BF00A6AEA8DB2842B93B5C095E564</sign><time_end>20170221225248</time_end><cash_fee>1</cash_fee><mch_id>100000036258</mch_id><trade_type>NATIVE</trade_type><nonce_str>ab0c52c2adf14f58b52f4dfcaeb70347</nonce_str><return_code>SUCCESS</return_code><result_code>SUCCESS</result_code><total_fee>1</total_fee><out_transaction_id>2017022121001004370257614326</out_transaction_id></xml>


执行日期：2017-02-21-22：52：49
【succsss】:
<xml><trade_state>TRADE_SUCCESS</trade_state><attach></attach><out_trade_no>100075</out_trade_no><time_end>20170221224848</time_end><cash_fee>1</cash_fee><return_code>SUCCESS</return_code><total_fee>1</total_fee><result_code>SUCCESS</result_code><mch_id>100000036258</mch_id><out_transaction_id>2017022121001004370257614233</out_transaction_id><nonce_str>ca37a0d294bd322c59615d2528b0aaf2</nonce_str><transaction_id>1000000362581148768850600000013</transaction_id><openid>188***@139.com</openid><trade_type>NATIVE</trade_type><sign>AF2C19B978A0D53676BD499CF8387FED</sign></xml>


执行日期：2017-02-21-22：52：51
【succsss】:
<xml><out_trade_no>100076</out_trade_no><sign>7504B1C1ECE4770988512E08AC355E34</sign><return_code>SUCCESS</return_code><openid>188***@139.com</openid><trade_state>TRADE_SUCCESS</trade_state><result_code>SUCCESS</result_code><mch_id>100000036258</mch_id><trade_type>NATIVE</trade_type><nonce_str>74b10319e755cbe4a8527f817ed4974f</nonce_str><cash_fee>1</cash_fee><time_end>20170221225248</time_end><total_fee>1</total_fee><transaction_id>1000000362581148768875800000014</transaction_id><out_transaction_id>2017022121001004370257614326</out_transaction_id><attach></attach></xml>


执行日期：2017-02-21-22：52：58
【succsss】:
<xml><result_code>SUCCESS</result_code><out_trade_no>100076</out_trade_no><cash_fee>1</cash_fee><return_code>SUCCESS</return_code><sign>DD38DBE47E50243E95EEFBF57808DDA1</sign><trade_state>TRADE_SUCCESS</trade_state><openid>188***@139.com</openid><transaction_id>1000000362581148768875800000014</transaction_id><trade_type>NATIVE</trade_type><attach></attach><time_end>20170221225248</time_end><mch_id>100000036258</mch_id><nonce_str>5da775ed5689764c9bdb73b82859063b</nonce_str><total_fee>1</total_fee><out_transaction_id>2017022121001004370257614326</out_transaction_id></xml>


执行日期：2017-02-21-22：53：16
【succsss】:
<xml><return_code>SUCCESS</return_code><sign>7E15EE2BD1293053A7CD2AFA2421BC29</sign><openid>188***@139.com</openid><trade_type>NATIVE</trade_type><total_fee>1</total_fee><result_code>SUCCESS</result_code><out_transaction_id>2017022121001004370257614326</out_transaction_id><attach></attach><time_end>20170221225248</time_end><trade_state>TRADE_SUCCESS</trade_state><transaction_id>1000000362581148768875800000014</transaction_id><mch_id>100000036258</mch_id><nonce_str>35b240cced91e6befdc4c6e60a511420</nonce_str><cash_fee>1</cash_fee><out_trade_no>100076</out_trade_no></xml>


执行日期：2017-02-21-22：53：51
【succsss】:
<xml><transaction_id>1000000362581148768875800000014</transaction_id><cash_fee>1</cash_fee><result_code>SUCCESS</result_code><attach></attach><mch_id>100000036258</mch_id><time_end>20170221225248</time_end><total_fee>1</total_fee><openid>188***@139.com</openid><trade_state>TRADE_SUCCESS</trade_state><trade_type>NATIVE</trade_type><nonce_str>59230dc372336bc90d7e31a19afd7b3d</nonce_str><sign>6F5234CD3373CDF40B91D3D8A73F5737</sign><return_code>SUCCESS</return_code><out_trade_no>100076</out_trade_no><out_transaction_id>2017022121001004370257614326</out_transaction_id></xml>


执行日期：2017-02-21-22：55：50
【succsss】:
<xml><return_code>SUCCESS</return_code><time_end>20170221225550</time_end><result_code>SUCCESS</result_code><trade_type>NATIVE</trade_type><out_trade_no>100077</out_trade_no><transaction_id>1000000362581148768893800000015</transaction_id><out_transaction_id>2017022121001004370257619673</out_transaction_id><attach></attach><sign>E3F269BC580B2A1C8B3649E01C73EB51</sign><nonce_str>c28ccb7728182467160f74e2c93561db</nonce_str><total_fee>1</total_fee><trade_state>TRADE_SUCCESS</trade_state><mch_id>100000036258</mch_id><openid>188***@139.com</openid><cash_fee>1</cash_fee></xml>


执行日期：2017-02-21-22：55：55
【succsss】:
<xml><cash_fee>1</cash_fee><out_trade_no>100077</out_trade_no><nonce_str>ed757d6ec213d5abad72afe33924525c</nonce_str><time_end>20170221225550</time_end><result_code>SUCCESS</result_code><mch_id>100000036258</mch_id><trade_type>NATIVE</trade_type><return_code>SUCCESS</return_code><transaction_id>1000000362581148768893800000015</transaction_id><attach></attach><total_fee>1</total_fee><trade_state>TRADE_SUCCESS</trade_state><openid>188***@139.com</openid><out_transaction_id>2017022121001004370257619673</out_transaction_id><sign>DE76A179B774A94DDBA7791232A84F02</sign></xml>


执行日期：2017-02-21-22：56：01
【succsss】:
<xml><openid>188***@139.com</openid><result_code>SUCCESS</result_code><cash_fee>1</cash_fee><out_transaction_id>2017022121001004370257619673</out_transaction_id><nonce_str>d3b6eb523c78bda824fef125d5a2e35e</nonce_str><return_code>SUCCESS</return_code><trade_state>TRADE_SUCCESS</trade_state><mch_id>100000036258</mch_id><trade_type>NATIVE</trade_type><attach></attach><time_end>20170221225550</time_end><out_trade_no>100077</out_trade_no><total_fee>1</total_fee><transaction_id>1000000362581148768893800000015</transaction_id><sign>E3E9C7678B123D9FA6FDA3DB41099B64</sign></xml>


执行日期：2017-02-21-22：56：19
【succsss】:
<xml><return_code>SUCCESS</return_code><time_end>20170221225550</time_end><cash_fee>1</cash_fee><openid>188***@139.com</openid><attach></attach><mch_id>100000036258</mch_id><transaction_id>1000000362581148768893800000015</transaction_id><trade_state>TRADE_SUCCESS</trade_state><nonce_str>9c1ed266bc269bc2eab7562b751b4267</nonce_str><total_fee>1</total_fee><result_code>SUCCESS</result_code><trade_type>NATIVE</trade_type><sign>74294224A46951D3E0489D4DFB49FF66</sign><out_trade_no>100077</out_trade_no><out_transaction_id>2017022121001004370257619673</out_transaction_id></xml>


执行日期：2017-02-21-22：56：52
【succsss】:
<xml><cash_fee>1</cash_fee><time_end>20170221225248</time_end><total_fee>1</total_fee><nonce_str>b22c11b7cffb1c7a02fc1716da2f2586</nonce_str><trade_state>TRADE_SUCCESS</trade_state><out_trade_no>100076</out_trade_no><openid>188***@139.com</openid><sign>3FD7D4A5582D1C39A488DFE09E30F241</sign><result_code>SUCCESS</result_code><transaction_id>1000000362581148768875800000014</transaction_id><mch_id>100000036258</mch_id><trade_type>NATIVE</trade_type><return_code>SUCCESS</return_code><out_transaction_id>2017022121001004370257614326</out_transaction_id><attach></attach></xml>


执行日期：2017-02-21-22：56：52
【succsss】:
<xml><time_end>20170221225550</time_end><trade_state>TRADE_SUCCESS</trade_state><return_code>SUCCESS</return_code><trade_type>NATIVE</trade_type><openid>188***@139.com</openid><total_fee>1</total_fee><out_transaction_id>2017022121001004370257619673</out_transaction_id><nonce_str>1ca59e49fc3c2a953b776ae4ffe62e34</nonce_str><out_trade_no>100077</out_trade_no><mch_id>100000036258</mch_id><cash_fee>1</cash_fee><sign>FA08EF777D641FC1399A0E901D9FFD34</sign><attach></attach><result_code>SUCCESS</result_code><transaction_id>1000000362581148768893800000015</transaction_id></xml>


执行日期：2017-02-21-22：59：52
【succsss】:
<xml><cash_fee>1</cash_fee><result_code>SUCCESS</result_code><nonce_str>5de0e9a103cfad9d6d493a07c3be7f9c</nonce_str><out_trade_no>100077</out_trade_no><openid>188***@139.com</openid><attach></attach><transaction_id>1000000362581148768893800000015</transaction_id><out_transaction_id>2017022121001004370257619673</out_transaction_id><trade_type>NATIVE</trade_type><total_fee>1</total_fee><trade_state>TRADE_SUCCESS</trade_state><time_end>20170221225550</time_end><return_code>SUCCESS</return_code><mch_id>100000036258</mch_id><sign>1A78BAE9E7DD0FF89EC0E34836885B9F</sign></xml>


执行日期：2017-02-21-23：03：41
【succsss】:
<xml><nonce_str>d3a7cca9c8a44883214c28fac527f581</nonce_str><sign>D7EF8796DA708219B90ACBD8F4D97813</sign><cash_fee>1</cash_fee><time_end>20170221222937</time_end><attach></attach><openid>188***@139.com</openid><trade_state>TRADE_SUCCESS</trade_state><out_transaction_id>2017022121001004370257619075</out_transaction_id><transaction_id>1000000362581148768647500000010</transaction_id><trade_type>NATIVE</trade_type><out_trade_no>100072</out_trade_no><result_code>SUCCESS</result_code><mch_id>100000036258</mch_id><total_fee>1</total_fee><return_code>SUCCESS</return_code></xml>


执行日期：2017-02-21-23：05：47
【succsss】:
<xml><openid>188***@139.com</openid><mch_id>100000036258</mch_id><out_transaction_id>2017022121001004370257603837</out_transaction_id><trade_type>NATIVE</trade_type><cash_fee>1</cash_fee><transaction_id>1000000362581148768748900000011</transaction_id><out_trade_no>100073</out_trade_no><return_code>SUCCESS</return_code><attach></attach><trade_state>TRADE_SUCCESS</trade_state><time_end>20170221223141</time_end><result_code>SUCCESS</result_code><nonce_str>821fc275fbfc896398b3283d505fdaaf</nonce_str><total_fee>1</total_fee><sign>770D42B82D96665C17B94A8505467777</sign></xml>


执行日期：2017-02-21-23：08：41
【succsss】:
<xml><total_fee>1</total_fee><mch_id>100000036258</mch_id><openid>188***@139.com</openid><transaction_id>1000000362581148768766700000012</transaction_id><return_code>SUCCESS</return_code><trade_state>TRADE_SUCCESS</trade_state><nonce_str>7581ede8a78d1ee4db1e2f5be2878a63</nonce_str><sign>AC5D4693B4EB877B00998289A147042E</sign><result_code>SUCCESS</result_code><trade_type>NATIVE</trade_type><attach></attach><out_trade_no>100074</out_trade_no><cash_fee>1</cash_fee><out_transaction_id>2017022121001004370257613908</out_transaction_id><time_end>20170221223438</time_end></xml>


执行日期：2017-02-21-23：17：20
【succsss】:
<xml><return_code>SUCCESS</return_code><transaction_id>1000000362581148769020200000018</transaction_id><nonce_str>99baf089377338b9b52db1d7d047e5fa</nonce_str><result_code>SUCCESS</result_code><out_transaction_id>2017022121001004810294380423</out_transaction_id><trade_type>NATIVE</trade_type><trade_state>TRADE_SUCCESS</trade_state><out_trade_no>100080</out_trade_no><cash_fee>1</cash_fee><openid>139****8811</openid><mch_id>100000036258</mch_id><time_end>20170221231721</time_end><total_fee>1</total_fee><attach></attach><sign>F4E96199B9B0549E317E6F49F284D438</sign></xml>


执行日期：2017-02-21-23：17：24
【succsss】:
<xml><cash_fee>1</cash_fee><total_fee>1</total_fee><out_trade_no>100080</out_trade_no><time_end>20170221231721</time_end><trade_type>NATIVE</trade_type><attach></attach><nonce_str>3137b1e16ca0b673bc4c830b8d46db26</nonce_str><trade_state>TRADE_SUCCESS</trade_state><result_code>SUCCESS</result_code><openid>139****8811</openid><return_code>SUCCESS</return_code><mch_id>100000036258</mch_id><out_transaction_id>2017022121001004810294380423</out_transaction_id><sign>BC9EC4CD9B5F8E44E8B0622A22C300EC</sign><transaction_id>1000000362581148769020200000018</transaction_id></xml>


执行日期：2017-02-21-23：17：30
【succsss】:
<xml><trade_state>TRADE_SUCCESS</trade_state><return_code>SUCCESS</return_code><attach></attach><sign>C61B91572B0C1B707EED65F71B1EF3D8</sign><cash_fee>1</cash_fee><out_transaction_id>2017022121001004810294380423</out_transaction_id><out_trade_no>100080</out_trade_no><time_end>20170221231721</time_end><trade_type>NATIVE</trade_type><total_fee>1</total_fee><mch_id>100000036258</mch_id><nonce_str>dcd58377b941a529d39639ca8b7ca530</nonce_str><result_code>SUCCESS</result_code><transaction_id>1000000362581148769020200000018</transaction_id><openid>139****8811</openid></xml>


执行日期：2017-02-21-23：17：48
【succsss】:
<xml><attach></attach><openid>139****8811</openid><out_transaction_id>2017022121001004810294380423</out_transaction_id><cash_fee>1</cash_fee><trade_type>NATIVE</trade_type><out_trade_no>100080</out_trade_no><return_code>SUCCESS</return_code><mch_id>100000036258</mch_id><nonce_str>b07637913ca7b02bd5357d58b1c602ee</nonce_str><transaction_id>1000000362581148769020200000018</transaction_id><time_end>20170221231721</time_end><sign>48A3F7CEA3796F7E9B9D695B4AAC6A6F</sign><total_fee>1</total_fee><trade_state>TRADE_SUCCESS</trade_state><result_code>SUCCESS</result_code></xml>


执行日期：2017-02-21-23：18：21
【succsss】:
<xml><time_end>20170221231721</time_end><total_fee>1</total_fee><result_code>SUCCESS</result_code><nonce_str>9ee176da08f7d175b26784145ea9d1a5</nonce_str><out_transaction_id>2017022121001004810294380423</out_transaction_id><cash_fee>1</cash_fee><trade_state>TRADE_SUCCESS</trade_state><sign>FEFE5222D233780C87A8AF89F5A07F7A</sign><openid>139****8811</openid><return_code>SUCCESS</return_code><out_trade_no>100080</out_trade_no><mch_id>100000036258</mch_id><transaction_id>1000000362581148769020200000018</transaction_id><trade_type>NATIVE</trade_type><attach></attach></xml>


执行日期：2017-02-21-23：21：24
【succsss】:
<xml><out_trade_no>100080</out_trade_no><total_fee>1</total_fee><mch_id>100000036258</mch_id><trade_type>NATIVE</trade_type><attach></attach><cash_fee>1</cash_fee><transaction_id>1000000362581148769020200000018</transaction_id><sign>D957263B66B9C34183A99982B72373DE</sign><return_code>SUCCESS</return_code><result_code>SUCCESS</result_code><nonce_str>6253a0dc48d1cedd0f01bf242630200b</nonce_str><openid>139****8811</openid><trade_state>TRADE_SUCCESS</trade_state><time_end>20170221231721</time_end><out_transaction_id>2017022121001004810294380423</out_transaction_id></xml>


执行日期：2017-02-21-23：22：51
【succsss】:
<xml><return_code>SUCCESS</return_code><trade_state>TRADE_SUCCESS</trade_state><openid>188***@139.com</openid><sign>FF48855640F1570FFA40A3F09CE7C519</sign><result_code>SUCCESS</result_code><mch_id>100000036258</mch_id><trade_type>NATIVE</trade_type><attach></attach><nonce_str>e92eecfb865ac1c7477853145b05b7ab</nonce_str><total_fee>1</total_fee><time_end>20170221224848</time_end><cash_fee>1</cash_fee><out_transaction_id>2017022121001004370257614233</out_transaction_id><out_trade_no>100075</out_trade_no><transaction_id>1000000362581148768850600000013</transaction_id></xml>


执行日期：2017-02-21-23：26：55
【succsss】:
<xml><total_fee>1</total_fee><trade_state>TRADE_SUCCESS</trade_state><attach></attach><sign>1C1AE66CF4B4E661A243411C5ED13728</sign><return_code>SUCCESS</return_code><cash_fee>1</cash_fee><mch_id>100000036258</mch_id><trade_type>NATIVE</trade_type><time_end>20170221225248</time_end><out_trade_no>100076</out_trade_no><result_code>SUCCESS</result_code><nonce_str>231e1a169f8c68ff56e6a76369b01e78</nonce_str><transaction_id>1000000362581148768875800000014</transaction_id><openid>188***@139.com</openid><out_transaction_id>2017022121001004370257614326</out_transaction_id></xml>


执行日期：2017-02-21-23：29：55
【succsss】:
<xml><time_end>20170221225550</time_end><return_code>SUCCESS</return_code><total_fee>1</total_fee><trade_state>TRADE_SUCCESS</trade_state><result_code>SUCCESS</result_code><attach></attach><out_trade_no>100077</out_trade_no><transaction_id>1000000362581148768893800000015</transaction_id><mch_id>100000036258</mch_id><out_transaction_id>2017022121001004370257619673</out_transaction_id><sign>6B765E3BA3B100168F5174EE5FFD1108</sign><openid>188***@139.com</openid><cash_fee>1</cash_fee><trade_type>NATIVE</trade_type><nonce_str>752e802fd65ce97d505683c671dd74cc</nonce_str></xml>


执行日期：2017-02-21-23：33：43
【succsss】:
<xml><trade_state>TRADE_SUCCESS</trade_state><nonce_str>1489760a867e21ed3baf9c3807033076</nonce_str><sign>181C2CDE765E3F8407AEA909D2A0ABEF</sign><attach></attach><out_trade_no>100072</out_trade_no><time_end>20170221222937</time_end><openid>188***@139.com</openid><result_code>SUCCESS</result_code><out_transaction_id>2017022121001004370257619075</out_transaction_id><trade_type>NATIVE</trade_type><cash_fee>1</cash_fee><return_code>SUCCESS</return_code><total_fee>1</total_fee><transaction_id>1000000362581148768647500000010</transaction_id><mch_id>100000036258</mch_id></xml>


执行日期：2017-02-21-23：35：49
【succsss】:
<xml><total_fee>1</total_fee><return_code>SUCCESS</return_code><mch_id>100000036258</mch_id><transaction_id>1000000362581148768748900000011</transaction_id><trade_state>TRADE_SUCCESS</trade_state><trade_type>NATIVE</trade_type><cash_fee>1</cash_fee><result_code>SUCCESS</result_code><out_transaction_id>2017022121001004370257603837</out_transaction_id><attach></attach><nonce_str>290b22519e4993ab8642d0ba675f21d0</nonce_str><sign>CA5B6B7266E1084776314A9C00E6366A</sign><openid>188***@139.com</openid><out_trade_no>100073</out_trade_no><time_end>20170221223141</time_end></xml>


执行日期：2017-02-21-23：38：44
【succsss】:
<xml><out_transaction_id>2017022121001004370257613908</out_transaction_id><attach></attach><nonce_str>85318254364211c6cd412edd88079302</nonce_str><out_trade_no>100074</out_trade_no><transaction_id>1000000362581148768766700000012</transaction_id><trade_type>NATIVE</trade_type><sign>69E79D6B818600359AC0CC299BAA1682</sign><cash_fee>1</cash_fee><return_code>SUCCESS</return_code><time_end>20170221223438</time_end><total_fee>1</total_fee><trade_state>TRADE_SUCCESS</trade_state><mch_id>100000036258</mch_id><openid>188***@139.com</openid><result_code>SUCCESS</result_code></xml>


执行日期：2017-02-21-23：51：27
【succsss】:
<xml><return_code>SUCCESS</return_code><trade_state>TRADE_SUCCESS</trade_state><out_trade_no>100080</out_trade_no><openid>139****8811</openid><result_code>SUCCESS</result_code><trade_type>NATIVE</trade_type><time_end>20170221231721</time_end><total_fee>1</total_fee><sign>F7A1070E3AEAC61315741CB3E303E542</sign><transaction_id>1000000362581148769020200000018</transaction_id><cash_fee>1</cash_fee><mch_id>100000036258</mch_id><out_transaction_id>2017022121001004810294380423</out_transaction_id><attach></attach><nonce_str>032be37801bc918b19ac494e372ed299</nonce_str></xml>


执行日期：2017-02-21-23：52：54
【succsss】:
<xml><time_end>20170221224848</time_end><nonce_str>3f10640902bce2ed08e4a18b036e636f</nonce_str><sign>E0F52D2A21F3D1105FCEF0F76A3D049C</sign><result_code>SUCCESS</result_code><trade_type>NATIVE</trade_type><out_trade_no>100075</out_trade_no><transaction_id>1000000362581148768850600000013</transaction_id><cash_fee>1</cash_fee><total_fee>1</total_fee><out_transaction_id>2017022121001004370257614233</out_transaction_id><trade_state>TRADE_SUCCESS</trade_state><openid>188***@139.com</openid><return_code>SUCCESS</return_code><mch_id>100000036258</mch_id><attach></attach></xml>


执行日期：2017-02-21-23：56：57
【succsss】:
<xml><out_trade_no>100076</out_trade_no><time_end>20170221225248</time_end><openid>188***@139.com</openid><transaction_id>1000000362581148768875800000014</transaction_id><result_code>SUCCESS</result_code><mch_id>100000036258</mch_id><out_transaction_id>2017022121001004370257614326</out_transaction_id><sign>1D61060733F488D030036E9C1946DDF2</sign><attach></attach><nonce_str>5456e1fe79089f96ddd71c1d18c42aed</nonce_str><return_code>SUCCESS</return_code><trade_state>TRADE_SUCCESS</trade_state><trade_type>NATIVE</trade_type><total_fee>1</total_fee><cash_fee>1</cash_fee></xml>


执行日期：2017-02-21-23：59：57
【succsss】:
<xml><cash_fee>1</cash_fee><attach></attach><result_code>SUCCESS</result_code><transaction_id>1000000362581148768893800000015</transaction_id><openid>188***@139.com</openid><total_fee>1</total_fee><trade_state>TRADE_SUCCESS</trade_state><return_code>SUCCESS</return_code><out_transaction_id>2017022121001004370257619673</out_transaction_id><trade_type>NATIVE</trade_type><nonce_str>21be64a5233b64462e9ba6bff97973c7</nonce_str><sign>B323616FDC056710E0E0C2CBD5BB2229</sign><mch_id>100000036258</mch_id><time_end>20170221225550</time_end><out_trade_no>100077</out_trade_no></xml>


执行日期：2017-02-22-00：03：46
【succsss】:
<xml><total_fee>1</total_fee><cash_fee>1</cash_fee><result_code>SUCCESS</result_code><trade_type>NATIVE</trade_type><transaction_id>1000000362581148768647500000010</transaction_id><trade_state>TRADE_SUCCESS</trade_state><return_code>SUCCESS</return_code><out_transaction_id>2017022121001004370257619075</out_transaction_id><out_trade_no>100072</out_trade_no><openid>188***@139.com</openid><nonce_str>cde795bca1f2905c7cc7cc2017a336f6</nonce_str><sign>7EBE9D7524B0317D526FA474E0BA42C6</sign><time_end>20170221222937</time_end><mch_id>100000036258</mch_id><attach></attach></xml>


执行日期：2017-02-22-00：05：52
【succsss】:
<xml><attach></attach><openid>188***@139.com</openid><transaction_id>1000000362581148768748900000011</transaction_id><result_code>SUCCESS</result_code><out_trade_no>100073</out_trade_no><sign>64EE8FCB0D07DB562FBEA51DD00F39C4</sign><mch_id>100000036258</mch_id><time_end>20170221223141</time_end><trade_state>TRADE_SUCCESS</trade_state><return_code>SUCCESS</return_code><trade_type>NATIVE</trade_type><nonce_str>fb3cc103f704be10f72bc6ee31fd237b</nonce_str><total_fee>1</total_fee><cash_fee>1</cash_fee><out_transaction_id>2017022121001004370257603837</out_transaction_id></xml>


执行日期：2017-02-22-00：08：46
【succsss】:
<xml><out_transaction_id>2017022121001004370257613908</out_transaction_id><trade_type>NATIVE</trade_type><attach></attach><openid>188***@139.com</openid><total_fee>1</total_fee><result_code>SUCCESS</result_code><trade_state>TRADE_SUCCESS</trade_state><transaction_id>1000000362581148768766700000012</transaction_id><sign>365CCC1C888556A9CA742D355C0C070A</sign><cash_fee>1</cash_fee><return_code>SUCCESS</return_code><mch_id>100000036258</mch_id><nonce_str>d927dc3022d6361da209d65bcb27935e</nonce_str><out_trade_no>100074</out_trade_no><time_end>20170221223438</time_end></xml>


执行日期：2017-02-22-00：21：29
【succsss】:
<xml><return_code>SUCCESS</return_code><out_transaction_id>2017022121001004810294380423</out_transaction_id><cash_fee>1</cash_fee><mch_id>100000036258</mch_id><openid>139****8811</openid><time_end>20170221231721</time_end><trade_state>TRADE_SUCCESS</trade_state><attach></attach><nonce_str>cad0d9c323ed378a0bd030f599ef8823</nonce_str><sign>1308E6D20551B961473431939B4683E2</sign><transaction_id>1000000362581148769020200000018</transaction_id><out_trade_no>100080</out_trade_no><total_fee>1</total_fee><result_code>SUCCESS</result_code><trade_type>NATIVE</trade_type></xml>


执行日期：2017-02-22-00：22：56
【succsss】:
<xml><result_code>SUCCESS</result_code><mch_id>100000036258</mch_id><trade_type>NATIVE</trade_type><nonce_str>3b34708a792647a3d521f528f43f8d9c</nonce_str><cash_fee>1</cash_fee><openid>188***@139.com</openid><trade_state>TRADE_SUCCESS</trade_state><out_transaction_id>2017022121001004370257614233</out_transaction_id><return_code>SUCCESS</return_code><total_fee>1</total_fee><transaction_id>1000000362581148768850600000013</transaction_id><time_end>20170221224848</time_end><attach></attach><sign>C00DEE1ADAC2B82627A1C78A961EF06E</sign><out_trade_no>100075</out_trade_no></xml>


执行日期：2017-02-22-00：27：00
【succsss】:
<xml><result_code>SUCCESS</result_code><out_trade_no>100076</out_trade_no><time_end>20170221225248</time_end><trade_type>NATIVE</trade_type><transaction_id>1000000362581148768875800000014</transaction_id><cash_fee>1</cash_fee><return_code>SUCCESS</return_code><total_fee>1</total_fee><mch_id>100000036258</mch_id><out_transaction_id>2017022121001004370257614326</out_transaction_id><nonce_str>60f7535cbe1367a13512e3df9c0efbe5</nonce_str><openid>188***@139.com</openid><trade_state>TRADE_SUCCESS</trade_state><attach></attach><sign>6EE1EFDD1790A26D3096A85076FA1B48</sign></xml>


执行日期：2017-02-22-00：29：59
【succsss】:
<xml><trade_state>TRADE_SUCCESS</trade_state><sign>61FB5AA7985BCA27B79F6114356FE6EB</sign><out_trade_no>100077</out_trade_no><total_fee>1</total_fee><out_transaction_id>2017022121001004370257619673</out_transaction_id><attach></attach><time_end>20170221225550</time_end><return_code>SUCCESS</return_code><transaction_id>1000000362581148768893800000015</transaction_id><mch_id>100000036258</mch_id><trade_type>NATIVE</trade_type><result_code>SUCCESS</result_code><openid>188***@139.com</openid><cash_fee>1</cash_fee><nonce_str>4ea3ecf3a82ba485c58cd8e7b8fddcdb</nonce_str></xml>


执行日期：2017-02-22-00：51：31
【succsss】:
<xml><result_code>SUCCESS</result_code><nonce_str>ee28dfa3a6e69a57df659a90404583b1</nonce_str><trade_state>TRADE_SUCCESS</trade_state><transaction_id>1000000362581148769020200000018</transaction_id><out_transaction_id>2017022121001004810294380423</out_transaction_id><trade_type>NATIVE</trade_type><out_trade_no>100080</out_trade_no><cash_fee>1</cash_fee><attach></attach><sign>0B4DD95B8B68CDA1E7EAA522180AE59D</sign><openid>139****8811</openid><mch_id>100000036258</mch_id><total_fee>1</total_fee><return_code>SUCCESS</return_code><time_end>20170221231721</time_end></xml>


执行日期：2017-03-06-13：49：32
【succsss】:
<xml><result_code>SUCCESS</result_code><transaction_id>3100000036258148877931900000005</transaction_id><trade_type>NATIVE</trade_type><attach></attach><out_trade_no>100505</out_trade_no><trade_state>TRADE_SUCCESS</trade_state><time_end>20170306134933</time_end><openid>158****7890</openid><mch_id>100000036258</mch_id><total_fee>1</total_fee><out_transaction_id>2017030621001004450282095968</out_transaction_id><nonce_str>bc82e2af48b38031e08b3fd4a418494d</nonce_str><sign>291DB504714E35C7DB33E7FF3AFCBF87</sign><cash_fee>1</cash_fee><return_code>SUCCESS</return_code></xml>


执行日期：2017-03-06-13：49：38
【succsss】:
<xml><nonce_str>4163c490c4f1ad0f73dff2a9c22a9661</nonce_str><time_end>20170306134933</time_end><result_code>SUCCESS</result_code><total_fee>1</total_fee><sign>1FBD530ECEEBB16CA79A585D92EB8F3D</sign><openid>158****7890</openid><transaction_id>3100000036258148877931900000005</transaction_id><mch_id>100000036258</mch_id><trade_type>NATIVE</trade_type><attach></attach><return_code>SUCCESS</return_code><trade_state>TRADE_SUCCESS</trade_state><out_trade_no>100505</out_trade_no><cash_fee>1</cash_fee><out_transaction_id>2017030621001004450282095968</out_transaction_id></xml>


执行日期：2017-03-06-13：49：44
【succsss】:
<xml><trade_type>NATIVE</trade_type><return_code>SUCCESS</return_code><cash_fee>1</cash_fee><transaction_id>3100000036258148877931900000005</transaction_id><trade_state>TRADE_SUCCESS</trade_state><sign>BB5ADC3A602957E4B3B73272EB2430E7</sign><total_fee>1</total_fee><result_code>SUCCESS</result_code><out_trade_no>100505</out_trade_no><mch_id>100000036258</mch_id><attach></attach><time_end>20170306134933</time_end><openid>158****7890</openid><out_transaction_id>2017030621001004450282095968</out_transaction_id><nonce_str>5aefcee884a40a660584a305edf73aaf</nonce_str></xml>


执行日期：2017-03-06-13：50：02
【succsss】:
<xml><mch_id>100000036258</mch_id><trade_type>NATIVE</trade_type><attach></attach><nonce_str>2decc4e6b3e9117a0700cccd08737716</nonce_str><sign>31DE7A075EF56243FD91294E64AA2B33</sign><trade_state>TRADE_SUCCESS</trade_state><cash_fee>1</cash_fee><out_transaction_id>2017030621001004450282095968</out_transaction_id><transaction_id>3100000036258148877931900000005</transaction_id><time_end>20170306134933</time_end><openid>158****7890</openid><total_fee>1</total_fee><return_code>SUCCESS</return_code><out_trade_no>100505</out_trade_no><result_code>SUCCESS</result_code></xml>


执行日期：2017-03-06-13：50：35
【succsss】:
<xml><nonce_str>2c593486ae9f64d49b16cf9a4b5b7534</nonce_str><mch_id>100000036258</mch_id><trade_type>NATIVE</trade_type><trade_state>TRADE_SUCCESS</trade_state><transaction_id>3100000036258148877931900000005</transaction_id><openid>158****7890</openid><out_transaction_id>2017030621001004450282095968</out_transaction_id><cash_fee>1</cash_fee><result_code>SUCCESS</result_code><total_fee>1</total_fee><return_code>SUCCESS</return_code><attach></attach><sign>F5FE3EBCF4AB9D113D791F7FF52D53EB</sign><out_trade_no>100505</out_trade_no><time_end>20170306134933</time_end></xml>


执行日期：2017-03-06-13：53：38
【succsss】:
<xml><result_code>SUCCESS</result_code><mch_id>100000036258</mch_id><cash_fee>1</cash_fee><openid>158****7890</openid><trade_type>NATIVE</trade_type><nonce_str>05d38984045de2875b02dcf66ccd7c83</nonce_str><time_end>20170306134933</time_end><total_fee>1</total_fee><return_code>SUCCESS</return_code><transaction_id>3100000036258148877931900000005</transaction_id><out_trade_no>100505</out_trade_no><trade_state>TRADE_SUCCESS</trade_state><attach></attach><sign>A98D055D42DCDFC4563068D6A45C13B0</sign><out_transaction_id>2017030621001004450282095968</out_transaction_id></xml>


执行日期：2017-03-06-14：23：41
【succsss】:
<xml><out_trade_no>100505</out_trade_no><nonce_str>7022bffd978c124cb507e0a912b5d374</nonce_str><attach></attach><trade_state>TRADE_SUCCESS</trade_state><transaction_id>3100000036258148877931900000005</transaction_id><return_code>SUCCESS</return_code><result_code>SUCCESS</result_code><mch_id>100000036258</mch_id><out_transaction_id>2017030621001004450282095968</out_transaction_id><openid>158****7890</openid><time_end>20170306134933</time_end><total_fee>1</total_fee><trade_type>NATIVE</trade_type><cash_fee>1</cash_fee><sign>CCBD71291247357A9F11EB78F0797991</sign></xml>


执行日期：2017-03-06-14：53：43
【succsss】:
<xml><transaction_id>3100000036258148877931900000005</transaction_id><cash_fee>1</cash_fee><total_fee>1</total_fee><sign>86B77A2BEAB9104D9236603907AD979B</sign><openid>158****7890</openid><out_trade_no>100505</out_trade_no><nonce_str>d13dcd836607096d045e088d05d5b3f9</nonce_str><return_code>SUCCESS</return_code><attach></attach><result_code>SUCCESS</result_code><mch_id>100000036258</mch_id><out_transaction_id>2017030621001004450282095968</out_transaction_id><trade_type>NATIVE</trade_type><time_end>20170306134933</time_end><trade_state>TRADE_SUCCESS</trade_state></xml>


执行日期：2017-03-06-15：23：48
【succsss】:
<xml><transaction_id>3100000036258148877931900000005</transaction_id><cash_fee>1</cash_fee><trade_state>TRADE_SUCCESS</trade_state><total_fee>1</total_fee><openid>158****7890</openid><out_transaction_id>2017030621001004450282095968</out_transaction_id><time_end>20170306134933</time_end><nonce_str>9987764a2e6ec0c5a606be8a45f11064</nonce_str><result_code>SUCCESS</result_code><out_trade_no>100505</out_trade_no><trade_type>NATIVE</trade_type><attach></attach><sign>897AE4C0468E12CC97BB6A389D5E6AF2</sign><return_code>SUCCESS</return_code><mch_id>100000036258</mch_id></xml>


执行日期：2017-03-11-14：56：57
【succsss】:
<xml><total_fee>1</total_fee><trade_state>TRADE_SUCCESS</trade_state><cash_fee>1</cash_fee><return_code>SUCCESS</return_code><trade_type>NATIVE</trade_type><sign>3F40DD30B83648B028DB5F63EB716963</sign><time_end>20170311145659</time_end><out_transaction_id>2017031121001004810220735923</out_transaction_id><openid>139****8811</openid><out_trade_no>100517</out_trade_no><mch_id>100000036258</mch_id><attach></attach><nonce_str>8b764014b41f6cbf43081b90e48188bd</nonce_str><result_code>SUCCESS</result_code><transaction_id>3100000036258148921538800000003</transaction_id></xml>


执行日期：2017-03-11-14：57：02
【succsss】:
<xml><return_code>SUCCESS</return_code><result_code>SUCCESS</result_code><nonce_str>1aaf254500f4a46bfd4b874c5f43d76b</nonce_str><sign>1D14BC308BF441180FF13559AC6D9683</sign><out_trade_no>100517</out_trade_no><transaction_id>3100000036258148921538800000003</transaction_id><total_fee>1</total_fee><attach></attach><time_end>20170311145659</time_end><cash_fee>1</cash_fee><trade_state>TRADE_SUCCESS</trade_state><out_transaction_id>2017031121001004810220735923</out_transaction_id><mch_id>100000036258</mch_id><trade_type>NATIVE</trade_type><openid>139****8811</openid></xml>


执行日期：2017-03-11-14：57：07
【succsss】:
<xml><return_code>SUCCESS</return_code><out_transaction_id>2017031121001004810220735923</out_transaction_id><cash_fee>1</cash_fee><time_end>20170311145659</time_end><total_fee>1</total_fee><trade_type>NATIVE</trade_type><sign>4ED0D95ED559D7AEB939736BA57D2FA7</sign><openid>139****8811</openid><trade_state>TRADE_SUCCESS</trade_state><attach></attach><nonce_str>4bf9ecbe61eb80bbd420ee4e88ff7ac0</nonce_str><transaction_id>3100000036258148921538800000003</transaction_id><result_code>SUCCESS</result_code><out_trade_no>100517</out_trade_no><mch_id>100000036258</mch_id></xml>


执行日期：2017-03-11-14：57：26
【succsss】:
<xml><transaction_id>3100000036258148921538800000003</transaction_id><mch_id>100000036258</mch_id><attach></attach><out_trade_no>100517</out_trade_no><total_fee>1</total_fee><trade_state>TRADE_SUCCESS</trade_state><sign>BD516A36C972F37E5EE26AD635FBF36E</sign><return_code>SUCCESS</return_code><result_code>SUCCESS</result_code><time_end>20170311145659</time_end><out_transaction_id>2017031121001004810220735923</out_transaction_id><trade_type>NATIVE</trade_type><nonce_str>8f0508122150c40872d946d582008afe</nonce_str><openid>139****8811</openid><cash_fee>1</cash_fee></xml>


执行日期：2017-03-11-14：57：59
【succsss】:
<xml><trade_state>TRADE_SUCCESS</trade_state><openid>139****8811</openid><result_code>SUCCESS</result_code><return_code>SUCCESS</return_code><mch_id>100000036258</mch_id><trade_type>NATIVE</trade_type><sign>12F1DA7973B9C0DE8AE7C1B2BE2FD651</sign><transaction_id>3100000036258148921538800000003</transaction_id><time_end>20170311145659</time_end><nonce_str>b803639c9588c8b9e7d2fd90c6a38754</nonce_str><cash_fee>1</cash_fee><total_fee>1</total_fee><out_transaction_id>2017031121001004810220735923</out_transaction_id><attach></attach><out_trade_no>100517</out_trade_no></xml>


执行日期：2017-03-11-15：01：02
【succsss】:
<xml><out_trade_no>100517</out_trade_no><sign>248E426C1ACADE593216E17B8A1E2F51</sign><result_code>SUCCESS</result_code><attach></attach><nonce_str>4bae4a53f96da637255ddc6e11c5cf75</nonce_str><transaction_id>3100000036258148921538800000003</transaction_id><return_code>SUCCESS</return_code><total_fee>1</total_fee><cash_fee>1</cash_fee><openid>139****8811</openid><trade_state>TRADE_SUCCESS</trade_state><out_transaction_id>2017031121001004810220735923</out_transaction_id><trade_type>NATIVE</trade_type><mch_id>100000036258</mch_id><time_end>20170311145659</time_end></xml>


执行日期：2017-03-11-15：31：04
【succsss】:
<xml><cash_fee>1</cash_fee><mch_id>100000036258</mch_id><openid>139****8811</openid><out_trade_no>100517</out_trade_no><result_code>SUCCESS</result_code><nonce_str>a9a41f14e9709264a6731fb326b48ac3</nonce_str><transaction_id>3100000036258148921538800000003</transaction_id><return_code>SUCCESS</return_code><sign>1F275C6C0D51E5E2870B633CE22511DA</sign><total_fee>1</total_fee><trade_type>NATIVE</trade_type><out_transaction_id>2017031121001004810220735923</out_transaction_id><attach></attach><time_end>20170311145659</time_end><trade_state>TRADE_SUCCESS</trade_state></xml>


执行日期：2017-03-11-16：01：07
【succsss】:
<xml><total_fee>1</total_fee><openid>139****8811</openid><trade_type>NATIVE</trade_type><attach></attach><nonce_str>6f68e947c8f7df7f94360233ae8baca4</nonce_str><sign>340C68F1111A251768B956CE0DCEB5D6</sign><mch_id>100000036258</mch_id><out_trade_no>100517</out_trade_no><transaction_id>3100000036258148921538800000003</transaction_id><result_code>SUCCESS</result_code><out_transaction_id>2017031121001004810220735923</out_transaction_id><trade_state>TRADE_SUCCESS</trade_state><cash_fee>1</cash_fee><return_code>SUCCESS</return_code><time_end>20170311145659</time_end></xml>


执行日期：2017-03-11-16：31：09
【succsss】:
<xml><trade_state>TRADE_SUCCESS</trade_state><transaction_id>3100000036258148921538800000003</transaction_id><out_trade_no>100517</out_trade_no><cash_fee>1</cash_fee><mch_id>100000036258</mch_id><attach></attach><nonce_str>b083a0cda79152da6df8f957d9e7ee6e</nonce_str><result_code>SUCCESS</result_code><time_end>20170311145659</time_end><total_fee>1</total_fee><sign>7AB5F9C9F074EC4E8672776FB8DD58DA</sign><return_code>SUCCESS</return_code><openid>139****8811</openid><out_transaction_id>2017031121001004810220735923</out_transaction_id><trade_type>NATIVE</trade_type></xml>


