执行日期：2017-02-20-15：58：31
【接收到的notify通知】:
<xml><total_fee>1</total_fee><bank_type>CFT</bank_type><fee_type>CNY</fee_type><trade_state>SUCCESS</trade_state><trade_type>NATIVE</trade_type><sign>B6356E940F38E2C0C38EA8ECDD20C4CA</sign><mch_id>100000036258</mch_id><out_trade_no>100047</out_trade_no><cash_fee>1</cash_fee><is_subscribe>N</is_subscribe><transaction_id>1000000362581148757749400000079</transaction_id><nonce_str>943a0f00874e0964c32bcd3505c8a63a</nonce_str><time_end>20170220155832</time_end><openid>odbfdwQ1o8g49WKBONw4MX2Hq_4E</openid><return_code>SUCCESS</return_code><result_code>SUCCESS</result_code></xml>


执行日期：2017-02-20-15：58：36
【接收到的notify通知】:
<xml><total_fee>1</total_fee><return_code>SUCCESS</return_code><time_end>20170220155832</time_end><nonce_str>943a0f00874e0964c32bcd3505c8a63a</nonce_str><sign>B6356E940F38E2C0C38EA8ECDD20C4CA</sign><openid>odbfdwQ1o8g49WKBONw4MX2Hq_4E</openid><fee_type>CNY</fee_type><out_trade_no>100047</out_trade_no><trade_type>NATIVE</trade_type><transaction_id>1000000362581148757749400000079</transaction_id><mch_id>100000036258</mch_id><bank_type>CFT</bank_type><is_subscribe>N</is_subscribe><result_code>SUCCESS</result_code><trade_state>SUCCESS</trade_state><cash_fee>1</cash_fee></xml>


执行日期：2017-02-20-15：58：43
【接收到的notify通知】:
<xml><fee_type>CNY</fee_type><cash_fee>1</cash_fee><sign>B6356E940F38E2C0C38EA8ECDD20C4CA</sign><time_end>20170220155832</time_end><return_code>SUCCESS</return_code><is_subscribe>N</is_subscribe><mch_id>100000036258</mch_id><transaction_id>1000000362581148757749400000079</transaction_id><result_code>SUCCESS</result_code><nonce_str>943a0f00874e0964c32bcd3505c8a63a</nonce_str><bank_type>CFT</bank_type><trade_type>NATIVE</trade_type><out_trade_no>100047</out_trade_no><trade_state>SUCCESS</trade_state><openid>odbfdwQ1o8g49WKBONw4MX2Hq_4E</openid><total_fee>1</total_fee></xml>


执行日期：2017-02-20-15：59：01
【接收到的notify通知】:
<xml><openid>odbfdwQ1o8g49WKBONw4MX2Hq_4E</openid><result_code>SUCCESS</result_code><nonce_str>943a0f00874e0964c32bcd3505c8a63a</nonce_str><out_trade_no>100047</out_trade_no><total_fee>1</total_fee><time_end>20170220155832</time_end><is_subscribe>N</is_subscribe><trade_type>NATIVE</trade_type><mch_id>100000036258</mch_id><sign>B6356E940F38E2C0C38EA8ECDD20C4CA</sign><trade_state>SUCCESS</trade_state><cash_fee>1</cash_fee><transaction_id>1000000362581148757749400000079</transaction_id><return_code>SUCCESS</return_code><fee_type>CNY</fee_type><bank_type>CFT</bank_type></xml>


执行日期：2017-02-20-15：59：33
【接收到的notify通知】:
<xml><cash_fee>1</cash_fee><result_code>SUCCESS</result_code><mch_id>100000036258</mch_id><time_end>20170220155832</time_end><out_trade_no>100047</out_trade_no><bank_type>CFT</bank_type><trade_state>SUCCESS</trade_state><trade_type>NATIVE</trade_type><openid>odbfdwQ1o8g49WKBONw4MX2Hq_4E</openid><return_code>SUCCESS</return_code><total_fee>1</total_fee><fee_type>CNY</fee_type><is_subscribe>N</is_subscribe><nonce_str>943a0f00874e0964c32bcd3505c8a63a</nonce_str><transaction_id>1000000362581148757749400000079</transaction_id><sign>B6356E940F38E2C0C38EA8ECDD20C4CA</sign></xml>


执行日期：2017-02-20-16：02：34
【接收到的notify通知】:
<xml><trade_state>SUCCESS</trade_state><return_code>SUCCESS</return_code><openid>odbfdwQ1o8g49WKBONw4MX2Hq_4E</openid><sign>B6356E940F38E2C0C38EA8ECDD20C4CA</sign><out_trade_no>100047</out_trade_no><is_subscribe>N</is_subscribe><time_end>20170220155832</time_end><cash_fee>1</cash_fee><bank_type>CFT</bank_type><mch_id>100000036258</mch_id><transaction_id>1000000362581148757749400000079</transaction_id><result_code>SUCCESS</result_code><nonce_str>943a0f00874e0964c32bcd3505c8a63a</nonce_str><trade_type>NATIVE</trade_type><fee_type>CNY</fee_type><total_fee>1</total_fee></xml>


执行日期：2017-02-20-16：13：22
【succsss】:
<xml><mch_id>100000036258</mch_id><sign>8D7A5B3910897CA3124B91579B2EA4F5</sign><fee_type>CNY</fee_type><return_code>SUCCESS</return_code><nonce_str>401fd19f14f195bcdb036d15ca99cc19</nonce_str><openid>odbfdwQ1o8g49WKBONw4MX2Hq_4E</openid><bank_type>CFT</bank_type><out_trade_no>100048</out_trade_no><result_code>SUCCESS</result_code><trade_state>SUCCESS</trade_state><time_end>20170220161321</time_end><transaction_id>1000000362581148757838400000080</transaction_id><cash_fee>1</cash_fee><is_subscribe>N</is_subscribe><trade_type>NATIVE</trade_type><total_fee>1</total_fee></xml>


执行日期：2017-02-20-16：13：26
【succsss】:
<xml><result_code>SUCCESS</result_code><fee_type>CNY</fee_type><total_fee>1</total_fee><bank_type>CFT</bank_type><mch_id>100000036258</mch_id><out_trade_no>100048</out_trade_no><trade_state>SUCCESS</trade_state><transaction_id>1000000362581148757838400000080</transaction_id><is_subscribe>N</is_subscribe><return_code>SUCCESS</return_code><nonce_str>401fd19f14f195bcdb036d15ca99cc19</nonce_str><cash_fee>1</cash_fee><trade_type>NATIVE</trade_type><openid>odbfdwQ1o8g49WKBONw4MX2Hq_4E</openid><sign>8D7A5B3910897CA3124B91579B2EA4F5</sign><time_end>20170220161321</time_end></xml>


执行日期：2017-02-20-16：13：32
【succsss】:
<xml><is_subscribe>N</is_subscribe><result_code>SUCCESS</result_code><nonce_str>401fd19f14f195bcdb036d15ca99cc19</nonce_str><openid>odbfdwQ1o8g49WKBONw4MX2Hq_4E</openid><trade_type>NATIVE</trade_type><bank_type>CFT</bank_type><mch_id>100000036258</mch_id><sign>8D7A5B3910897CA3124B91579B2EA4F5</sign><fee_type>CNY</fee_type><cash_fee>1</cash_fee><time_end>20170220161321</time_end><total_fee>1</total_fee><return_code>SUCCESS</return_code><out_trade_no>100048</out_trade_no><trade_state>SUCCESS</trade_state><transaction_id>1000000362581148757838400000080</transaction_id></xml>


执行日期：2017-02-20-16：13：50
【succsss】:
<xml><bank_type>CFT</bank_type><trade_state>SUCCESS</trade_state><out_trade_no>100048</out_trade_no><transaction_id>1000000362581148757838400000080</transaction_id><fee_type>CNY</fee_type><mch_id>100000036258</mch_id><result_code>SUCCESS</result_code><openid>odbfdwQ1o8g49WKBONw4MX2Hq_4E</openid><trade_type>NATIVE</trade_type><is_subscribe>N</is_subscribe><return_code>SUCCESS</return_code><nonce_str>401fd19f14f195bcdb036d15ca99cc19</nonce_str><time_end>20170220161321</time_end><sign>8D7A5B3910897CA3124B91579B2EA4F5</sign><total_fee>1</total_fee><cash_fee>1</cash_fee></xml>


执行日期：2017-02-20-16：14：25
【succsss】:
<xml><fee_type>CNY</fee_type><cash_fee>1</cash_fee><result_code>SUCCESS</result_code><sign>8D7A5B3910897CA3124B91579B2EA4F5</sign><return_code>SUCCESS</return_code><trade_state>SUCCESS</trade_state><time_end>20170220161321</time_end><total_fee>1</total_fee><trade_type>NATIVE</trade_type><mch_id>100000036258</mch_id><transaction_id>1000000362581148757838400000080</transaction_id><out_trade_no>100048</out_trade_no><bank_type>CFT</bank_type><openid>odbfdwQ1o8g49WKBONw4MX2Hq_4E</openid><is_subscribe>N</is_subscribe><nonce_str>401fd19f14f195bcdb036d15ca99cc19</nonce_str></xml>


执行日期：2017-02-20-16：14：47
【succsss】:
<xml><return_code>SUCCESS</return_code><out_trade_no>100049</out_trade_no><nonce_str>a5aa17b05e10e8d6508a1cc44d138723</nonce_str><cash_fee>1</cash_fee><result_code>SUCCESS</result_code><trade_type>NATIVE</trade_type><transaction_id>1000000362581148757844500000081</transaction_id><mch_id>100000036258</mch_id><openid>odbfdwQ1o8g49WKBONw4MX2Hq_4E</openid><time_end>20170220161447</time_end><is_subscribe>N</is_subscribe><fee_type>CNY</fee_type><sign>69B84C4CBD27DA927ED8E4A945EA7E28</sign><trade_state>SUCCESS</trade_state><bank_type>CFT</bank_type><total_fee>1</total_fee></xml>


执行日期：2017-02-20-16：14：53
【succsss】:
<xml><nonce_str>a5aa17b05e10e8d6508a1cc44d138723</nonce_str><result_code>SUCCESS</result_code><out_trade_no>100049</out_trade_no><fee_type>CNY</fee_type><sign>69B84C4CBD27DA927ED8E4A945EA7E28</sign><transaction_id>1000000362581148757844500000081</transaction_id><total_fee>1</total_fee><trade_state>SUCCESS</trade_state><bank_type>CFT</bank_type><is_subscribe>N</is_subscribe><openid>odbfdwQ1o8g49WKBONw4MX2Hq_4E</openid><time_end>20170220161447</time_end><return_code>SUCCESS</return_code><cash_fee>1</cash_fee><trade_type>NATIVE</trade_type><mch_id>100000036258</mch_id></xml>


执行日期：2017-02-20-16：15：00
【succsss】:
<xml><mch_id>100000036258</mch_id><cash_fee>1</cash_fee><time_end>20170220161447</time_end><out_trade_no>100049</out_trade_no><bank_type>CFT</bank_type><return_code>SUCCESS</return_code><result_code>SUCCESS</result_code><openid>odbfdwQ1o8g49WKBONw4MX2Hq_4E</openid><transaction_id>1000000362581148757844500000081</transaction_id><trade_type>NATIVE</trade_type><trade_state>SUCCESS</trade_state><nonce_str>a5aa17b05e10e8d6508a1cc44d138723</nonce_str><is_subscribe>N</is_subscribe><total_fee>1</total_fee><sign>69B84C4CBD27DA927ED8E4A945EA7E28</sign><fee_type>CNY</fee_type></xml>


执行日期：2017-02-20-16：15：17
【succsss】:
<xml><transaction_id>1000000362581148757844500000081</transaction_id><openid>odbfdwQ1o8g49WKBONw4MX2Hq_4E</openid><total_fee>1</total_fee><trade_state>SUCCESS</trade_state><is_subscribe>N</is_subscribe><out_trade_no>100049</out_trade_no><trade_type>NATIVE</trade_type><result_code>SUCCESS</result_code><sign>69B84C4CBD27DA927ED8E4A945EA7E28</sign><nonce_str>a5aa17b05e10e8d6508a1cc44d138723</nonce_str><return_code>SUCCESS</return_code><cash_fee>1</cash_fee><time_end>20170220161447</time_end><fee_type>CNY</fee_type><mch_id>100000036258</mch_id><bank_type>CFT</bank_type></xml>


执行日期：2017-02-20-16：15：50
【succsss】:
<xml><return_code>SUCCESS</return_code><trade_state>SUCCESS</trade_state><total_fee>1</total_fee><mch_id>100000036258</mch_id><cash_fee>1</cash_fee><bank_type>CFT</bank_type><is_subscribe>N</is_subscribe><time_end>20170220161447</time_end><out_trade_no>100049</out_trade_no><openid>odbfdwQ1o8g49WKBONw4MX2Hq_4E</openid><fee_type>CNY</fee_type><result_code>SUCCESS</result_code><nonce_str>a5aa17b05e10e8d6508a1cc44d138723</nonce_str><trade_type>NATIVE</trade_type><transaction_id>1000000362581148757844500000081</transaction_id><sign>69B84C4CBD27DA927ED8E4A945EA7E28</sign></xml>


执行日期：2017-02-20-16：17：26
【succsss】:
<xml><result_code>SUCCESS</result_code><fee_type>CNY</fee_type><nonce_str>401fd19f14f195bcdb036d15ca99cc19</nonce_str><sign>8D7A5B3910897CA3124B91579B2EA4F5</sign><cash_fee>1</cash_fee><mch_id>100000036258</mch_id><return_code>SUCCESS</return_code><openid>odbfdwQ1o8g49WKBONw4MX2Hq_4E</openid><trade_type>NATIVE</trade_type><transaction_id>1000000362581148757838400000080</transaction_id><is_subscribe>N</is_subscribe><out_trade_no>100048</out_trade_no><total_fee>1</total_fee><trade_state>SUCCESS</trade_state><bank_type>CFT</bank_type><time_end>20170220161321</time_end></xml>


执行日期：2017-02-20-16：18：50
【succsss】:
<xml><bank_type>CFT</bank_type><fee_type>CNY</fee_type><return_code>SUCCESS</return_code><nonce_str>a5aa17b05e10e8d6508a1cc44d138723</nonce_str><trade_type>NATIVE</trade_type><result_code>SUCCESS</result_code><out_trade_no>100049</out_trade_no><cash_fee>1</cash_fee><transaction_id>1000000362581148757844500000081</transaction_id><mch_id>100000036258</mch_id><sign>69B84C4CBD27DA927ED8E4A945EA7E28</sign><trade_state>SUCCESS</trade_state><is_subscribe>N</is_subscribe><openid>odbfdwQ1o8g49WKBONw4MX2Hq_4E</openid><time_end>20170220161447</time_end><total_fee>1</total_fee></xml>


执行日期：2017-02-20-16：32：37
【succsss】:
<xml><openid>odbfdwQ1o8g49WKBONw4MX2Hq_4E</openid><transaction_id>1000000362581148757749400000079</transaction_id><time_end>20170220155832</time_end><trade_state>SUCCESS</trade_state><total_fee>1</total_fee><sign>B6356E940F38E2C0C38EA8ECDD20C4CA</sign><out_trade_no>100047</out_trade_no><bank_type>CFT</bank_type><mch_id>100000036258</mch_id><trade_type>NATIVE</trade_type><cash_fee>1</cash_fee><nonce_str>943a0f00874e0964c32bcd3505c8a63a</nonce_str><fee_type>CNY</fee_type><return_code>SUCCESS</return_code><is_subscribe>N</is_subscribe><result_code>SUCCESS</result_code></xml>


执行日期：2017-02-20-16：47：29
【succsss】:
<xml><return_code>SUCCESS</return_code><is_subscribe>N</is_subscribe><out_trade_no>100048</out_trade_no><nonce_str>401fd19f14f195bcdb036d15ca99cc19</nonce_str><cash_fee>1</cash_fee><result_code>SUCCESS</result_code><mch_id>100000036258</mch_id><trade_type>NATIVE</trade_type><trade_state>SUCCESS</trade_state><fee_type>CNY</fee_type><time_end>20170220161321</time_end><total_fee>1</total_fee><transaction_id>1000000362581148757838400000080</transaction_id><openid>odbfdwQ1o8g49WKBONw4MX2Hq_4E</openid><bank_type>CFT</bank_type><sign>8D7A5B3910897CA3124B91579B2EA4F5</sign></xml>


执行日期：2017-02-20-16：48：53
【succsss】:
<xml><trade_type>NATIVE</trade_type><out_trade_no>100049</out_trade_no><bank_type>CFT</bank_type><transaction_id>1000000362581148757844500000081</transaction_id><return_code>SUCCESS</return_code><sign>69B84C4CBD27DA927ED8E4A945EA7E28</sign><is_subscribe>N</is_subscribe><nonce_str>a5aa17b05e10e8d6508a1cc44d138723</nonce_str><total_fee>1</total_fee><fee_type>CNY</fee_type><mch_id>100000036258</mch_id><openid>odbfdwQ1o8g49WKBONw4MX2Hq_4E</openid><time_end>20170220161447</time_end><trade_state>SUCCESS</trade_state><result_code>SUCCESS</result_code><cash_fee>1</cash_fee></xml>


执行日期：2017-02-20-17：02：39
【succsss】:
<xml><bank_type>CFT</bank_type><return_code>SUCCESS</return_code><fee_type>CNY</fee_type><total_fee>1</total_fee><trade_state>SUCCESS</trade_state><is_subscribe>N</is_subscribe><trade_type>NATIVE</trade_type><cash_fee>1</cash_fee><mch_id>100000036258</mch_id><out_trade_no>100047</out_trade_no><openid>odbfdwQ1o8g49WKBONw4MX2Hq_4E</openid><sign>B6356E940F38E2C0C38EA8ECDD20C4CA</sign><nonce_str>943a0f00874e0964c32bcd3505c8a63a</nonce_str><transaction_id>1000000362581148757749400000079</transaction_id><time_end>20170220155832</time_end><result_code>SUCCESS</result_code></xml>


执行日期：2017-02-20-17：17：32
【succsss】:
<xml><trade_state>SUCCESS</trade_state><out_trade_no>100048</out_trade_no><time_end>20170220161321</time_end><result_code>SUCCESS</result_code><total_fee>1</total_fee><transaction_id>1000000362581148757838400000080</transaction_id><openid>odbfdwQ1o8g49WKBONw4MX2Hq_4E</openid><return_code>SUCCESS</return_code><nonce_str>401fd19f14f195bcdb036d15ca99cc19</nonce_str><cash_fee>1</cash_fee><fee_type>CNY</fee_type><is_subscribe>N</is_subscribe><sign>8D7A5B3910897CA3124B91579B2EA4F5</sign><trade_type>NATIVE</trade_type><bank_type>CFT</bank_type><mch_id>100000036258</mch_id></xml>


执行日期：2017-02-20-17：18：56
【succsss】:
<xml><time_end>20170220161447</time_end><result_code>SUCCESS</result_code><total_fee>1</total_fee><trade_state>SUCCESS</trade_state><sign>69B84C4CBD27DA927ED8E4A945EA7E28</sign><is_subscribe>N</is_subscribe><transaction_id>1000000362581148757844500000081</transaction_id><fee_type>CNY</fee_type><mch_id>100000036258</mch_id><out_trade_no>100049</out_trade_no><bank_type>CFT</bank_type><openid>odbfdwQ1o8g49WKBONw4MX2Hq_4E</openid><nonce_str>a5aa17b05e10e8d6508a1cc44d138723</nonce_str><trade_type>NATIVE</trade_type><return_code>SUCCESS</return_code><cash_fee>1</cash_fee></xml>


执行日期：2017-02-20-17：32：46
【succsss】:
<xml><bank_type>CFT</bank_type><time_end>20170220155832</time_end><nonce_str>943a0f00874e0964c32bcd3505c8a63a</nonce_str><mch_id>100000036258</mch_id><transaction_id>1000000362581148757749400000079</transaction_id><is_subscribe>N</is_subscribe><cash_fee>1</cash_fee><trade_type>NATIVE</trade_type><fee_type>CNY</fee_type><return_code>SUCCESS</return_code><openid>odbfdwQ1o8g49WKBONw4MX2Hq_4E</openid><out_trade_no>100047</out_trade_no><result_code>SUCCESS</result_code><trade_state>SUCCESS</trade_state><total_fee>1</total_fee><sign>B6356E940F38E2C0C38EA8ECDD20C4CA</sign></xml>


执行日期：2017-02-20-17：47：34
【succsss】:
<xml><mch_id>100000036258</mch_id><is_subscribe>N</is_subscribe><trade_state>SUCCESS</trade_state><result_code>SUCCESS</result_code><trade_type>NATIVE</trade_type><bank_type>CFT</bank_type><sign>8D7A5B3910897CA3124B91579B2EA4F5</sign><transaction_id>1000000362581148757838400000080</transaction_id><total_fee>1</total_fee><fee_type>CNY</fee_type><nonce_str>401fd19f14f195bcdb036d15ca99cc19</nonce_str><return_code>SUCCESS</return_code><out_trade_no>100048</out_trade_no><openid>odbfdwQ1o8g49WKBONw4MX2Hq_4E</openid><time_end>20170220161321</time_end><cash_fee>1</cash_fee></xml>


执行日期：2017-02-20-17：48：58
【succsss】:
<xml><result_code>SUCCESS</result_code><fee_type>CNY</fee_type><return_code>SUCCESS</return_code><time_end>20170220161447</time_end><trade_type>NATIVE</trade_type><cash_fee>1</cash_fee><is_subscribe>N</is_subscribe><openid>odbfdwQ1o8g49WKBONw4MX2Hq_4E</openid><bank_type>CFT</bank_type><nonce_str>a5aa17b05e10e8d6508a1cc44d138723</nonce_str><total_fee>1</total_fee><sign>69B84C4CBD27DA927ED8E4A945EA7E28</sign><out_trade_no>100049</out_trade_no><mch_id>100000036258</mch_id><transaction_id>1000000362581148757844500000081</transaction_id><trade_state>SUCCESS</trade_state></xml>


执行日期：2017-02-21-15：37：12
【succsss】:
<xml><time_end>20170221153713</time_end><openid>odbfdwStQYiOCrJvocvCEza3KSsQ</openid><bank_type>CFT</bank_type><fee_type>CNY</fee_type><trade_type>NATIVE</trade_type><return_code>SUCCESS</return_code><result_code>SUCCESS</result_code><is_subscribe>N</is_subscribe><sign>F4EE0E875EA0A724EC01D04F64CC525F</sign><nonce_str>5d375287b5fdbd88181129609f2513b0</nonce_str><cash_fee>1</cash_fee><total_fee>1</total_fee><mch_id>100000036258</mch_id><trade_state>SUCCESS</trade_state><transaction_id>1000000362581148766261000000008</transaction_id><out_trade_no>100070</out_trade_no></xml>


执行日期：2017-02-21-15：37：18
【succsss】:
<xml><fee_type>CNY</fee_type><nonce_str>5d375287b5fdbd88181129609f2513b0</nonce_str><mch_id>100000036258</mch_id><result_code>SUCCESS</result_code><time_end>20170221153713</time_end><return_code>SUCCESS</return_code><bank_type>CFT</bank_type><out_trade_no>100070</out_trade_no><trade_state>SUCCESS</trade_state><transaction_id>1000000362581148766261000000008</transaction_id><cash_fee>1</cash_fee><trade_type>NATIVE</trade_type><sign>F4EE0E875EA0A724EC01D04F64CC525F</sign><is_subscribe>N</is_subscribe><openid>odbfdwStQYiOCrJvocvCEza3KSsQ</openid><total_fee>1</total_fee></xml>


执行日期：2017-02-21-15：37：25
【succsss】:
<xml><is_subscribe>N</is_subscribe><mch_id>100000036258</mch_id><bank_type>CFT</bank_type><out_trade_no>100070</out_trade_no><sign>F4EE0E875EA0A724EC01D04F64CC525F</sign><fee_type>CNY</fee_type><trade_state>SUCCESS</trade_state><time_end>20170221153713</time_end><result_code>SUCCESS</result_code><total_fee>1</total_fee><openid>odbfdwStQYiOCrJvocvCEza3KSsQ</openid><trade_type>NATIVE</trade_type><return_code>SUCCESS</return_code><transaction_id>1000000362581148766261000000008</transaction_id><cash_fee>1</cash_fee><nonce_str>5d375287b5fdbd88181129609f2513b0</nonce_str></xml>


执行日期：2017-02-21-15：37：43
【succsss】:
<xml><transaction_id>1000000362581148766261000000008</transaction_id><result_code>SUCCESS</result_code><return_code>SUCCESS</return_code><openid>odbfdwStQYiOCrJvocvCEza3KSsQ</openid><sign>F4EE0E875EA0A724EC01D04F64CC525F</sign><fee_type>CNY</fee_type><bank_type>CFT</bank_type><nonce_str>5d375287b5fdbd88181129609f2513b0</nonce_str><time_end>20170221153713</time_end><trade_type>NATIVE</trade_type><mch_id>100000036258</mch_id><out_trade_no>100070</out_trade_no><trade_state>SUCCESS</trade_state><cash_fee>1</cash_fee><total_fee>1</total_fee><is_subscribe>N</is_subscribe></xml>


执行日期：2017-02-21-15：38：17
【succsss】:
<xml><bank_type>CFT</bank_type><mch_id>100000036258</mch_id><nonce_str>5d375287b5fdbd88181129609f2513b0</nonce_str><openid>odbfdwStQYiOCrJvocvCEza3KSsQ</openid><fee_type>CNY</fee_type><is_subscribe>N</is_subscribe><trade_type>NATIVE</trade_type><out_trade_no>100070</out_trade_no><cash_fee>1</cash_fee><sign>F4EE0E875EA0A724EC01D04F64CC525F</sign><return_code>SUCCESS</return_code><result_code>SUCCESS</result_code><total_fee>1</total_fee><time_end>20170221153713</time_end><trade_state>SUCCESS</trade_state><transaction_id>1000000362581148766261000000008</transaction_id></xml>


执行日期：2017-02-21-15：41：19
【succsss】:
<xml><trade_state>SUCCESS</trade_state><bank_type>CFT</bank_type><openid>odbfdwStQYiOCrJvocvCEza3KSsQ</openid><fee_type>CNY</fee_type><trade_type>NATIVE</trade_type><time_end>20170221153713</time_end><sign>F4EE0E875EA0A724EC01D04F64CC525F</sign><transaction_id>1000000362581148766261000000008</transaction_id><cash_fee>1</cash_fee><return_code>SUCCESS</return_code><nonce_str>5d375287b5fdbd88181129609f2513b0</nonce_str><mch_id>100000036258</mch_id><result_code>SUCCESS</result_code><out_trade_no>100070</out_trade_no><is_subscribe>N</is_subscribe><total_fee>1</total_fee></xml>


执行日期：2017-02-21-16：11：21
【succsss】:
<xml><total_fee>1</total_fee><out_trade_no>100070</out_trade_no><result_code>SUCCESS</result_code><transaction_id>1000000362581148766261000000008</transaction_id><mch_id>100000036258</mch_id><fee_type>CNY</fee_type><time_end>20170221153713</time_end><nonce_str>5d375287b5fdbd88181129609f2513b0</nonce_str><is_subscribe>N</is_subscribe><bank_type>CFT</bank_type><sign>F4EE0E875EA0A724EC01D04F64CC525F</sign><trade_type>NATIVE</trade_type><openid>odbfdwStQYiOCrJvocvCEza3KSsQ</openid><cash_fee>1</cash_fee><return_code>SUCCESS</return_code><trade_state>SUCCESS</trade_state></xml>


执行日期：2017-02-21-16：41：24
【succsss】:
<xml><time_end>20170221153713</time_end><sign>F4EE0E875EA0A724EC01D04F64CC525F</sign><out_trade_no>100070</out_trade_no><mch_id>100000036258</mch_id><is_subscribe>N</is_subscribe><openid>odbfdwStQYiOCrJvocvCEza3KSsQ</openid><trade_state>SUCCESS</trade_state><bank_type>CFT</bank_type><total_fee>1</total_fee><fee_type>CNY</fee_type><trade_type>NATIVE</trade_type><transaction_id>1000000362581148766261000000008</transaction_id><cash_fee>1</cash_fee><nonce_str>5d375287b5fdbd88181129609f2513b0</nonce_str><result_code>SUCCESS</result_code><return_code>SUCCESS</return_code></xml>


执行日期：2017-02-21-17：11：26
【succsss】:
<xml><trade_state>SUCCESS</trade_state><total_fee>1</total_fee><fee_type>CNY</fee_type><trade_type>NATIVE</trade_type><out_trade_no>100070</out_trade_no><is_subscribe>N</is_subscribe><nonce_str>5d375287b5fdbd88181129609f2513b0</nonce_str><mch_id>100000036258</mch_id><return_code>SUCCESS</return_code><bank_type>CFT</bank_type><openid>odbfdwStQYiOCrJvocvCEza3KSsQ</openid><time_end>20170221153713</time_end><cash_fee>1</cash_fee><transaction_id>1000000362581148766261000000008</transaction_id><result_code>SUCCESS</result_code><sign>F4EE0E875EA0A724EC01D04F64CC525F</sign></xml>


执行日期：2017-02-21-22：56：51
【succsss】:
<xml><time_end>20170221225652</time_end><fee_type>CNY</fee_type><sign>94FFE2A179F9EAA64651605F90FA1575</sign><out_trade_no>100078</out_trade_no><trade_state>SUCCESS</trade_state><transaction_id>1000000362581148768899700000016</transaction_id><nonce_str>d6d7d6bb233c65f51859d4b6c00564d9</nonce_str><result_code>SUCCESS</result_code><total_fee>1</total_fee><cash_fee>1</cash_fee><return_code>SUCCESS</return_code><mch_id>100000036258</mch_id><is_subscribe>N</is_subscribe><trade_type>NATIVE</trade_type><bank_type>CFT</bank_type><openid>odbfdwQ1o8g49WKBONw4MX2Hq_4E</openid></xml>


执行日期：2017-02-21-22：56：55
【succsss】:
<xml><total_fee>1</total_fee><return_code>SUCCESS</return_code><bank_type>CFT</bank_type><out_trade_no>100078</out_trade_no><sign>94FFE2A179F9EAA64651605F90FA1575</sign><time_end>20170221225652</time_end><is_subscribe>N</is_subscribe><mch_id>100000036258</mch_id><openid>odbfdwQ1o8g49WKBONw4MX2Hq_4E</openid><nonce_str>d6d7d6bb233c65f51859d4b6c00564d9</nonce_str><transaction_id>1000000362581148768899700000016</transaction_id><result_code>SUCCESS</result_code><trade_type>NATIVE</trade_type><fee_type>CNY</fee_type><trade_state>SUCCESS</trade_state><cash_fee>1</cash_fee></xml>


执行日期：2017-02-21-22：57：01
【succsss】:
<xml><openid>odbfdwQ1o8g49WKBONw4MX2Hq_4E</openid><mch_id>100000036258</mch_id><result_code>SUCCESS</result_code><trade_state>SUCCESS</trade_state><bank_type>CFT</bank_type><trade_type>NATIVE</trade_type><return_code>SUCCESS</return_code><transaction_id>1000000362581148768899700000016</transaction_id><cash_fee>1</cash_fee><nonce_str>d6d7d6bb233c65f51859d4b6c00564d9</nonce_str><total_fee>1</total_fee><out_trade_no>100078</out_trade_no><fee_type>CNY</fee_type><sign>94FFE2A179F9EAA64651605F90FA1575</sign><time_end>20170221225652</time_end><is_subscribe>N</is_subscribe></xml>


执行日期：2017-02-21-22：57：19
【succsss】:
<xml><total_fee>1</total_fee><nonce_str>d6d7d6bb233c65f51859d4b6c00564d9</nonce_str><result_code>SUCCESS</result_code><openid>odbfdwQ1o8g49WKBONw4MX2Hq_4E</openid><cash_fee>1</cash_fee><out_trade_no>100078</out_trade_no><fee_type>CNY</fee_type><transaction_id>1000000362581148768899700000016</transaction_id><is_subscribe>N</is_subscribe><time_end>20170221225652</time_end><sign>94FFE2A179F9EAA64651605F90FA1575</sign><mch_id>100000036258</mch_id><bank_type>CFT</bank_type><return_code>SUCCESS</return_code><trade_type>NATIVE</trade_type><trade_state>SUCCESS</trade_state></xml>


执行日期：2017-02-21-22：57：52
【succsss】:
<xml><total_fee>1</total_fee><bank_type>CFT</bank_type><transaction_id>1000000362581148768899700000016</transaction_id><is_subscribe>N</is_subscribe><openid>odbfdwQ1o8g49WKBONw4MX2Hq_4E</openid><fee_type>CNY</fee_type><time_end>20170221225652</time_end><trade_state>SUCCESS</trade_state><trade_type>NATIVE</trade_type><return_code>SUCCESS</return_code><result_code>SUCCESS</result_code><sign>94FFE2A179F9EAA64651605F90FA1575</sign><mch_id>100000036258</mch_id><nonce_str>d6d7d6bb233c65f51859d4b6c00564d9</nonce_str><cash_fee>1</cash_fee><out_trade_no>100078</out_trade_no></xml>


执行日期：2017-02-21-23：00：53
【succsss】:
<xml><total_fee>1</total_fee><nonce_str>d6d7d6bb233c65f51859d4b6c00564d9</nonce_str><openid>odbfdwQ1o8g49WKBONw4MX2Hq_4E</openid><cash_fee>1</cash_fee><is_subscribe>N</is_subscribe><return_code>SUCCESS</return_code><mch_id>100000036258</mch_id><result_code>SUCCESS</result_code><sign>94FFE2A179F9EAA64651605F90FA1575</sign><trade_state>SUCCESS</trade_state><transaction_id>1000000362581148768899700000016</transaction_id><time_end>20170221225652</time_end><trade_type>NATIVE</trade_type><out_trade_no>100078</out_trade_no><fee_type>CNY</fee_type><bank_type>CFT</bank_type></xml>


执行日期：2017-02-21-23：15：16
【succsss】:
<xml><return_code>SUCCESS</return_code><nonce_str>628af9e9a8cf28e2e66aad733e5c5d8a</nonce_str><out_trade_no>100079</out_trade_no><openid>odbfdwXubkvuModtk5PsCAeWUw9c</openid><bank_type>CFT</bank_type><mch_id>100000036258</mch_id><sign>B715AA487BCBD6D9E631013ABAB8B30C</sign><result_code>SUCCESS</result_code><time_end>20170221231516</time_end><fee_type>CNY</fee_type><trade_type>NATIVE</trade_type><trade_state>SUCCESS</trade_state><transaction_id>1000000362581148769010200000017</transaction_id><is_subscribe>N</is_subscribe><total_fee>8</total_fee><cash_fee>8</cash_fee></xml>


执行日期：2017-02-21-23：15：20
【succsss】:
<xml><out_trade_no>100079</out_trade_no><nonce_str>628af9e9a8cf28e2e66aad733e5c5d8a</nonce_str><cash_fee>8</cash_fee><fee_type>CNY</fee_type><bank_type>CFT</bank_type><mch_id>100000036258</mch_id><result_code>SUCCESS</result_code><trade_state>SUCCESS</trade_state><total_fee>8</total_fee><trade_type>NATIVE</trade_type><is_subscribe>N</is_subscribe><return_code>SUCCESS</return_code><transaction_id>1000000362581148769010200000017</transaction_id><openid>odbfdwXubkvuModtk5PsCAeWUw9c</openid><sign>B715AA487BCBD6D9E631013ABAB8B30C</sign><time_end>20170221231516</time_end></xml>


执行日期：2017-02-21-23：15：27
【succsss】:
<xml><cash_fee>8</cash_fee><mch_id>100000036258</mch_id><return_code>SUCCESS</return_code><trade_type>NATIVE</trade_type><fee_type>CNY</fee_type><sign>B715AA487BCBD6D9E631013ABAB8B30C</sign><nonce_str>628af9e9a8cf28e2e66aad733e5c5d8a</nonce_str><out_trade_no>100079</out_trade_no><total_fee>8</total_fee><is_subscribe>N</is_subscribe><time_end>20170221231516</time_end><openid>odbfdwXubkvuModtk5PsCAeWUw9c</openid><result_code>SUCCESS</result_code><bank_type>CFT</bank_type><transaction_id>1000000362581148769010200000017</transaction_id><trade_state>SUCCESS</trade_state></xml>


执行日期：2017-02-21-23：15：45
【succsss】:
<xml><bank_type>CFT</bank_type><trade_type>NATIVE</trade_type><nonce_str>628af9e9a8cf28e2e66aad733e5c5d8a</nonce_str><out_trade_no>100079</out_trade_no><result_code>SUCCESS</result_code><cash_fee>8</cash_fee><total_fee>8</total_fee><return_code>SUCCESS</return_code><transaction_id>1000000362581148769010200000017</transaction_id><time_end>20170221231516</time_end><sign>B715AA487BCBD6D9E631013ABAB8B30C</sign><trade_state>SUCCESS</trade_state><openid>odbfdwXubkvuModtk5PsCAeWUw9c</openid><mch_id>100000036258</mch_id><is_subscribe>N</is_subscribe><fee_type>CNY</fee_type></xml>


执行日期：2017-02-21-23：16：18
【succsss】:
<xml><out_trade_no>100079</out_trade_no><result_code>SUCCESS</result_code><trade_type>NATIVE</trade_type><is_subscribe>N</is_subscribe><total_fee>8</total_fee><mch_id>100000036258</mch_id><nonce_str>628af9e9a8cf28e2e66aad733e5c5d8a</nonce_str><time_end>20170221231516</time_end><return_code>SUCCESS</return_code><cash_fee>8</cash_fee><bank_type>CFT</bank_type><fee_type>CNY</fee_type><transaction_id>1000000362581148769010200000017</transaction_id><openid>odbfdwXubkvuModtk5PsCAeWUw9c</openid><trade_state>SUCCESS</trade_state><sign>B715AA487BCBD6D9E631013ABAB8B30C</sign></xml>


执行日期：2017-02-21-23：19：21
【succsss】:
<xml><sign>B715AA487BCBD6D9E631013ABAB8B30C</sign><openid>odbfdwXubkvuModtk5PsCAeWUw9c</openid><return_code>SUCCESS</return_code><trade_type>NATIVE</trade_type><result_code>SUCCESS</result_code><nonce_str>628af9e9a8cf28e2e66aad733e5c5d8a</nonce_str><transaction_id>1000000362581148769010200000017</transaction_id><total_fee>8</total_fee><bank_type>CFT</bank_type><trade_state>SUCCESS</trade_state><cash_fee>8</cash_fee><is_subscribe>N</is_subscribe><mch_id>100000036258</mch_id><time_end>20170221231516</time_end><out_trade_no>100079</out_trade_no><fee_type>CNY</fee_type></xml>


执行日期：2017-02-21-23：30：55
【succsss】:
<xml><fee_type>CNY</fee_type><result_code>SUCCESS</result_code><cash_fee>1</cash_fee><trade_state>SUCCESS</trade_state><openid>odbfdwQ1o8g49WKBONw4MX2Hq_4E</openid><trade_type>NATIVE</trade_type><time_end>20170221225652</time_end><transaction_id>1000000362581148768899700000016</transaction_id><total_fee>1</total_fee><return_code>SUCCESS</return_code><nonce_str>d6d7d6bb233c65f51859d4b6c00564d9</nonce_str><mch_id>100000036258</mch_id><out_trade_no>100078</out_trade_no><bank_type>CFT</bank_type><sign>94FFE2A179F9EAA64651605F90FA1575</sign><is_subscribe>N</is_subscribe></xml>


执行日期：2017-02-21-23：49：23
【succsss】:
<xml><total_fee>8</total_fee><time_end>20170221231516</time_end><result_code>SUCCESS</result_code><trade_type>NATIVE</trade_type><fee_type>CNY</fee_type><openid>odbfdwXubkvuModtk5PsCAeWUw9c</openid><is_subscribe>N</is_subscribe><nonce_str>628af9e9a8cf28e2e66aad733e5c5d8a</nonce_str><trade_state>SUCCESS</trade_state><cash_fee>8</cash_fee><out_trade_no>100079</out_trade_no><sign>B715AA487BCBD6D9E631013ABAB8B30C</sign><return_code>SUCCESS</return_code><mch_id>100000036258</mch_id><transaction_id>1000000362581148769010200000017</transaction_id><bank_type>CFT</bank_type></xml>


执行日期：2017-02-22-00：00：57
【succsss】:
<xml><sign>94FFE2A179F9EAA64651605F90FA1575</sign><cash_fee>1</cash_fee><time_end>20170221225652</time_end><bank_type>CFT</bank_type><return_code>SUCCESS</return_code><fee_type>CNY</fee_type><total_fee>1</total_fee><result_code>SUCCESS</result_code><trade_type>NATIVE</trade_type><mch_id>100000036258</mch_id><openid>odbfdwQ1o8g49WKBONw4MX2Hq_4E</openid><nonce_str>d6d7d6bb233c65f51859d4b6c00564d9</nonce_str><transaction_id>1000000362581148768899700000016</transaction_id><out_trade_no>100078</out_trade_no><is_subscribe>N</is_subscribe><trade_state>SUCCESS</trade_state></xml>


执行日期：2017-02-22-00：19：26
【succsss】:
<xml><cash_fee>8</cash_fee><transaction_id>1000000362581148769010200000017</transaction_id><out_trade_no>100079</out_trade_no><sign>B715AA487BCBD6D9E631013ABAB8B30C</sign><mch_id>100000036258</mch_id><fee_type>CNY</fee_type><time_end>20170221231516</time_end><openid>odbfdwXubkvuModtk5PsCAeWUw9c</openid><total_fee>8</total_fee><trade_type>NATIVE</trade_type><is_subscribe>N</is_subscribe><trade_state>SUCCESS</trade_state><bank_type>CFT</bank_type><nonce_str>628af9e9a8cf28e2e66aad733e5c5d8a</nonce_str><return_code>SUCCESS</return_code><result_code>SUCCESS</result_code></xml>


执行日期：2017-02-22-00：31：00
【succsss】:
<xml><out_trade_no>100078</out_trade_no><sign>94FFE2A179F9EAA64651605F90FA1575</sign><total_fee>1</total_fee><transaction_id>1000000362581148768899700000016</transaction_id><openid>odbfdwQ1o8g49WKBONw4MX2Hq_4E</openid><nonce_str>d6d7d6bb233c65f51859d4b6c00564d9</nonce_str><cash_fee>1</cash_fee><bank_type>CFT</bank_type><time_end>20170221225652</time_end><trade_state>SUCCESS</trade_state><is_subscribe>N</is_subscribe><trade_type>NATIVE</trade_type><return_code>SUCCESS</return_code><result_code>SUCCESS</result_code><mch_id>100000036258</mch_id><fee_type>CNY</fee_type></xml>


执行日期：2017-02-22-00：49：28
【succsss】:
<xml><sign>B715AA487BCBD6D9E631013ABAB8B30C</sign><nonce_str>628af9e9a8cf28e2e66aad733e5c5d8a</nonce_str><openid>odbfdwXubkvuModtk5PsCAeWUw9c</openid><result_code>SUCCESS</result_code><total_fee>8</total_fee><trade_state>SUCCESS</trade_state><return_code>SUCCESS</return_code><out_trade_no>100079</out_trade_no><transaction_id>1000000362581148769010200000017</transaction_id><fee_type>CNY</fee_type><bank_type>CFT</bank_type><time_end>20170221231516</time_end><trade_type>NATIVE</trade_type><mch_id>100000036258</mch_id><is_subscribe>N</is_subscribe><cash_fee>8</cash_fee></xml>


执行日期：2017-02-22-14：37：32
【succsss】:
<xml><trade_type>NATIVE</trade_type><fee_type>CNY</fee_type><result_code>SUCCESS</result_code><sign>A8E7110E6C81CCEFC2B3C6924C6A487E</sign><transaction_id>1000000362581148774542000000002</transaction_id><return_code>SUCCESS</return_code><trade_state>SUCCESS</trade_state><mch_id>100000036258</mch_id><cash_fee>1</cash_fee><is_subscribe>N</is_subscribe><nonce_str>eb34415b707de3c4e1a84cbb6c44c957</nonce_str><bank_type>CFT</bank_type><total_fee>1</total_fee><openid>odbfdwQ1o8g49WKBONw4MX2Hq_4E</openid><time_end>20170222143732</time_end><out_trade_no>38</out_trade_no></xml>


执行日期：2017-02-22-14：37：38
【succsss】:
<xml><return_code>SUCCESS</return_code><time_end>20170222143732</time_end><is_subscribe>N</is_subscribe><mch_id>100000036258</mch_id><trade_type>NATIVE</trade_type><out_trade_no>38</out_trade_no><sign>A8E7110E6C81CCEFC2B3C6924C6A487E</sign><result_code>SUCCESS</result_code><nonce_str>eb34415b707de3c4e1a84cbb6c44c957</nonce_str><transaction_id>1000000362581148774542000000002</transaction_id><cash_fee>1</cash_fee><fee_type>CNY</fee_type><bank_type>CFT</bank_type><trade_state>SUCCESS</trade_state><total_fee>1</total_fee><openid>odbfdwQ1o8g49WKBONw4MX2Hq_4E</openid></xml>


执行日期：2017-02-22-14：37：43
【succsss】:
<xml><nonce_str>eb34415b707de3c4e1a84cbb6c44c957</nonce_str><openid>odbfdwQ1o8g49WKBONw4MX2Hq_4E</openid><time_end>20170222143732</time_end><trade_state>SUCCESS</trade_state><transaction_id>1000000362581148774542000000002</transaction_id><total_fee>1</total_fee><mch_id>100000036258</mch_id><return_code>SUCCESS</return_code><trade_type>NATIVE</trade_type><cash_fee>1</cash_fee><result_code>SUCCESS</result_code><is_subscribe>N</is_subscribe><bank_type>CFT</bank_type><sign>A8E7110E6C81CCEFC2B3C6924C6A487E</sign><out_trade_no>38</out_trade_no><fee_type>CNY</fee_type></xml>


执行日期：2017-02-22-14：37：58
【succsss】:
<xml><mch_id>100000036258</mch_id><transaction_id>1000000362581148774542000000002</transaction_id><is_subscribe>N</is_subscribe><out_trade_no>38</out_trade_no><time_end>20170222143732</time_end><total_fee>1</total_fee><nonce_str>eb34415b707de3c4e1a84cbb6c44c957</nonce_str><bank_type>CFT</bank_type><trade_type>NATIVE</trade_type><fee_type>CNY</fee_type><sign>A8E7110E6C81CCEFC2B3C6924C6A487E</sign><cash_fee>1</cash_fee><return_code>SUCCESS</return_code><openid>odbfdwQ1o8g49WKBONw4MX2Hq_4E</openid><result_code>SUCCESS</result_code><trade_state>SUCCESS</trade_state></xml>


执行日期：2017-02-22-14：38：31
【succsss】:
<xml><result_code>SUCCESS</result_code><cash_fee>1</cash_fee><sign>A8E7110E6C81CCEFC2B3C6924C6A487E</sign><nonce_str>eb34415b707de3c4e1a84cbb6c44c957</nonce_str><trade_state>SUCCESS</trade_state><return_code>SUCCESS</return_code><total_fee>1</total_fee><fee_type>CNY</fee_type><time_end>20170222143732</time_end><transaction_id>1000000362581148774542000000002</transaction_id><is_subscribe>N</is_subscribe><bank_type>CFT</bank_type><mch_id>100000036258</mch_id><out_trade_no>38</out_trade_no><trade_type>NATIVE</trade_type><openid>odbfdwQ1o8g49WKBONw4MX2Hq_4E</openid></xml>


执行日期：2017-02-22-14：39：23
【succsss】:
<xml><total_fee>1</total_fee><trade_type>NATIVE</trade_type><transaction_id>1000000362581148774554300000003</transaction_id><nonce_str>2163d577864a77a01b0b112497494605</nonce_str><out_trade_no>39</out_trade_no><cash_fee>1</cash_fee><openid>odbfdwQ1o8g49WKBONw4MX2Hq_4E</openid><is_subscribe>N</is_subscribe><result_code>SUCCESS</result_code><fee_type>CNY</fee_type><trade_state>SUCCESS</trade_state><time_end>20170222143924</time_end><mch_id>100000036258</mch_id><bank_type>CFT</bank_type><sign>8E4BA560800DDB9C4E7C7D0B972ED4DC</sign><return_code>SUCCESS</return_code></xml>


执行日期：2017-02-22-14：39：28
【succsss】:
<xml><return_code>SUCCESS</return_code><trade_type>NATIVE</trade_type><out_trade_no>39</out_trade_no><cash_fee>1</cash_fee><result_code>SUCCESS</result_code><nonce_str>2163d577864a77a01b0b112497494605</nonce_str><openid>odbfdwQ1o8g49WKBONw4MX2Hq_4E</openid><total_fee>1</total_fee><bank_type>CFT</bank_type><transaction_id>1000000362581148774554300000003</transaction_id><trade_state>SUCCESS</trade_state><time_end>20170222143924</time_end><mch_id>100000036258</mch_id><sign>8E4BA560800DDB9C4E7C7D0B972ED4DC</sign><fee_type>CNY</fee_type><is_subscribe>N</is_subscribe></xml>


执行日期：2017-02-22-14：39：34
【succsss】:
<xml><is_subscribe>N</is_subscribe><return_code>SUCCESS</return_code><total_fee>1</total_fee><out_trade_no>39</out_trade_no><nonce_str>2163d577864a77a01b0b112497494605</nonce_str><bank_type>CFT</bank_type><trade_type>NATIVE</trade_type><result_code>SUCCESS</result_code><sign>8E4BA560800DDB9C4E7C7D0B972ED4DC</sign><openid>odbfdwQ1o8g49WKBONw4MX2Hq_4E</openid><transaction_id>1000000362581148774554300000003</transaction_id><fee_type>CNY</fee_type><trade_state>SUCCESS</trade_state><cash_fee>1</cash_fee><mch_id>100000036258</mch_id><time_end>20170222143924</time_end></xml>


执行日期：2017-02-22-14：39：53
【succsss】:
<xml><result_code>SUCCESS</result_code><mch_id>100000036258</mch_id><transaction_id>1000000362581148774554300000003</transaction_id><trade_type>NATIVE</trade_type><return_code>SUCCESS</return_code><openid>odbfdwQ1o8g49WKBONw4MX2Hq_4E</openid><nonce_str>2163d577864a77a01b0b112497494605</nonce_str><is_subscribe>N</is_subscribe><sign>8E4BA560800DDB9C4E7C7D0B972ED4DC</sign><bank_type>CFT</bank_type><out_trade_no>39</out_trade_no><fee_type>CNY</fee_type><total_fee>1</total_fee><trade_state>SUCCESS</trade_state><cash_fee>1</cash_fee><time_end>20170222143924</time_end></xml>


执行日期：2017-02-22-14：40：25
【succsss】:
<xml><sign>8E4BA560800DDB9C4E7C7D0B972ED4DC</sign><nonce_str>2163d577864a77a01b0b112497494605</nonce_str><return_code>SUCCESS</return_code><fee_type>CNY</fee_type><time_end>20170222143924</time_end><cash_fee>1</cash_fee><mch_id>100000036258</mch_id><openid>odbfdwQ1o8g49WKBONw4MX2Hq_4E</openid><is_subscribe>N</is_subscribe><trade_state>SUCCESS</trade_state><transaction_id>1000000362581148774554300000003</transaction_id><bank_type>CFT</bank_type><out_trade_no>39</out_trade_no><trade_type>NATIVE</trade_type><result_code>SUCCESS</result_code><total_fee>1</total_fee></xml>


执行日期：2017-02-22-14：41：34
【succsss】:
<xml><total_fee>1</total_fee><fee_type>CNY</fee_type><return_code>SUCCESS</return_code><trade_state>SUCCESS</trade_state><openid>odbfdwQ1o8g49WKBONw4MX2Hq_4E</openid><bank_type>CFT</bank_type><out_trade_no>38</out_trade_no><is_subscribe>N</is_subscribe><cash_fee>1</cash_fee><result_code>SUCCESS</result_code><sign>A8E7110E6C81CCEFC2B3C6924C6A487E</sign><time_end>20170222143732</time_end><transaction_id>1000000362581148774542000000002</transaction_id><trade_type>NATIVE</trade_type><mch_id>100000036258</mch_id><nonce_str>eb34415b707de3c4e1a84cbb6c44c957</nonce_str></xml>


执行日期：2017-02-22-14：41：56
【succsss】:
<xml><openid>odbfdwQ1o8g49WKBONw4MX2Hq_4E</openid><result_code>SUCCESS</result_code><mch_id>100000036258</mch_id><nonce_str>6f3ac16f6a20993ec047ecb85104c333</nonce_str><sign>1191A98BE85B35FB489FC69EDD86E92B</sign><is_subscribe>N</is_subscribe><total_fee>1</total_fee><trade_state>SUCCESS</trade_state><fee_type>CNY</fee_type><bank_type>CFT</bank_type><trade_type>NATIVE</trade_type><out_trade_no>40</out_trade_no><time_end>20170222144156</time_end><return_code>SUCCESS</return_code><transaction_id>1000000362581148774568500000004</transaction_id><cash_fee>1</cash_fee></xml>


执行日期：2017-02-22-14：42：01
【succsss】:
<xml><is_subscribe>N</is_subscribe><out_trade_no>40</out_trade_no><nonce_str>6f3ac16f6a20993ec047ecb85104c333</nonce_str><trade_state>SUCCESS</trade_state><cash_fee>1</cash_fee><sign>1191A98BE85B35FB489FC69EDD86E92B</sign><transaction_id>1000000362581148774568500000004</transaction_id><return_code>SUCCESS</return_code><bank_type>CFT</bank_type><trade_type>NATIVE</trade_type><result_code>SUCCESS</result_code><fee_type>CNY</fee_type><mch_id>100000036258</mch_id><time_end>20170222144156</time_end><openid>odbfdwQ1o8g49WKBONw4MX2Hq_4E</openid><total_fee>1</total_fee></xml>


执行日期：2017-02-22-14：42：08
【succsss】:
<xml><trade_state>SUCCESS</trade_state><bank_type>CFT</bank_type><trade_type>NATIVE</trade_type><fee_type>CNY</fee_type><total_fee>1</total_fee><is_subscribe>N</is_subscribe><transaction_id>1000000362581148774568500000004</transaction_id><mch_id>100000036258</mch_id><sign>1191A98BE85B35FB489FC69EDD86E92B</sign><nonce_str>6f3ac16f6a20993ec047ecb85104c333</nonce_str><openid>odbfdwQ1o8g49WKBONw4MX2Hq_4E</openid><cash_fee>1</cash_fee><time_end>20170222144156</time_end><out_trade_no>40</out_trade_no><return_code>SUCCESS</return_code><result_code>SUCCESS</result_code></xml>


执行日期：2017-02-22-14：42：26
【succsss】:
<xml><transaction_id>1000000362581148774568500000004</transaction_id><result_code>SUCCESS</result_code><total_fee>1</total_fee><trade_type>NATIVE</trade_type><sign>1191A98BE85B35FB489FC69EDD86E92B</sign><return_code>SUCCESS</return_code><openid>odbfdwQ1o8g49WKBONw4MX2Hq_4E</openid><fee_type>CNY</fee_type><is_subscribe>N</is_subscribe><time_end>20170222144156</time_end><mch_id>100000036258</mch_id><cash_fee>1</cash_fee><nonce_str>6f3ac16f6a20993ec047ecb85104c333</nonce_str><bank_type>CFT</bank_type><out_trade_no>40</out_trade_no><trade_state>SUCCESS</trade_state></xml>


执行日期：2017-02-22-14：42：58
【succsss】:
<xml><out_trade_no>40</out_trade_no><result_code>SUCCESS</result_code><trade_state>SUCCESS</trade_state><cash_fee>1</cash_fee><fee_type>CNY</fee_type><bank_type>CFT</bank_type><nonce_str>6f3ac16f6a20993ec047ecb85104c333</nonce_str><transaction_id>1000000362581148774568500000004</transaction_id><time_end>20170222144156</time_end><trade_type>NATIVE</trade_type><mch_id>100000036258</mch_id><return_code>SUCCESS</return_code><openid>odbfdwQ1o8g49WKBONw4MX2Hq_4E</openid><is_subscribe>N</is_subscribe><sign>1191A98BE85B35FB489FC69EDD86E92B</sign><total_fee>1</total_fee></xml>


执行日期：2017-02-22-14：43：28
【succsss】:
<xml><trade_type>NATIVE</trade_type><result_code>SUCCESS</result_code><out_trade_no>39</out_trade_no><mch_id>100000036258</mch_id><transaction_id>1000000362581148774554300000003</transaction_id><cash_fee>1</cash_fee><nonce_str>2163d577864a77a01b0b112497494605</nonce_str><return_code>SUCCESS</return_code><trade_state>SUCCESS</trade_state><fee_type>CNY</fee_type><sign>8E4BA560800DDB9C4E7C7D0B972ED4DC</sign><openid>odbfdwQ1o8g49WKBONw4MX2Hq_4E</openid><time_end>20170222143924</time_end><bank_type>CFT</bank_type><is_subscribe>N</is_subscribe><total_fee>1</total_fee></xml>


执行日期：2017-02-22-14：45：58
【succsss】:
<xml><transaction_id>1000000362581148774568500000004</transaction_id><is_subscribe>N</is_subscribe><trade_state>SUCCESS</trade_state><result_code>SUCCESS</result_code><return_code>SUCCESS</return_code><time_end>20170222144156</time_end><trade_type>NATIVE</trade_type><openid>odbfdwQ1o8g49WKBONw4MX2Hq_4E</openid><sign>1191A98BE85B35FB489FC69EDD86E92B</sign><fee_type>CNY</fee_type><nonce_str>6f3ac16f6a20993ec047ecb85104c333</nonce_str><total_fee>1</total_fee><cash_fee>1</cash_fee><out_trade_no>40</out_trade_no><bank_type>CFT</bank_type><mch_id>100000036258</mch_id></xml>


执行日期：2017-02-22-15：11：37
【succsss】:
<xml><trade_type>NATIVE</trade_type><openid>odbfdwQ1o8g49WKBONw4MX2Hq_4E</openid><mch_id>100000036258</mch_id><cash_fee>1</cash_fee><time_end>20170222143732</time_end><return_code>SUCCESS</return_code><bank_type>CFT</bank_type><nonce_str>eb34415b707de3c4e1a84cbb6c44c957</nonce_str><out_trade_no>38</out_trade_no><result_code>SUCCESS</result_code><is_subscribe>N</is_subscribe><total_fee>1</total_fee><trade_state>SUCCESS</trade_state><fee_type>CNY</fee_type><transaction_id>1000000362581148774542000000002</transaction_id><sign>A8E7110E6C81CCEFC2B3C6924C6A487E</sign></xml>


执行日期：2017-02-22-15：13：31
【succsss】:
<xml><transaction_id>1000000362581148774554300000003</transaction_id><sign>8E4BA560800DDB9C4E7C7D0B972ED4DC</sign><mch_id>100000036258</mch_id><return_code>SUCCESS</return_code><fee_type>CNY</fee_type><is_subscribe>N</is_subscribe><total_fee>1</total_fee><time_end>20170222143924</time_end><out_trade_no>39</out_trade_no><trade_type>NATIVE</trade_type><bank_type>CFT</bank_type><nonce_str>2163d577864a77a01b0b112497494605</nonce_str><openid>odbfdwQ1o8g49WKBONw4MX2Hq_4E</openid><result_code>SUCCESS</result_code><cash_fee>1</cash_fee><trade_state>SUCCESS</trade_state></xml>


执行日期：2017-02-22-15：16：01
【succsss】:
<xml><openid>odbfdwQ1o8g49WKBONw4MX2Hq_4E</openid><result_code>SUCCESS</result_code><transaction_id>1000000362581148774568500000004</transaction_id><fee_type>CNY</fee_type><trade_state>SUCCESS</trade_state><return_code>SUCCESS</return_code><total_fee>1</total_fee><sign>1191A98BE85B35FB489FC69EDD86E92B</sign><out_trade_no>40</out_trade_no><trade_type>NATIVE</trade_type><nonce_str>6f3ac16f6a20993ec047ecb85104c333</nonce_str><is_subscribe>N</is_subscribe><cash_fee>1</cash_fee><bank_type>CFT</bank_type><time_end>20170222144156</time_end><mch_id>100000036258</mch_id></xml>


执行日期：2017-02-22-15：41：39
【succsss】:
<xml><time_end>20170222143732</time_end><return_code>SUCCESS</return_code><openid>odbfdwQ1o8g49WKBONw4MX2Hq_4E</openid><sign>A8E7110E6C81CCEFC2B3C6924C6A487E</sign><trade_type>NATIVE</trade_type><fee_type>CNY</fee_type><is_subscribe>N</is_subscribe><nonce_str>eb34415b707de3c4e1a84cbb6c44c957</nonce_str><trade_state>SUCCESS</trade_state><result_code>SUCCESS</result_code><total_fee>1</total_fee><mch_id>100000036258</mch_id><bank_type>CFT</bank_type><out_trade_no>38</out_trade_no><transaction_id>1000000362581148774542000000002</transaction_id><cash_fee>1</cash_fee></xml>


执行日期：2017-02-22-15：43：34
【succsss】:
<xml><result_code>SUCCESS</result_code><nonce_str>2163d577864a77a01b0b112497494605</nonce_str><trade_state>SUCCESS</trade_state><mch_id>100000036258</mch_id><fee_type>CNY</fee_type><sign>8E4BA560800DDB9C4E7C7D0B972ED4DC</sign><transaction_id>1000000362581148774554300000003</transaction_id><cash_fee>1</cash_fee><total_fee>1</total_fee><bank_type>CFT</bank_type><return_code>SUCCESS</return_code><out_trade_no>39</out_trade_no><time_end>20170222143924</time_end><is_subscribe>N</is_subscribe><openid>odbfdwQ1o8g49WKBONw4MX2Hq_4E</openid><trade_type>NATIVE</trade_type></xml>


执行日期：2017-02-22-15：46：03
【succsss】:
<xml><nonce_str>6f3ac16f6a20993ec047ecb85104c333</nonce_str><trade_state>SUCCESS</trade_state><openid>odbfdwQ1o8g49WKBONw4MX2Hq_4E</openid><result_code>SUCCESS</result_code><fee_type>CNY</fee_type><sign>1191A98BE85B35FB489FC69EDD86E92B</sign><time_end>20170222144156</time_end><trade_type>NATIVE</trade_type><cash_fee>1</cash_fee><out_trade_no>40</out_trade_no><bank_type>CFT</bank_type><return_code>SUCCESS</return_code><mch_id>100000036258</mch_id><total_fee>1</total_fee><is_subscribe>N</is_subscribe><transaction_id>1000000362581148774568500000004</transaction_id></xml>


执行日期：2017-02-22-16：11：41
【succsss】:
<xml><nonce_str>eb34415b707de3c4e1a84cbb6c44c957</nonce_str><mch_id>100000036258</mch_id><total_fee>1</total_fee><trade_type>NATIVE</trade_type><time_end>20170222143732</time_end><result_code>SUCCESS</result_code><transaction_id>1000000362581148774542000000002</transaction_id><fee_type>CNY</fee_type><out_trade_no>38</out_trade_no><return_code>SUCCESS</return_code><trade_state>SUCCESS</trade_state><openid>odbfdwQ1o8g49WKBONw4MX2Hq_4E</openid><is_subscribe>N</is_subscribe><bank_type>CFT</bank_type><sign>A8E7110E6C81CCEFC2B3C6924C6A487E</sign><cash_fee>1</cash_fee></xml>


执行日期：2017-02-22-16：13：36
【succsss】:
<xml><is_subscribe>N</is_subscribe><out_trade_no>39</out_trade_no><total_fee>1</total_fee><transaction_id>1000000362581148774554300000003</transaction_id><fee_type>CNY</fee_type><mch_id>100000036258</mch_id><bank_type>CFT</bank_type><openid>odbfdwQ1o8g49WKBONw4MX2Hq_4E</openid><result_code>SUCCESS</result_code><nonce_str>2163d577864a77a01b0b112497494605</nonce_str><time_end>20170222143924</time_end><sign>8E4BA560800DDB9C4E7C7D0B972ED4DC</sign><trade_state>SUCCESS</trade_state><return_code>SUCCESS</return_code><trade_type>NATIVE</trade_type><cash_fee>1</cash_fee></xml>


执行日期：2017-02-22-16：16：07
【succsss】:
<xml><bank_type>CFT</bank_type><transaction_id>1000000362581148774568500000004</transaction_id><out_trade_no>40</out_trade_no><trade_type>NATIVE</trade_type><total_fee>1</total_fee><is_subscribe>N</is_subscribe><nonce_str>6f3ac16f6a20993ec047ecb85104c333</nonce_str><result_code>SUCCESS</result_code><openid>odbfdwQ1o8g49WKBONw4MX2Hq_4E</openid><sign>1191A98BE85B35FB489FC69EDD86E92B</sign><cash_fee>1</cash_fee><trade_state>SUCCESS</trade_state><time_end>20170222144156</time_end><fee_type>CNY</fee_type><return_code>SUCCESS</return_code><mch_id>100000036258</mch_id></xml>


执行日期：2017-02-26-19：22：53
【succsss】:
<xml><cash_fee>1</cash_fee><trade_type>NATIVE</trade_type><time_end>20170226192254</time_end><trade_state>SUCCESS</trade_state><transaction_id>4100000036258148810815500000006</transaction_id><is_subscribe>N</is_subscribe><mch_id>100000036258</mch_id><sign>342D6C5ECF1DE54897A87903E34F4BDA</sign><nonce_str>993663909a044fba6ff18319ddb6be1e</nonce_str><out_trade_no>20</out_trade_no><return_code>SUCCESS</return_code><bank_type>CFT</bank_type><openid>odbfdwQ1o8g49WKBONw4MX2Hq_4E</openid><result_code>SUCCESS</result_code><fee_type>CNY</fee_type><total_fee>1</total_fee></xml>


执行日期：2017-02-26-19：22：57
【succsss】:
<xml><cash_fee>1</cash_fee><out_trade_no>20</out_trade_no><is_subscribe>N</is_subscribe><sign>342D6C5ECF1DE54897A87903E34F4BDA</sign><total_fee>1</total_fee><result_code>SUCCESS</result_code><trade_type>NATIVE</trade_type><fee_type>CNY</fee_type><return_code>SUCCESS</return_code><transaction_id>4100000036258148810815500000006</transaction_id><nonce_str>993663909a044fba6ff18319ddb6be1e</nonce_str><openid>odbfdwQ1o8g49WKBONw4MX2Hq_4E</openid><mch_id>100000036258</mch_id><trade_state>SUCCESS</trade_state><bank_type>CFT</bank_type><time_end>20170226192254</time_end></xml>


执行日期：2017-02-26-19：23：03
【succsss】:
<xml><sign>342D6C5ECF1DE54897A87903E34F4BDA</sign><out_trade_no>20</out_trade_no><result_code>SUCCESS</result_code><trade_state>SUCCESS</trade_state><bank_type>CFT</bank_type><total_fee>1</total_fee><nonce_str>993663909a044fba6ff18319ddb6be1e</nonce_str><time_end>20170226192254</time_end><fee_type>CNY</fee_type><is_subscribe>N</is_subscribe><transaction_id>4100000036258148810815500000006</transaction_id><cash_fee>1</cash_fee><mch_id>100000036258</mch_id><openid>odbfdwQ1o8g49WKBONw4MX2Hq_4E</openid><trade_type>NATIVE</trade_type><return_code>SUCCESS</return_code></xml>


执行日期：2017-02-26-19：23：22
【succsss】:
<xml><transaction_id>4100000036258148810815500000006</transaction_id><trade_type>NATIVE</trade_type><trade_state>SUCCESS</trade_state><bank_type>CFT</bank_type><return_code>SUCCESS</return_code><sign>342D6C5ECF1DE54897A87903E34F4BDA</sign><total_fee>1</total_fee><openid>odbfdwQ1o8g49WKBONw4MX2Hq_4E</openid><cash_fee>1</cash_fee><out_trade_no>20</out_trade_no><nonce_str>993663909a044fba6ff18319ddb6be1e</nonce_str><fee_type>CNY</fee_type><is_subscribe>N</is_subscribe><time_end>20170226192254</time_end><result_code>SUCCESS</result_code><mch_id>100000036258</mch_id></xml>


执行日期：2017-02-26-19：23：54
【succsss】:
<xml><total_fee>1</total_fee><time_end>20170226192254</time_end><trade_type>NATIVE</trade_type><bank_type>CFT</bank_type><out_trade_no>20</out_trade_no><is_subscribe>N</is_subscribe><cash_fee>1</cash_fee><return_code>SUCCESS</return_code><transaction_id>4100000036258148810815500000006</transaction_id><result_code>SUCCESS</result_code><sign>342D6C5ECF1DE54897A87903E34F4BDA</sign><trade_state>SUCCESS</trade_state><fee_type>CNY</fee_type><mch_id>100000036258</mch_id><openid>odbfdwQ1o8g49WKBONw4MX2Hq_4E</openid><nonce_str>993663909a044fba6ff18319ddb6be1e</nonce_str></xml>


执行日期：2017-02-26-19：24：42
【succsss】:
<xml><time_end>20170226192443</time_end><return_code>SUCCESS</return_code><out_trade_no>21</out_trade_no><sign>94D262E88AE4006AE8308FFD756919E7</sign><trade_type>NATIVE</trade_type><cash_fee>1</cash_fee><fee_type>CNY</fee_type><transaction_id>4100000036258148810826700000007</transaction_id><nonce_str>47712575fc32d02d3a4b1e887c623eea</nonce_str><bank_type>CFT</bank_type><total_fee>1</total_fee><is_subscribe>N</is_subscribe><result_code>SUCCESS</result_code><openid>odbfdwQ1o8g49WKBONw4MX2Hq_4E</openid><mch_id>100000036258</mch_id><trade_state>SUCCESS</trade_state></xml>


执行日期：2017-02-26-19：24：48
【succsss】:
<xml><trade_state>SUCCESS</trade_state><sign>94D262E88AE4006AE8308FFD756919E7</sign><out_trade_no>21</out_trade_no><trade_type>NATIVE</trade_type><openid>odbfdwQ1o8g49WKBONw4MX2Hq_4E</openid><is_subscribe>N</is_subscribe><cash_fee>1</cash_fee><return_code>SUCCESS</return_code><result_code>SUCCESS</result_code><time_end>20170226192443</time_end><transaction_id>4100000036258148810826700000007</transaction_id><nonce_str>47712575fc32d02d3a4b1e887c623eea</nonce_str><bank_type>CFT</bank_type><mch_id>100000036258</mch_id><total_fee>1</total_fee><fee_type>CNY</fee_type></xml>


执行日期：2017-02-26-19：24：54
【succsss】:
<xml><is_subscribe>N</is_subscribe><trade_state>SUCCESS</trade_state><cash_fee>1</cash_fee><return_code>SUCCESS</return_code><transaction_id>4100000036258148810826700000007</transaction_id><openid>odbfdwQ1o8g49WKBONw4MX2Hq_4E</openid><nonce_str>47712575fc32d02d3a4b1e887c623eea</nonce_str><out_trade_no>21</out_trade_no><bank_type>CFT</bank_type><fee_type>CNY</fee_type><sign>94D262E88AE4006AE8308FFD756919E7</sign><total_fee>1</total_fee><result_code>SUCCESS</result_code><mch_id>100000036258</mch_id><trade_type>NATIVE</trade_type><time_end>20170226192443</time_end></xml>


执行日期：2017-02-26-19：25：12
【succsss】:
<xml><return_code>SUCCESS</return_code><result_code>SUCCESS</result_code><cash_fee>1</cash_fee><mch_id>100000036258</mch_id><fee_type>CNY</fee_type><out_trade_no>21</out_trade_no><trade_type>NATIVE</trade_type><nonce_str>47712575fc32d02d3a4b1e887c623eea</nonce_str><trade_state>SUCCESS</trade_state><time_end>20170226192443</time_end><total_fee>1</total_fee><openid>odbfdwQ1o8g49WKBONw4MX2Hq_4E</openid><sign>94D262E88AE4006AE8308FFD756919E7</sign><transaction_id>4100000036258148810826700000007</transaction_id><bank_type>CFT</bank_type><is_subscribe>N</is_subscribe></xml>


执行日期：2017-02-26-19：25：45
【succsss】:
<xml><total_fee>1</total_fee><is_subscribe>N</is_subscribe><transaction_id>4100000036258148810826700000007</transaction_id><nonce_str>47712575fc32d02d3a4b1e887c623eea</nonce_str><fee_type>CNY</fee_type><bank_type>CFT</bank_type><result_code>SUCCESS</result_code><cash_fee>1</cash_fee><openid>odbfdwQ1o8g49WKBONw4MX2Hq_4E</openid><mch_id>100000036258</mch_id><time_end>20170226192443</time_end><trade_type>NATIVE</trade_type><out_trade_no>21</out_trade_no><return_code>SUCCESS</return_code><sign>94D262E88AE4006AE8308FFD756919E7</sign><trade_state>SUCCESS</trade_state></xml>


执行日期：2017-02-26-19：26：58
【succsss】:
<xml><fee_type>CNY</fee_type><nonce_str>993663909a044fba6ff18319ddb6be1e</nonce_str><trade_type>NATIVE</trade_type><result_code>SUCCESS</result_code><total_fee>1</total_fee><transaction_id>4100000036258148810815500000006</transaction_id><time_end>20170226192254</time_end><openid>odbfdwQ1o8g49WKBONw4MX2Hq_4E</openid><bank_type>CFT</bank_type><trade_state>SUCCESS</trade_state><sign>342D6C5ECF1DE54897A87903E34F4BDA</sign><out_trade_no>20</out_trade_no><cash_fee>1</cash_fee><mch_id>100000036258</mch_id><return_code>SUCCESS</return_code><is_subscribe>N</is_subscribe></xml>


执行日期：2017-02-26-19：28：49
【succsss】:
<xml><transaction_id>4100000036258148810826700000007</transaction_id><bank_type>CFT</bank_type><trade_type>NATIVE</trade_type><sign>94D262E88AE4006AE8308FFD756919E7</sign><time_end>20170226192443</time_end><mch_id>100000036258</mch_id><result_code>SUCCESS</result_code><fee_type>CNY</fee_type><openid>odbfdwQ1o8g49WKBONw4MX2Hq_4E</openid><return_code>SUCCESS</return_code><trade_state>SUCCESS</trade_state><total_fee>1</total_fee><is_subscribe>N</is_subscribe><out_trade_no>21</out_trade_no><cash_fee>1</cash_fee><nonce_str>47712575fc32d02d3a4b1e887c623eea</nonce_str></xml>


执行日期：2017-02-26-19：29：17
【succsss】:
<xml><trade_type>NATIVE</trade_type><time_end>20170226192918</time_end><out_trade_no>22</out_trade_no><result_code>SUCCESS</result_code><bank_type>CFT</bank_type><cash_fee>1</cash_fee><is_subscribe>N</is_subscribe><mch_id>100000036258</mch_id><nonce_str>b1093350d64871a0baba9adfd8430645</nonce_str><return_code>SUCCESS</return_code><openid>odbfdwQ1o8g49WKBONw4MX2Hq_4E</openid><fee_type>CNY</fee_type><total_fee>1</total_fee><trade_state>SUCCESS</trade_state><sign>FD360EA0DF59CF9B9BD478A130DACADC</sign><transaction_id>4100000036258148810853400000008</transaction_id></xml>


执行日期：2017-02-26-19：29：21
【succsss】:
<xml><trade_type>NATIVE</trade_type><bank_type>CFT</bank_type><openid>odbfdwQ1o8g49WKBONw4MX2Hq_4E</openid><total_fee>1</total_fee><return_code>SUCCESS</return_code><fee_type>CNY</fee_type><mch_id>100000036258</mch_id><cash_fee>1</cash_fee><is_subscribe>N</is_subscribe><sign>FD360EA0DF59CF9B9BD478A130DACADC</sign><result_code>SUCCESS</result_code><trade_state>SUCCESS</trade_state><out_trade_no>22</out_trade_no><time_end>20170226192918</time_end><transaction_id>4100000036258148810853400000008</transaction_id><nonce_str>b1093350d64871a0baba9adfd8430645</nonce_str></xml>


执行日期：2017-02-26-19：29：27
【succsss】:
<xml><result_code>SUCCESS</result_code><time_end>20170226192918</time_end><fee_type>CNY</fee_type><out_trade_no>22</out_trade_no><openid>odbfdwQ1o8g49WKBONw4MX2Hq_4E</openid><bank_type>CFT</bank_type><return_code>SUCCESS</return_code><cash_fee>1</cash_fee><nonce_str>b1093350d64871a0baba9adfd8430645</nonce_str><total_fee>1</total_fee><trade_state>SUCCESS</trade_state><mch_id>100000036258</mch_id><trade_type>NATIVE</trade_type><sign>FD360EA0DF59CF9B9BD478A130DACADC</sign><transaction_id>4100000036258148810853400000008</transaction_id><is_subscribe>N</is_subscribe></xml>


执行日期：2017-02-26-19：29：45
【succsss】:
<xml><fee_type>CNY</fee_type><bank_type>CFT</bank_type><nonce_str>b1093350d64871a0baba9adfd8430645</nonce_str><cash_fee>1</cash_fee><trade_state>SUCCESS</trade_state><mch_id>100000036258</mch_id><openid>odbfdwQ1o8g49WKBONw4MX2Hq_4E</openid><transaction_id>4100000036258148810853400000008</transaction_id><is_subscribe>N</is_subscribe><result_code>SUCCESS</result_code><total_fee>1</total_fee><sign>FD360EA0DF59CF9B9BD478A130DACADC</sign><time_end>20170226192918</time_end><out_trade_no>22</out_trade_no><trade_type>NATIVE</trade_type><return_code>SUCCESS</return_code></xml>


执行日期：2017-02-26-19：30：19
【succsss】:
<xml><mch_id>100000036258</mch_id><trade_type>NATIVE</trade_type><is_subscribe>N</is_subscribe><nonce_str>b1093350d64871a0baba9adfd8430645</nonce_str><fee_type>CNY</fee_type><time_end>20170226192918</time_end><trade_state>SUCCESS</trade_state><transaction_id>4100000036258148810853400000008</transaction_id><openid>odbfdwQ1o8g49WKBONw4MX2Hq_4E</openid><bank_type>CFT</bank_type><total_fee>1</total_fee><result_code>SUCCESS</result_code><return_code>SUCCESS</return_code><cash_fee>1</cash_fee><sign>FD360EA0DF59CF9B9BD478A130DACADC</sign><out_trade_no>22</out_trade_no></xml>


执行日期：2017-02-26-19：33：22
【succsss】:
<xml><result_code>SUCCESS</result_code><return_code>SUCCESS</return_code><openid>odbfdwQ1o8g49WKBONw4MX2Hq_4E</openid><bank_type>CFT</bank_type><is_subscribe>N</is_subscribe><total_fee>1</total_fee><time_end>20170226192918</time_end><cash_fee>1</cash_fee><mch_id>100000036258</mch_id><out_trade_no>22</out_trade_no><sign>FD360EA0DF59CF9B9BD478A130DACADC</sign><trade_state>SUCCESS</trade_state><nonce_str>b1093350d64871a0baba9adfd8430645</nonce_str><fee_type>CNY</fee_type><trade_type>NATIVE</trade_type><transaction_id>4100000036258148810853400000008</transaction_id></xml>


执行日期：2017-02-26-19：56：02
【succsss】:
<xml><is_subscribe>N</is_subscribe><trade_type>NATIVE</trade_type><nonce_str>b0dd839c40c9f64b17ecd6c6e6e1d27c</nonce_str><trade_state>SUCCESS</trade_state><transaction_id>4100000036258148811014000000009</transaction_id><return_code>SUCCESS</return_code><out_trade_no>10041</out_trade_no><mch_id>100000036258</mch_id><openid>odbfdwQ1o8g49WKBONw4MX2Hq_4E</openid><cash_fee>1</cash_fee><total_fee>1</total_fee><bank_type>CFT</bank_type><result_code>SUCCESS</result_code><time_end>20170226195602</time_end><sign>453782853045FAE1944165BE62A8F067</sign><fee_type>CNY</fee_type></xml>


执行日期：2017-02-26-19：56：06
【succsss】:
<xml><trade_state>SUCCESS</trade_state><transaction_id>4100000036258148811014000000009</transaction_id><cash_fee>1</cash_fee><out_trade_no>10041</out_trade_no><result_code>SUCCESS</result_code><nonce_str>b0dd839c40c9f64b17ecd6c6e6e1d27c</nonce_str><return_code>SUCCESS</return_code><fee_type>CNY</fee_type><is_subscribe>N</is_subscribe><sign>453782853045FAE1944165BE62A8F067</sign><bank_type>CFT</bank_type><time_end>20170226195602</time_end><mch_id>100000036258</mch_id><openid>odbfdwQ1o8g49WKBONw4MX2Hq_4E</openid><trade_type>NATIVE</trade_type><total_fee>1</total_fee></xml>


执行日期：2017-02-26-19：56：12
【succsss】:
<xml><nonce_str>b0dd839c40c9f64b17ecd6c6e6e1d27c</nonce_str><bank_type>CFT</bank_type><time_end>20170226195602</time_end><trade_type>NATIVE</trade_type><is_subscribe>N</is_subscribe><openid>odbfdwQ1o8g49WKBONw4MX2Hq_4E</openid><fee_type>CNY</fee_type><result_code>SUCCESS</result_code><transaction_id>4100000036258148811014000000009</transaction_id><out_trade_no>10041</out_trade_no><total_fee>1</total_fee><cash_fee>1</cash_fee><mch_id>100000036258</mch_id><return_code>SUCCESS</return_code><trade_state>SUCCESS</trade_state><sign>453782853045FAE1944165BE62A8F067</sign></xml>


执行日期：2017-02-26-19：56：30
【succsss】:
<xml><total_fee>1</total_fee><bank_type>CFT</bank_type><cash_fee>1</cash_fee><trade_type>NATIVE</trade_type><nonce_str>b0dd839c40c9f64b17ecd6c6e6e1d27c</nonce_str><out_trade_no>10041</out_trade_no><return_code>SUCCESS</return_code><is_subscribe>N</is_subscribe><mch_id>100000036258</mch_id><trade_state>SUCCESS</trade_state><transaction_id>4100000036258148811014000000009</transaction_id><fee_type>CNY</fee_type><openid>odbfdwQ1o8g49WKBONw4MX2Hq_4E</openid><result_code>SUCCESS</result_code><sign>453782853045FAE1944165BE62A8F067</sign><time_end>20170226195602</time_end></xml>


执行日期：2017-02-26-19：57：03
【succsss】:
<xml><out_trade_no>10041</out_trade_no><trade_type>NATIVE</trade_type><nonce_str>b0dd839c40c9f64b17ecd6c6e6e1d27c</nonce_str><result_code>SUCCESS</result_code><fee_type>CNY</fee_type><is_subscribe>N</is_subscribe><sign>453782853045FAE1944165BE62A8F067</sign><mch_id>100000036258</mch_id><total_fee>1</total_fee><openid>odbfdwQ1o8g49WKBONw4MX2Hq_4E</openid><return_code>SUCCESS</return_code><time_end>20170226195602</time_end><transaction_id>4100000036258148811014000000009</transaction_id><bank_type>CFT</bank_type><cash_fee>1</cash_fee><trade_state>SUCCESS</trade_state></xml>


执行日期：2017-02-26-19：57：28
【succsss】:
<xml><result_code>SUCCESS</result_code><time_end>20170226195728</time_end><is_subscribe>N</is_subscribe><bank_type>CFT</bank_type><transaction_id>4100000036258148811022200000010</transaction_id><mch_id>100000036258</mch_id><nonce_str>fa0fa6605c30f25ce12b04f8ce147431</nonce_str><total_fee>1</total_fee><fee_type>CNY</fee_type><out_trade_no>10042</out_trade_no><trade_state>SUCCESS</trade_state><openid>odbfdwQ1o8g49WKBONw4MX2Hq_4E</openid><trade_type>NATIVE</trade_type><cash_fee>1</cash_fee><sign>CEDEA5F2697F1B06E48055CB313BB227</sign><return_code>SUCCESS</return_code></xml>


执行日期：2017-02-26-19：57：33
【succsss】:
<xml><fee_type>CNY</fee_type><cash_fee>1</cash_fee><trade_type>NATIVE</trade_type><time_end>20170226195728</time_end><result_code>SUCCESS</result_code><total_fee>1</total_fee><is_subscribe>N</is_subscribe><return_code>SUCCESS</return_code><openid>odbfdwQ1o8g49WKBONw4MX2Hq_4E</openid><trade_state>SUCCESS</trade_state><transaction_id>4100000036258148811022200000010</transaction_id><out_trade_no>10042</out_trade_no><mch_id>100000036258</mch_id><bank_type>CFT</bank_type><nonce_str>fa0fa6605c30f25ce12b04f8ce147431</nonce_str><sign>CEDEA5F2697F1B06E48055CB313BB227</sign></xml>


执行日期：2017-02-26-19：57：39
【succsss】:
<xml><cash_fee>1</cash_fee><total_fee>1</total_fee><result_code>SUCCESS</result_code><sign>CEDEA5F2697F1B06E48055CB313BB227</sign><is_subscribe>N</is_subscribe><bank_type>CFT</bank_type><fee_type>CNY</fee_type><openid>odbfdwQ1o8g49WKBONw4MX2Hq_4E</openid><trade_type>NATIVE</trade_type><nonce_str>fa0fa6605c30f25ce12b04f8ce147431</nonce_str><mch_id>100000036258</mch_id><time_end>20170226195728</time_end><trade_state>SUCCESS</trade_state><out_trade_no>10042</out_trade_no><return_code>SUCCESS</return_code><transaction_id>4100000036258148811022200000010</transaction_id></xml>


执行日期：2017-02-26-19：57：57
【succsss】:
<xml><fee_type>CNY</fee_type><total_fee>1</total_fee><is_subscribe>N</is_subscribe><trade_type>NATIVE</trade_type><openid>odbfdwQ1o8g49WKBONw4MX2Hq_4E</openid><time_end>20170226195728</time_end><result_code>SUCCESS</result_code><return_code>SUCCESS</return_code><bank_type>CFT</bank_type><out_trade_no>10042</out_trade_no><trade_state>SUCCESS</trade_state><mch_id>100000036258</mch_id><nonce_str>fa0fa6605c30f25ce12b04f8ce147431</nonce_str><sign>CEDEA5F2697F1B06E48055CB313BB227</sign><transaction_id>4100000036258148811022200000010</transaction_id><cash_fee>1</cash_fee></xml>


执行日期：2017-02-26-19：58：30
【succsss】:
<xml><transaction_id>4100000036258148811022200000010</transaction_id><trade_state>SUCCESS</trade_state><nonce_str>fa0fa6605c30f25ce12b04f8ce147431</nonce_str><is_subscribe>N</is_subscribe><return_code>SUCCESS</return_code><bank_type>CFT</bank_type><sign>CEDEA5F2697F1B06E48055CB313BB227</sign><out_trade_no>10042</out_trade_no><openid>odbfdwQ1o8g49WKBONw4MX2Hq_4E</openid><mch_id>100000036258</mch_id><trade_type>NATIVE</trade_type><result_code>SUCCESS</result_code><fee_type>CNY</fee_type><cash_fee>1</cash_fee><total_fee>1</total_fee><time_end>20170226195728</time_end></xml>


执行日期：2017-02-26-20：00：04
【succsss】:
<xml><transaction_id>4100000036258148811014000000009</transaction_id><trade_state>SUCCESS</trade_state><time_end>20170226195602</time_end><openid>odbfdwQ1o8g49WKBONw4MX2Hq_4E</openid><is_subscribe>N</is_subscribe><total_fee>1</total_fee><trade_type>NATIVE</trade_type><bank_type>CFT</bank_type><mch_id>100000036258</mch_id><sign>453782853045FAE1944165BE62A8F067</sign><return_code>SUCCESS</return_code><out_trade_no>10041</out_trade_no><result_code>SUCCESS</result_code><fee_type>CNY</fee_type><cash_fee>1</cash_fee><nonce_str>b0dd839c40c9f64b17ecd6c6e6e1d27c</nonce_str></xml>


执行日期：2017-02-26-20：00：36
【succsss】:
<xml><sign>D1F1210B7666C6BF0DC509DCEA2219C1</sign><is_subscribe>N</is_subscribe><result_code>SUCCESS</result_code><time_end>20170226200036</time_end><transaction_id>4100000036258148811042000000011</transaction_id><fee_type>CNY</fee_type><openid>odbfdwQ1o8g49WKBONw4MX2Hq_4E</openid><cash_fee>1</cash_fee><bank_type>CFT</bank_type><trade_type>NATIVE</trade_type><nonce_str>41dd940258f3465c008362ee187f97eb</nonce_str><out_trade_no>10043</out_trade_no><mch_id>100000036258</mch_id><return_code>SUCCESS</return_code><total_fee>1</total_fee><trade_state>SUCCESS</trade_state></xml>


执行日期：2017-02-26-20：00：43
【succsss】:
<xml><trade_type>NATIVE</trade_type><trade_state>SUCCESS</trade_state><openid>odbfdwQ1o8g49WKBONw4MX2Hq_4E</openid><cash_fee>1</cash_fee><mch_id>100000036258</mch_id><is_subscribe>N</is_subscribe><result_code>SUCCESS</result_code><sign>D1F1210B7666C6BF0DC509DCEA2219C1</sign><out_trade_no>10043</out_trade_no><total_fee>1</total_fee><nonce_str>41dd940258f3465c008362ee187f97eb</nonce_str><return_code>SUCCESS</return_code><transaction_id>4100000036258148811042000000011</transaction_id><bank_type>CFT</bank_type><time_end>20170226200036</time_end><fee_type>CNY</fee_type></xml>


执行日期：2017-02-26-20：00：48
【succsss】:
<xml><return_code>SUCCESS</return_code><trade_type>NATIVE</trade_type><is_subscribe>N</is_subscribe><total_fee>1</total_fee><time_end>20170226200036</time_end><trade_state>SUCCESS</trade_state><out_trade_no>10043</out_trade_no><result_code>SUCCESS</result_code><sign>D1F1210B7666C6BF0DC509DCEA2219C1</sign><cash_fee>1</cash_fee><mch_id>100000036258</mch_id><openid>odbfdwQ1o8g49WKBONw4MX2Hq_4E</openid><bank_type>CFT</bank_type><fee_type>CNY</fee_type><nonce_str>41dd940258f3465c008362ee187f97eb</nonce_str><transaction_id>4100000036258148811042000000011</transaction_id></xml>


执行日期：2017-02-26-20：01：07
【succsss】:
<xml><time_end>20170226200036</time_end><sign>D1F1210B7666C6BF0DC509DCEA2219C1</sign><fee_type>CNY</fee_type><cash_fee>1</cash_fee><total_fee>1</total_fee><openid>odbfdwQ1o8g49WKBONw4MX2Hq_4E</openid><is_subscribe>N</is_subscribe><transaction_id>4100000036258148811042000000011</transaction_id><return_code>SUCCESS</return_code><mch_id>100000036258</mch_id><bank_type>CFT</bank_type><trade_type>NATIVE</trade_type><nonce_str>41dd940258f3465c008362ee187f97eb</nonce_str><trade_state>SUCCESS</trade_state><result_code>SUCCESS</result_code><out_trade_no>10043</out_trade_no></xml>


执行日期：2017-02-26-20：01：29
【succsss】:
<xml><sign>DE351DFEC29406B229FA7C9222434AE4</sign><nonce_str>28311b4cbc7907ec81900c64c471b1fe</nonce_str><result_code>SUCCESS</result_code><time_end>20170226200129</time_end><transaction_id>4100000036258148811047700000012</transaction_id><out_trade_no>10044</out_trade_no><trade_state>SUCCESS</trade_state><trade_type>NATIVE</trade_type><return_code>SUCCESS</return_code><fee_type>CNY</fee_type><bank_type>CFT</bank_type><cash_fee>1</cash_fee><openid>odbfdwQ1o8g49WKBONw4MX2Hq_4E</openid><mch_id>100000036258</mch_id><is_subscribe>N</is_subscribe><total_fee>1</total_fee></xml>


执行日期：2017-02-26-20：01：33
【succsss】:
<xml><result_code>SUCCESS</result_code><fee_type>CNY</fee_type><out_trade_no>10042</out_trade_no><trade_type>NATIVE</trade_type><cash_fee>1</cash_fee><return_code>SUCCESS</return_code><is_subscribe>N</is_subscribe><trade_state>SUCCESS</trade_state><time_end>20170226195728</time_end><transaction_id>4100000036258148811022200000010</transaction_id><openid>odbfdwQ1o8g49WKBONw4MX2Hq_4E</openid><nonce_str>fa0fa6605c30f25ce12b04f8ce147431</nonce_str><total_fee>1</total_fee><mch_id>100000036258</mch_id><sign>CEDEA5F2697F1B06E48055CB313BB227</sign><bank_type>CFT</bank_type></xml>


执行日期：2017-02-26-20：01：34
【succsss】:
<xml><openid>odbfdwQ1o8g49WKBONw4MX2Hq_4E</openid><return_code>SUCCESS</return_code><bank_type>CFT</bank_type><mch_id>100000036258</mch_id><transaction_id>4100000036258148811047700000012</transaction_id><nonce_str>28311b4cbc7907ec81900c64c471b1fe</nonce_str><trade_state>SUCCESS</trade_state><total_fee>1</total_fee><out_trade_no>10044</out_trade_no><cash_fee>1</cash_fee><result_code>SUCCESS</result_code><sign>DE351DFEC29406B229FA7C9222434AE4</sign><is_subscribe>N</is_subscribe><time_end>20170226200129</time_end><trade_type>NATIVE</trade_type><fee_type>CNY</fee_type></xml>


执行日期：2017-02-26-20：01：39
【succsss】:
<xml><cash_fee>1</cash_fee><total_fee>1</total_fee><bank_type>CFT</bank_type><sign>DE351DFEC29406B229FA7C9222434AE4</sign><time_end>20170226200129</time_end><transaction_id>4100000036258148811047700000012</transaction_id><is_subscribe>N</is_subscribe><out_trade_no>10044</out_trade_no><result_code>SUCCESS</result_code><fee_type>CNY</fee_type><trade_type>NATIVE</trade_type><trade_state>SUCCESS</trade_state><nonce_str>28311b4cbc7907ec81900c64c471b1fe</nonce_str><return_code>SUCCESS</return_code><mch_id>100000036258</mch_id><openid>odbfdwQ1o8g49WKBONw4MX2Hq_4E</openid></xml>


执行日期：2017-02-26-20：01：39
【succsss】:
<xml><total_fee>1</total_fee><transaction_id>4100000036258148811042000000011</transaction_id><cash_fee>1</cash_fee><trade_type>NATIVE</trade_type><trade_state>SUCCESS</trade_state><mch_id>100000036258</mch_id><is_subscribe>N</is_subscribe><result_code>SUCCESS</result_code><time_end>20170226200036</time_end><sign>D1F1210B7666C6BF0DC509DCEA2219C1</sign><nonce_str>41dd940258f3465c008362ee187f97eb</nonce_str><fee_type>CNY</fee_type><openid>odbfdwQ1o8g49WKBONw4MX2Hq_4E</openid><return_code>SUCCESS</return_code><bank_type>CFT</bank_type><out_trade_no>10043</out_trade_no></xml>


执行日期：2017-02-26-20：01：58
【succsss】:
<xml><openid>odbfdwQ1o8g49WKBONw4MX2Hq_4E</openid><trade_type>NATIVE</trade_type><time_end>20170226200129</time_end><return_code>SUCCESS</return_code><nonce_str>28311b4cbc7907ec81900c64c471b1fe</nonce_str><bank_type>CFT</bank_type><sign>DE351DFEC29406B229FA7C9222434AE4</sign><trade_state>SUCCESS</trade_state><total_fee>1</total_fee><out_trade_no>10044</out_trade_no><transaction_id>4100000036258148811047700000012</transaction_id><is_subscribe>N</is_subscribe><mch_id>100000036258</mch_id><cash_fee>1</cash_fee><fee_type>CNY</fee_type><result_code>SUCCESS</result_code></xml>


执行日期：2017-02-26-20：02：30
【succsss】:
<xml><mch_id>100000036258</mch_id><time_end>20170226200129</time_end><return_code>SUCCESS</return_code><nonce_str>28311b4cbc7907ec81900c64c471b1fe</nonce_str><total_fee>1</total_fee><cash_fee>1</cash_fee><transaction_id>4100000036258148811047700000012</transaction_id><out_trade_no>10044</out_trade_no><sign>DE351DFEC29406B229FA7C9222434AE4</sign><trade_state>SUCCESS</trade_state><openid>odbfdwQ1o8g49WKBONw4MX2Hq_4E</openid><result_code>SUCCESS</result_code><trade_type>NATIVE</trade_type><fee_type>CNY</fee_type><bank_type>CFT</bank_type><is_subscribe>N</is_subscribe></xml>


执行日期：2017-02-26-20：02：42
【succsss】:
<xml><openid>odbfdwQ1o8g49WKBONw4MX2Hq_4E</openid><out_trade_no>10045</out_trade_no><time_end>20170226200243</time_end><fee_type>CNY</fee_type><is_subscribe>N</is_subscribe><cash_fee>1</cash_fee><return_code>SUCCESS</return_code><nonce_str>f9ab042cb7709b8be81e93bc0eaee0b7</nonce_str><bank_type>CFT</bank_type><mch_id>100000036258</mch_id><transaction_id>4100000036258148811055000000013</transaction_id><sign>EF95C51ED0E4B28846CF6CFF1A68B34B</sign><trade_type>NATIVE</trade_type><total_fee>1</total_fee><result_code>SUCCESS</result_code><trade_state>SUCCESS</trade_state></xml>


执行日期：2017-02-26-20：02：45
【succsss】:
<xml><openid>odbfdwQ1o8g49WKBONw4MX2Hq_4E</openid><transaction_id>4100000036258148811055000000013</transaction_id><total_fee>1</total_fee><fee_type>CNY</fee_type><cash_fee>1</cash_fee><nonce_str>f9ab042cb7709b8be81e93bc0eaee0b7</nonce_str><return_code>SUCCESS</return_code><is_subscribe>N</is_subscribe><sign>EF95C51ED0E4B28846CF6CFF1A68B34B</sign><result_code>SUCCESS</result_code><out_trade_no>10045</out_trade_no><time_end>20170226200243</time_end><trade_type>NATIVE</trade_type><mch_id>100000036258</mch_id><bank_type>CFT</bank_type><trade_state>SUCCESS</trade_state></xml>


执行日期：2017-02-26-20：02：52
【succsss】:
<xml><sign>EF95C51ED0E4B28846CF6CFF1A68B34B</sign><trade_type>NATIVE</trade_type><result_code>SUCCESS</result_code><fee_type>CNY</fee_type><total_fee>1</total_fee><time_end>20170226200243</time_end><return_code>SUCCESS</return_code><out_trade_no>10045</out_trade_no><is_subscribe>N</is_subscribe><trade_state>SUCCESS</trade_state><bank_type>CFT</bank_type><transaction_id>4100000036258148811055000000013</transaction_id><openid>odbfdwQ1o8g49WKBONw4MX2Hq_4E</openid><mch_id>100000036258</mch_id><nonce_str>f9ab042cb7709b8be81e93bc0eaee0b7</nonce_str><cash_fee>1</cash_fee></xml>


执行日期：2017-02-26-20：03：09
【succsss】:
<xml><return_code>SUCCESS</return_code><trade_type>NATIVE</trade_type><fee_type>CNY</fee_type><time_end>20170226200243</time_end><openid>odbfdwQ1o8g49WKBONw4MX2Hq_4E</openid><nonce_str>f9ab042cb7709b8be81e93bc0eaee0b7</nonce_str><trade_state>SUCCESS</trade_state><result_code>SUCCESS</result_code><bank_type>CFT</bank_type><transaction_id>4100000036258148811055000000013</transaction_id><is_subscribe>N</is_subscribe><mch_id>100000036258</mch_id><sign>EF95C51ED0E4B28846CF6CFF1A68B34B</sign><total_fee>1</total_fee><out_trade_no>10045</out_trade_no><cash_fee>1</cash_fee></xml>


执行日期：2017-02-26-20：03：20
【succsss】:
<xml><openid>odbfdwQ1o8g49WKBONw4MX2Hq_4E</openid><is_subscribe>N</is_subscribe><return_code>SUCCESS</return_code><trade_type>NATIVE</trade_type><result_code>SUCCESS</result_code><sign>BFE17443B2C59B2FEDE7863682232B7B</sign><transaction_id>4100000036258148811058800000014</transaction_id><fee_type>CNY</fee_type><nonce_str>7a49bb6eea8f09bfe29656f171c8acbe</nonce_str><trade_state>SUCCESS</trade_state><time_end>20170226200321</time_end><cash_fee>1</cash_fee><bank_type>CFT</bank_type><total_fee>1</total_fee><out_trade_no>10046</out_trade_no><mch_id>100000036258</mch_id></xml>


执行日期：2017-02-26-20：03：24
【succsss】:
<xml><trade_type>NATIVE</trade_type><mch_id>100000036258</mch_id><sign>BFE17443B2C59B2FEDE7863682232B7B</sign><cash_fee>1</cash_fee><total_fee>1</total_fee><transaction_id>4100000036258148811058800000014</transaction_id><return_code>SUCCESS</return_code><nonce_str>7a49bb6eea8f09bfe29656f171c8acbe</nonce_str><fee_type>CNY</fee_type><out_trade_no>10046</out_trade_no><trade_state>SUCCESS</trade_state><bank_type>CFT</bank_type><is_subscribe>N</is_subscribe><result_code>SUCCESS</result_code><time_end>20170226200321</time_end><openid>odbfdwQ1o8g49WKBONw4MX2Hq_4E</openid></xml>


执行日期：2017-02-26-20：03：30
【succsss】:
<xml><trade_state>SUCCESS</trade_state><bank_type>CFT</bank_type><sign>BFE17443B2C59B2FEDE7863682232B7B</sign><openid>odbfdwQ1o8g49WKBONw4MX2Hq_4E</openid><is_subscribe>N</is_subscribe><time_end>20170226200321</time_end><transaction_id>4100000036258148811058800000014</transaction_id><result_code>SUCCESS</result_code><out_trade_no>10046</out_trade_no><return_code>SUCCESS</return_code><nonce_str>7a49bb6eea8f09bfe29656f171c8acbe</nonce_str><cash_fee>1</cash_fee><total_fee>1</total_fee><trade_type>NATIVE</trade_type><fee_type>CNY</fee_type><mch_id>100000036258</mch_id></xml>


执行日期：2017-02-26-20：03：42
【succsss】:
<xml><return_code>SUCCESS</return_code><nonce_str>f9ab042cb7709b8be81e93bc0eaee0b7</nonce_str><total_fee>1</total_fee><result_code>SUCCESS</result_code><time_end>20170226200243</time_end><is_subscribe>N</is_subscribe><out_trade_no>10045</out_trade_no><openid>odbfdwQ1o8g49WKBONw4MX2Hq_4E</openid><mch_id>100000036258</mch_id><sign>EF95C51ED0E4B28846CF6CFF1A68B34B</sign><bank_type>CFT</bank_type><transaction_id>4100000036258148811055000000013</transaction_id><trade_type>NATIVE</trade_type><cash_fee>1</cash_fee><fee_type>CNY</fee_type><trade_state>SUCCESS</trade_state></xml>


执行日期：2017-02-26-20：03：49
【succsss】:
<xml><trade_state>SUCCESS</trade_state><bank_type>CFT</bank_type><cash_fee>1</cash_fee><trade_type>NATIVE</trade_type><nonce_str>7a49bb6eea8f09bfe29656f171c8acbe</nonce_str><time_end>20170226200321</time_end><fee_type>CNY</fee_type><transaction_id>4100000036258148811058800000014</transaction_id><result_code>SUCCESS</result_code><total_fee>1</total_fee><return_code>SUCCESS</return_code><mch_id>100000036258</mch_id><sign>BFE17443B2C59B2FEDE7863682232B7B</sign><out_trade_no>10046</out_trade_no><openid>odbfdwQ1o8g49WKBONw4MX2Hq_4E</openid><is_subscribe>N</is_subscribe></xml>


执行日期：2017-02-26-20：04：22
【succsss】:
<xml><cash_fee>1</cash_fee><nonce_str>7a49bb6eea8f09bfe29656f171c8acbe</nonce_str><is_subscribe>N</is_subscribe><mch_id>100000036258</mch_id><result_code>SUCCESS</result_code><sign>BFE17443B2C59B2FEDE7863682232B7B</sign><trade_type>NATIVE</trade_type><out_trade_no>10046</out_trade_no><fee_type>CNY</fee_type><total_fee>1</total_fee><time_end>20170226200321</time_end><transaction_id>4100000036258148811058800000014</transaction_id><bank_type>CFT</bank_type><openid>odbfdwQ1o8g49WKBONw4MX2Hq_4E</openid><return_code>SUCCESS</return_code><trade_state>SUCCESS</trade_state></xml>


执行日期：2017-02-26-20：04：40
【succsss】:
<xml><return_code>SUCCESS</return_code><sign>D1F1210B7666C6BF0DC509DCEA2219C1</sign><cash_fee>1</cash_fee><result_code>SUCCESS</result_code><openid>odbfdwQ1o8g49WKBONw4MX2Hq_4E</openid><fee_type>CNY</fee_type><trade_state>SUCCESS</trade_state><transaction_id>4100000036258148811042000000011</transaction_id><total_fee>1</total_fee><out_trade_no>10043</out_trade_no><is_subscribe>N</is_subscribe><bank_type>CFT</bank_type><nonce_str>41dd940258f3465c008362ee187f97eb</nonce_str><time_end>20170226200036</time_end><mch_id>100000036258</mch_id><trade_type>NATIVE</trade_type></xml>


执行日期：2017-02-26-20：05：31
【succsss】:
<xml><is_subscribe>N</is_subscribe><result_code>SUCCESS</result_code><openid>odbfdwQ1o8g49WKBONw4MX2Hq_4E</openid><sign>DE351DFEC29406B229FA7C9222434AE4</sign><out_trade_no>10044</out_trade_no><trade_type>NATIVE</trade_type><return_code>SUCCESS</return_code><mch_id>100000036258</mch_id><cash_fee>1</cash_fee><time_end>20170226200129</time_end><nonce_str>28311b4cbc7907ec81900c64c471b1fe</nonce_str><bank_type>CFT</bank_type><fee_type>CNY</fee_type><transaction_id>4100000036258148811047700000012</transaction_id><total_fee>1</total_fee><trade_state>SUCCESS</trade_state></xml>


执行日期：2017-02-26-20：06：43
【succsss】:
<xml><return_code>SUCCESS</return_code><mch_id>100000036258</mch_id><fee_type>CNY</fee_type><trade_type>NATIVE</trade_type><total_fee>1</total_fee><cash_fee>1</cash_fee><is_subscribe>N</is_subscribe><sign>EF95C51ED0E4B28846CF6CFF1A68B34B</sign><bank_type>CFT</bank_type><trade_state>SUCCESS</trade_state><nonce_str>f9ab042cb7709b8be81e93bc0eaee0b7</nonce_str><time_end>20170226200243</time_end><out_trade_no>10045</out_trade_no><transaction_id>4100000036258148811055000000013</transaction_id><openid>odbfdwQ1o8g49WKBONw4MX2Hq_4E</openid><result_code>SUCCESS</result_code></xml>


执行日期：2017-02-26-20：07：22
【succsss】:
<xml><time_end>20170226200321</time_end><trade_state>SUCCESS</trade_state><result_code>SUCCESS</result_code><openid>odbfdwQ1o8g49WKBONw4MX2Hq_4E</openid><trade_type>NATIVE</trade_type><fee_type>CNY</fee_type><is_subscribe>N</is_subscribe><mch_id>100000036258</mch_id><out_trade_no>10046</out_trade_no><cash_fee>1</cash_fee><sign>BFE17443B2C59B2FEDE7863682232B7B</sign><total_fee>1</total_fee><bank_type>CFT</bank_type><return_code>SUCCESS</return_code><transaction_id>4100000036258148811058800000014</transaction_id><nonce_str>7a49bb6eea8f09bfe29656f171c8acbe</nonce_str></xml>


执行日期：2017-02-26-20：30：07
【succsss】:
<xml><out_trade_no>10041</out_trade_no><nonce_str>b0dd839c40c9f64b17ecd6c6e6e1d27c</nonce_str><openid>odbfdwQ1o8g49WKBONw4MX2Hq_4E</openid><trade_state>SUCCESS</trade_state><return_code>SUCCESS</return_code><result_code>SUCCESS</result_code><transaction_id>4100000036258148811014000000009</transaction_id><is_subscribe>N</is_subscribe><trade_type>NATIVE</trade_type><total_fee>1</total_fee><cash_fee>1</cash_fee><time_end>20170226195602</time_end><sign>453782853045FAE1944165BE62A8F067</sign><bank_type>CFT</bank_type><fee_type>CNY</fee_type><mch_id>100000036258</mch_id></xml>


执行日期：2017-02-26-20：31：36
【succsss】:
<xml><bank_type>CFT</bank_type><sign>CEDEA5F2697F1B06E48055CB313BB227</sign><transaction_id>4100000036258148811022200000010</transaction_id><cash_fee>1</cash_fee><trade_state>SUCCESS</trade_state><out_trade_no>10042</out_trade_no><time_end>20170226195728</time_end><openid>odbfdwQ1o8g49WKBONw4MX2Hq_4E</openid><mch_id>100000036258</mch_id><trade_type>NATIVE</trade_type><fee_type>CNY</fee_type><nonce_str>fa0fa6605c30f25ce12b04f8ce147431</nonce_str><total_fee>1</total_fee><result_code>SUCCESS</result_code><return_code>SUCCESS</return_code><is_subscribe>N</is_subscribe></xml>


执行日期：2017-02-26-20：34：43
【succsss】:
<xml><out_trade_no>10043</out_trade_no><cash_fee>1</cash_fee><fee_type>CNY</fee_type><trade_state>SUCCESS</trade_state><trade_type>NATIVE</trade_type><sign>D1F1210B7666C6BF0DC509DCEA2219C1</sign><is_subscribe>N</is_subscribe><mch_id>100000036258</mch_id><nonce_str>41dd940258f3465c008362ee187f97eb</nonce_str><transaction_id>4100000036258148811042000000011</transaction_id><openid>odbfdwQ1o8g49WKBONw4MX2Hq_4E</openid><result_code>SUCCESS</result_code><time_end>20170226200036</time_end><return_code>SUCCESS</return_code><total_fee>1</total_fee><bank_type>CFT</bank_type></xml>


执行日期：2017-02-26-20：35：33
【succsss】:
<xml><total_fee>1</total_fee><sign>DE351DFEC29406B229FA7C9222434AE4</sign><out_trade_no>10044</out_trade_no><trade_state>SUCCESS</trade_state><time_end>20170226200129</time_end><transaction_id>4100000036258148811047700000012</transaction_id><return_code>SUCCESS</return_code><fee_type>CNY</fee_type><nonce_str>28311b4cbc7907ec81900c64c471b1fe</nonce_str><is_subscribe>N</is_subscribe><mch_id>100000036258</mch_id><bank_type>CFT</bank_type><openid>odbfdwQ1o8g49WKBONw4MX2Hq_4E</openid><result_code>SUCCESS</result_code><trade_type>NATIVE</trade_type><cash_fee>1</cash_fee></xml>


执行日期：2017-02-26-20：36：46
【succsss】:
<xml><return_code>SUCCESS</return_code><is_subscribe>N</is_subscribe><mch_id>100000036258</mch_id><openid>odbfdwQ1o8g49WKBONw4MX2Hq_4E</openid><bank_type>CFT</bank_type><fee_type>CNY</fee_type><result_code>SUCCESS</result_code><transaction_id>4100000036258148811055000000013</transaction_id><time_end>20170226200243</time_end><sign>EF95C51ED0E4B28846CF6CFF1A68B34B</sign><trade_state>SUCCESS</trade_state><nonce_str>f9ab042cb7709b8be81e93bc0eaee0b7</nonce_str><cash_fee>1</cash_fee><out_trade_no>10045</out_trade_no><total_fee>1</total_fee><trade_type>NATIVE</trade_type></xml>


执行日期：2017-02-26-20：37：25
【succsss】:
<xml><transaction_id>4100000036258148811058800000014</transaction_id><bank_type>CFT</bank_type><is_subscribe>N</is_subscribe><openid>odbfdwQ1o8g49WKBONw4MX2Hq_4E</openid><trade_state>SUCCESS</trade_state><cash_fee>1</cash_fee><nonce_str>7a49bb6eea8f09bfe29656f171c8acbe</nonce_str><trade_type>NATIVE</trade_type><sign>BFE17443B2C59B2FEDE7863682232B7B</sign><time_end>20170226200321</time_end><return_code>SUCCESS</return_code><result_code>SUCCESS</result_code><mch_id>100000036258</mch_id><total_fee>1</total_fee><out_trade_no>10046</out_trade_no><fee_type>CNY</fee_type></xml>


执行日期：2017-02-26-21：00：09
【succsss】:
<xml><is_subscribe>N</is_subscribe><total_fee>1</total_fee><mch_id>100000036258</mch_id><sign>453782853045FAE1944165BE62A8F067</sign><out_trade_no>10041</out_trade_no><nonce_str>b0dd839c40c9f64b17ecd6c6e6e1d27c</nonce_str><cash_fee>1</cash_fee><transaction_id>4100000036258148811014000000009</transaction_id><return_code>SUCCESS</return_code><time_end>20170226195602</time_end><fee_type>CNY</fee_type><bank_type>CFT</bank_type><trade_type>NATIVE</trade_type><openid>odbfdwQ1o8g49WKBONw4MX2Hq_4E</openid><trade_state>SUCCESS</trade_state><result_code>SUCCESS</result_code></xml>


执行日期：2017-02-26-21：01：39
【succsss】:
<xml><mch_id>100000036258</mch_id><nonce_str>fa0fa6605c30f25ce12b04f8ce147431</nonce_str><trade_state>SUCCESS</trade_state><fee_type>CNY</fee_type><transaction_id>4100000036258148811022200000010</transaction_id><result_code>SUCCESS</result_code><cash_fee>1</cash_fee><time_end>20170226195728</time_end><total_fee>1</total_fee><is_subscribe>N</is_subscribe><sign>CEDEA5F2697F1B06E48055CB313BB227</sign><bank_type>CFT</bank_type><openid>odbfdwQ1o8g49WKBONw4MX2Hq_4E</openid><trade_type>NATIVE</trade_type><out_trade_no>10042</out_trade_no><return_code>SUCCESS</return_code></xml>


执行日期：2017-02-26-21：04：46
【succsss】:
<xml><nonce_str>41dd940258f3465c008362ee187f97eb</nonce_str><is_subscribe>N</is_subscribe><time_end>20170226200036</time_end><openid>odbfdwQ1o8g49WKBONw4MX2Hq_4E</openid><out_trade_no>10043</out_trade_no><result_code>SUCCESS</result_code><total_fee>1</total_fee><sign>D1F1210B7666C6BF0DC509DCEA2219C1</sign><trade_state>SUCCESS</trade_state><bank_type>CFT</bank_type><mch_id>100000036258</mch_id><return_code>SUCCESS</return_code><transaction_id>4100000036258148811042000000011</transaction_id><fee_type>CNY</fee_type><trade_type>NATIVE</trade_type><cash_fee>1</cash_fee></xml>


执行日期：2017-02-26-21：05：37
【succsss】:
<xml><cash_fee>1</cash_fee><fee_type>CNY</fee_type><out_trade_no>10044</out_trade_no><nonce_str>28311b4cbc7907ec81900c64c471b1fe</nonce_str><time_end>20170226200129</time_end><sign>DE351DFEC29406B229FA7C9222434AE4</sign><total_fee>1</total_fee><transaction_id>4100000036258148811047700000012</transaction_id><trade_type>NATIVE</trade_type><is_subscribe>N</is_subscribe><trade_state>SUCCESS</trade_state><openid>odbfdwQ1o8g49WKBONw4MX2Hq_4E</openid><result_code>SUCCESS</result_code><mch_id>100000036258</mch_id><return_code>SUCCESS</return_code><bank_type>CFT</bank_type></xml>


执行日期：2017-02-26-21：06：49
【succsss】:
<xml><fee_type>CNY</fee_type><total_fee>1</total_fee><trade_state>SUCCESS</trade_state><is_subscribe>N</is_subscribe><openid>odbfdwQ1o8g49WKBONw4MX2Hq_4E</openid><sign>EF95C51ED0E4B28846CF6CFF1A68B34B</sign><transaction_id>4100000036258148811055000000013</transaction_id><mch_id>100000036258</mch_id><trade_type>NATIVE</trade_type><cash_fee>1</cash_fee><return_code>SUCCESS</return_code><time_end>20170226200243</time_end><bank_type>CFT</bank_type><result_code>SUCCESS</result_code><out_trade_no>10045</out_trade_no><nonce_str>f9ab042cb7709b8be81e93bc0eaee0b7</nonce_str></xml>


执行日期：2017-02-26-21：07：28
【succsss】:
<xml><out_trade_no>10046</out_trade_no><fee_type>CNY</fee_type><bank_type>CFT</bank_type><trade_type>NATIVE</trade_type><is_subscribe>N</is_subscribe><nonce_str>7a49bb6eea8f09bfe29656f171c8acbe</nonce_str><transaction_id>4100000036258148811058800000014</transaction_id><cash_fee>1</cash_fee><mch_id>100000036258</mch_id><return_code>SUCCESS</return_code><trade_state>SUCCESS</trade_state><total_fee>1</total_fee><result_code>SUCCESS</result_code><time_end>20170226200321</time_end><openid>odbfdwQ1o8g49WKBONw4MX2Hq_4E</openid><sign>BFE17443B2C59B2FEDE7863682232B7B</sign></xml>


执行日期：2017-02-26-21：30：12
【succsss】:
<xml><trade_state>SUCCESS</trade_state><out_trade_no>10041</out_trade_no><cash_fee>1</cash_fee><transaction_id>4100000036258148811014000000009</transaction_id><is_subscribe>N</is_subscribe><return_code>SUCCESS</return_code><openid>odbfdwQ1o8g49WKBONw4MX2Hq_4E</openid><fee_type>CNY</fee_type><nonce_str>b0dd839c40c9f64b17ecd6c6e6e1d27c</nonce_str><mch_id>100000036258</mch_id><bank_type>CFT</bank_type><result_code>SUCCESS</result_code><time_end>20170226195602</time_end><total_fee>1</total_fee><sign>453782853045FAE1944165BE62A8F067</sign><trade_type>NATIVE</trade_type></xml>


执行日期：2017-02-26-21：31：42
【succsss】:
<xml><cash_fee>1</cash_fee><openid>odbfdwQ1o8g49WKBONw4MX2Hq_4E</openid><trade_state>SUCCESS</trade_state><total_fee>1</total_fee><out_trade_no>10042</out_trade_no><result_code>SUCCESS</result_code><sign>CEDEA5F2697F1B06E48055CB313BB227</sign><trade_type>NATIVE</trade_type><nonce_str>fa0fa6605c30f25ce12b04f8ce147431</nonce_str><time_end>20170226195728</time_end><mch_id>100000036258</mch_id><return_code>SUCCESS</return_code><fee_type>CNY</fee_type><bank_type>CFT</bank_type><transaction_id>4100000036258148811022200000010</transaction_id><is_subscribe>N</is_subscribe></xml>


执行日期：2017-02-26-21：34：48
【succsss】:
<xml><trade_state>SUCCESS</trade_state><is_subscribe>N</is_subscribe><out_trade_no>10043</out_trade_no><time_end>20170226200036</time_end><result_code>SUCCESS</result_code><openid>odbfdwQ1o8g49WKBONw4MX2Hq_4E</openid><trade_type>NATIVE</trade_type><fee_type>CNY</fee_type><return_code>SUCCESS</return_code><sign>D1F1210B7666C6BF0DC509DCEA2219C1</sign><bank_type>CFT</bank_type><total_fee>1</total_fee><transaction_id>4100000036258148811042000000011</transaction_id><nonce_str>41dd940258f3465c008362ee187f97eb</nonce_str><mch_id>100000036258</mch_id><cash_fee>1</cash_fee></xml>


执行日期：2017-02-26-21：35：39
【succsss】:
<xml><total_fee>1</total_fee><sign>DE351DFEC29406B229FA7C9222434AE4</sign><nonce_str>28311b4cbc7907ec81900c64c471b1fe</nonce_str><out_trade_no>10044</out_trade_no><result_code>SUCCESS</result_code><mch_id>100000036258</mch_id><bank_type>CFT</bank_type><is_subscribe>N</is_subscribe><return_code>SUCCESS</return_code><trade_type>NATIVE</trade_type><fee_type>CNY</fee_type><openid>odbfdwQ1o8g49WKBONw4MX2Hq_4E</openid><time_end>20170226200129</time_end><transaction_id>4100000036258148811047700000012</transaction_id><trade_state>SUCCESS</trade_state><cash_fee>1</cash_fee></xml>


执行日期：2017-02-26-21：36：52
【succsss】:
<xml><bank_type>CFT</bank_type><is_subscribe>N</is_subscribe><out_trade_no>10045</out_trade_no><openid>odbfdwQ1o8g49WKBONw4MX2Hq_4E</openid><cash_fee>1</cash_fee><mch_id>100000036258</mch_id><result_code>SUCCESS</result_code><transaction_id>4100000036258148811055000000013</transaction_id><trade_type>NATIVE</trade_type><nonce_str>f9ab042cb7709b8be81e93bc0eaee0b7</nonce_str><fee_type>CNY</fee_type><total_fee>1</total_fee><trade_state>SUCCESS</trade_state><sign>EF95C51ED0E4B28846CF6CFF1A68B34B</sign><return_code>SUCCESS</return_code><time_end>20170226200243</time_end></xml>


执行日期：2017-02-26-21：37：31
【succsss】:
<xml><transaction_id>4100000036258148811058800000014</transaction_id><fee_type>CNY</fee_type><trade_type>NATIVE</trade_type><result_code>SUCCESS</result_code><total_fee>1</total_fee><trade_state>SUCCESS</trade_state><is_subscribe>N</is_subscribe><bank_type>CFT</bank_type><nonce_str>7a49bb6eea8f09bfe29656f171c8acbe</nonce_str><return_code>SUCCESS</return_code><out_trade_no>10046</out_trade_no><openid>odbfdwQ1o8g49WKBONw4MX2Hq_4E</openid><time_end>20170226200321</time_end><mch_id>100000036258</mch_id><cash_fee>1</cash_fee><sign>BFE17443B2C59B2FEDE7863682232B7B</sign></xml>


执行日期：2017-02-28-22：25：00
【succsss】:
<xml><is_subscribe>N</is_subscribe><trade_state>SUCCESS</trade_state><total_fee>1</total_fee><out_trade_no>cgwx10053</out_trade_no><sign>B24D82371897052352E84EDAFBC82471</sign><mch_id>100000036258</mch_id><trade_type>NATIVE</trade_type><nonce_str>26c2225a9cf6fc2c5c1d88a9fb57734c</nonce_str><openid>odbfdwQ1o8g49WKBONw4MX2Hq_4E</openid><return_code>SUCCESS</return_code><fee_type>CNY</fee_type><bank_type>CFT</bank_type><result_code>SUCCESS</result_code><time_end>20170228222500</time_end><transaction_id>4100000036258148829188200000012</transaction_id><cash_fee>1</cash_fee></xml>


执行日期：2017-02-28-22：25：05
【succsss】:
<xml><nonce_str>26c2225a9cf6fc2c5c1d88a9fb57734c</nonce_str><fee_type>CNY</fee_type><cash_fee>1</cash_fee><total_fee>1</total_fee><trade_state>SUCCESS</trade_state><result_code>SUCCESS</result_code><trade_type>NATIVE</trade_type><transaction_id>4100000036258148829188200000012</transaction_id><sign>B24D82371897052352E84EDAFBC82471</sign><out_trade_no>cgwx10053</out_trade_no><time_end>20170228222500</time_end><is_subscribe>N</is_subscribe><return_code>SUCCESS</return_code><bank_type>CFT</bank_type><openid>odbfdwQ1o8g49WKBONw4MX2Hq_4E</openid><mch_id>100000036258</mch_id></xml>


执行日期：2017-02-28-22：25：11
【succsss】:
<xml><cash_fee>1</cash_fee><fee_type>CNY</fee_type><is_subscribe>N</is_subscribe><transaction_id>4100000036258148829188200000012</transaction_id><sign>B24D82371897052352E84EDAFBC82471</sign><out_trade_no>cgwx10053</out_trade_no><total_fee>1</total_fee><result_code>SUCCESS</result_code><nonce_str>26c2225a9cf6fc2c5c1d88a9fb57734c</nonce_str><mch_id>100000036258</mch_id><trade_type>NATIVE</trade_type><trade_state>SUCCESS</trade_state><bank_type>CFT</bank_type><return_code>SUCCESS</return_code><openid>odbfdwQ1o8g49WKBONw4MX2Hq_4E</openid><time_end>20170228222500</time_end></xml>


执行日期：2017-02-28-22：25：29
【succsss】:
<xml><time_end>20170228222500</time_end><result_code>SUCCESS</result_code><is_subscribe>N</is_subscribe><fee_type>CNY</fee_type><sign>B24D82371897052352E84EDAFBC82471</sign><trade_type>NATIVE</trade_type><out_trade_no>cgwx10053</out_trade_no><trade_state>SUCCESS</trade_state><bank_type>CFT</bank_type><cash_fee>1</cash_fee><return_code>SUCCESS</return_code><mch_id>100000036258</mch_id><nonce_str>26c2225a9cf6fc2c5c1d88a9fb57734c</nonce_str><total_fee>1</total_fee><openid>odbfdwQ1o8g49WKBONw4MX2Hq_4E</openid><transaction_id>4100000036258148829188200000012</transaction_id></xml>


执行日期：2017-02-28-22：26：02
【succsss】:
<xml><time_end>20170228222500</time_end><openid>odbfdwQ1o8g49WKBONw4MX2Hq_4E</openid><return_code>SUCCESS</return_code><nonce_str>26c2225a9cf6fc2c5c1d88a9fb57734c</nonce_str><mch_id>100000036258</mch_id><cash_fee>1</cash_fee><fee_type>CNY</fee_type><trade_type>NATIVE</trade_type><is_subscribe>N</is_subscribe><result_code>SUCCESS</result_code><total_fee>1</total_fee><bank_type>CFT</bank_type><transaction_id>4100000036258148829188200000012</transaction_id><out_trade_no>cgwx10053</out_trade_no><trade_state>SUCCESS</trade_state><sign>B24D82371897052352E84EDAFBC82471</sign></xml>


执行日期：2017-02-28-22：29：06
【succsss】:
<xml><cash_fee>1</cash_fee><trade_state>SUCCESS</trade_state><trade_type>NATIVE</trade_type><nonce_str>26c2225a9cf6fc2c5c1d88a9fb57734c</nonce_str><out_trade_no>cgwx10053</out_trade_no><mch_id>100000036258</mch_id><time_end>20170228222500</time_end><sign>B24D82371897052352E84EDAFBC82471</sign><is_subscribe>N</is_subscribe><return_code>SUCCESS</return_code><fee_type>CNY</fee_type><openid>odbfdwQ1o8g49WKBONw4MX2Hq_4E</openid><total_fee>1</total_fee><bank_type>CFT</bank_type><result_code>SUCCESS</result_code><transaction_id>4100000036258148829188200000012</transaction_id></xml>


执行日期：2017-02-28-22：59：08
【succsss】:
<xml><out_trade_no>cgwx10053</out_trade_no><bank_type>CFT</bank_type><trade_type>NATIVE</trade_type><mch_id>100000036258</mch_id><sign>B24D82371897052352E84EDAFBC82471</sign><cash_fee>1</cash_fee><return_code>SUCCESS</return_code><trade_state>SUCCESS</trade_state><transaction_id>4100000036258148829188200000012</transaction_id><fee_type>CNY</fee_type><openid>odbfdwQ1o8g49WKBONw4MX2Hq_4E</openid><result_code>SUCCESS</result_code><total_fee>1</total_fee><is_subscribe>N</is_subscribe><nonce_str>26c2225a9cf6fc2c5c1d88a9fb57734c</nonce_str><time_end>20170228222500</time_end></xml>


执行日期：2017-02-28-23：29：12
【succsss】:
<xml><return_code>SUCCESS</return_code><time_end>20170228222500</time_end><fee_type>CNY</fee_type><is_subscribe>N</is_subscribe><trade_type>NATIVE</trade_type><nonce_str>26c2225a9cf6fc2c5c1d88a9fb57734c</nonce_str><total_fee>1</total_fee><transaction_id>4100000036258148829188200000012</transaction_id><trade_state>SUCCESS</trade_state><sign>B24D82371897052352E84EDAFBC82471</sign><mch_id>100000036258</mch_id><out_trade_no>cgwx10053</out_trade_no><cash_fee>1</cash_fee><bank_type>CFT</bank_type><result_code>SUCCESS</result_code><openid>odbfdwQ1o8g49WKBONw4MX2Hq_4E</openid></xml>


执行日期：2017-02-28-23：59：14
【succsss】:
<xml><bank_type>CFT</bank_type><openid>odbfdwQ1o8g49WKBONw4MX2Hq_4E</openid><fee_type>CNY</fee_type><transaction_id>4100000036258148829188200000012</transaction_id><time_end>20170228222500</time_end><cash_fee>1</cash_fee><mch_id>100000036258</mch_id><out_trade_no>cgwx10053</out_trade_no><total_fee>1</total_fee><sign>B24D82371897052352E84EDAFBC82471</sign><result_code>SUCCESS</result_code><is_subscribe>N</is_subscribe><nonce_str>26c2225a9cf6fc2c5c1d88a9fb57734c</nonce_str><return_code>SUCCESS</return_code><trade_state>SUCCESS</trade_state><trade_type>NATIVE</trade_type></xml>


